Using pre-set license
Built from '2021.3/staging' branch; Version is '2021.3.11f1 (0a5ca18544bf) revision 679073'; Using compiler version '192829333'; Build Type 'Release'
OS: 'Windows 11  (10.0.22000) 64bit CoreSingleLanguage' Language: 'ru' Physical Memory: 15741 MB
BatchMode: 1, IsHumanControllingUs: 0, StartBugReporterOnCrash: 0, Is64bit: 1, IsPro: 1

COMMAND LINE ARGUMENTS:
D:\Unity\2021.3.11f1\Editor\Unity.exe
-adb2
-batchMode
-noUpm
-name
AssetImportWorker12
-projectPath
D:/UnityGames/WizardsAdventure/WizardsAdventure
-logFile
Logs/AssetImportWorker12.log
-srvPort
59558
Successfully changed project path to: D:/UnityGames/WizardsAdventure/WizardsAdventure
D:/UnityGames/WizardsAdventure/WizardsAdventure
[UnityMemory] Configuration Parameters - Can be set up in boot.config
    "memorysetup-bucket-allocator-granularity=16"
    "memorysetup-bucket-allocator-bucket-count=8"
    "memorysetup-bucket-allocator-block-size=33554432"
    "memorysetup-bucket-allocator-block-count=8"
    "memorysetup-main-allocator-block-size=16777216"
    "memorysetup-thread-allocator-block-size=16777216"
    "memorysetup-gfx-main-allocator-block-size=16777216"
    "memorysetup-gfx-thread-allocator-block-size=16777216"
    "memorysetup-cache-allocator-block-size=4194304"
    "memorysetup-typetree-allocator-block-size=2097152"
    "memorysetup-profiler-bucket-allocator-granularity=16"
    "memorysetup-profiler-bucket-allocator-bucket-count=8"
    "memorysetup-profiler-bucket-allocator-block-size=33554432"
    "memorysetup-profiler-bucket-allocator-block-count=8"
    "memorysetup-profiler-allocator-block-size=16777216"
    "memorysetup-profiler-editor-allocator-block-size=1048576"
    "memorysetup-temp-allocator-size-main=16777216"
    "memorysetup-job-temp-allocator-block-size=2097152"
    "memorysetup-job-temp-allocator-block-size-background=1048576"
    "memorysetup-job-temp-allocator-reduction-small-platforms=262144"
    "memorysetup-temp-allocator-size-background-worker=32768"
    "memorysetup-temp-allocator-size-job-worker=262144"
    "memorysetup-temp-allocator-size-preload-manager=33554432"
    "memorysetup-temp-allocator-size-nav-mesh-worker=65536"
    "memorysetup-temp-allocator-size-audio-worker=65536"
    "memorysetup-temp-allocator-size-cloud-worker=32768"
    "memorysetup-temp-allocator-size-gi-baking-worker=262144"
    "memorysetup-temp-allocator-size-gfx=262144"
Refreshing native plugins compatible for Editor in 134.92 ms, found 3 plugins.
Preloading 0 native plugins for Editor in 0.00 ms.
Initialize engine version: 2021.3.11f1 (0a5ca18544bf)
[Subsystems] Discovering subsystems at path D:/Unity/2021.3.11f1/Editor/Data/Resources/UnitySubsystems
[Subsystems] Discovering subsystems at path D:/UnityGames/WizardsAdventure/WizardsAdventure/Assets
GfxDevice: creating device client; threaded=0; jobified=0
Direct3D:
    Version:  Direct3D 11.0 [level 11.1]
    Renderer: AMD Radeon(TM) Graphics (ID=0x1636)
    Vendor:   ATI
    VRAM:     7870 MB
    Driver:   27.20.11032.1001
Initialize mono
Mono path[0] = 'D:/Unity/2021.3.11f1/Editor/Data/Managed'
Mono path[1] = 'D:/Unity/2021.3.11f1/Editor/Data/MonoBleedingEdge/lib/mono/unityjit-win32'
Mono config path = 'D:/Unity/2021.3.11f1/Editor/Data/MonoBleedingEdge/etc'
Using monoOptions --debugger-agent=transport=dt_socket,embedding=1,server=y,suspend=n,address=127.0.0.1:56052
Begin MonoManager ReloadAssembly
Registering precompiled unity dll's ...
Register platform support module: D:/Unity/2021.3.11f1/Editor/Data/PlaybackEngines/WindowsStandaloneSupport/UnityEditor.WindowsStandalone.Extensions.dll
Registered in 0.002479 seconds.
Native extension for WindowsStandalone target not found
Refreshing native plugins compatible for Editor in 159.58 ms, found 3 plugins.
Preloading 0 native plugins for Editor in 0.00 ms.
Mono: successfully reloaded assembly
- Completed reload, in  0.871 seconds
Domain Reload Profiling:
	ReloadAssembly (872ms)
		BeginReloadAssembly (112ms)
			ExecutionOrderSort (0ms)
			DisableScriptedObjects (0ms)
			BackupInstance (0ms)
			ReleaseScriptingObjects (0ms)
			CreateAndSetChildDomain (1ms)
		EndReloadAssembly (624ms)
			LoadAssemblies (110ms)
			RebuildTransferFunctionScriptingTraits (0ms)
			SetupTypeCache (137ms)
			ReleaseScriptCaches (0ms)
			RebuildScriptCaches (30ms)
			SetupLoadedEditorAssemblies (385ms)
				LogAssemblyErrors (0ms)
				InitializePlatformSupportModulesInManaged (10ms)
				SetLoadedEditorAssemblies (1ms)
				RefreshPlugins (160ms)
				BeforeProcessingInitializeOnLoad (2ms)
				ProcessInitializeOnLoadAttributes (153ms)
				ProcessInitializeOnLoadMethodAttributes (59ms)
				AfterProcessingInitializeOnLoad (0ms)
				EditorAssembliesLoaded (0ms)
			ExecutionOrderSort2 (0ms)
			AwakeInstancesAfterBackupRestoration (0ms)
Platform modules already initialized, skipping
Registering precompiled user dll's ...
Registered in 0.005179 seconds.
Begin MonoManager ReloadAssembly
Symbol file data-00000201601FF050 doesn't match image D:\UnityGames\WizardsAdventure\WizardsAdventure\Library\ScriptAssemblies\Unity.VisualScripting.Flow.Editor.dll
Symbol file LoadedFromMemory is not a mono symbol file
Symbol file data-000002015FC20030 doesn't match image D:\UnityGames\WizardsAdventure\WizardsAdventure\Library\ScriptAssemblies\Unity.VSCode.Editor.dll
Symbol file LoadedFromMemory is not a mono symbol file
Symbol file data-000002015FE6B830 doesn't match image D:\UnityGames\WizardsAdventure\WizardsAdventure\Library\ScriptAssemblies\Unity.TextMeshPro.Editor.dll
Symbol file LoadedFromMemory is not a mono symbol file
Symbol file data-000002015FE6B830 doesn't match image D:\UnityGames\WizardsAdventure\WizardsAdventure\Library\ScriptAssemblies\Unity.Services.Core.Telemetry.dll
Symbol file LoadedFromMemory is not a mono symbol file
Symbol file data-0000020160212670 doesn't match image D:\UnityGames\WizardsAdventure\WizardsAdventure\Library\ScriptAssemblies\Unity.Performance.Profile-Analyzer.Editor.dll
Symbol file LoadedFromMemory is not a mono symbol file
Symbol file data-000002015FCF8C30 doesn't match image D:\UnityGames\WizardsAdventure\WizardsAdventure\Library\ScriptAssemblies\Unity.TestTools.CodeCoverage.Editor.OpenCover.Model.dll
Symbol file LoadedFromMemory is not a mono symbol file
Symbol file data-000002015FCF8C30 doesn't match image D:\UnityGames\WizardsAdventure\WizardsAdventure\Library\ScriptAssemblies\Unity.VisualStudio.Editor.dll
Symbol file LoadedFromMemory is not a mono symbol file
Symbol file data-000002015FCF8C30 doesn't match image D:\UnityGames\WizardsAdventure\WizardsAdventure\Library\ScriptAssemblies\UnityEngine.TestRunner.dll
Symbol file LoadedFromMemory is not a mono symbol file
Symbol file data-000002015F504C20 doesn't match image D:\UnityGames\WizardsAdventure\WizardsAdventure\Library\ScriptAssemblies\Unity.Timeline.dll
Symbol file LoadedFromMemory is not a mono symbol file
Symbol file data-000002015DB43010 doesn't match image D:\UnityGames\WizardsAdventure\WizardsAdventure\Library\ScriptAssemblies\Unity.VisualScripting.Core.Editor.dll
Symbol file LoadedFromMemory is not a mono symbol file
Symbol file data-000002015F504C20 doesn't match image D:\UnityGames\WizardsAdventure\WizardsAdventure\Library\ScriptAssemblies\Unity.TextMeshPro.dll
Symbol file LoadedFromMemory is not a mono symbol file
Symbol file data-000002015FCF8C30 doesn't match image D:\UnityGames\WizardsAdventure\WizardsAdventure\Library\ScriptAssemblies\Unity.VisualScripting.State.Editor.dll
Symbol file LoadedFromMemory is not a mono symbol file
Symbol file data-000002015F51A030 doesn't match image D:\UnityGames\WizardsAdventure\WizardsAdventure\Library\ScriptAssemblies\UnityEditor.TestRunner.dll
Symbol file LoadedFromMemory is not a mono symbol file
Symbol file data-000002015DDCDFA0 doesn't match image D:\UnityGames\WizardsAdventure\WizardsAdventure\Library\ScriptAssemblies\Unity.Services.Core.Networking.dll
Symbol file LoadedFromMemory is not a mono symbol file
Symbol file data-000002015DDCDFA0 doesn't match image D:\UnityGames\WizardsAdventure\WizardsAdventure\Library\ScriptAssemblies\Unity.VisualScripting.SettingsProvider.Editor.dll
Symbol file LoadedFromMemory is not a mono symbol file
Symbol file data-000002015F51A030 doesn't match image D:\UnityGames\WizardsAdventure\WizardsAdventure\Library\ScriptAssemblies\Unity.2D.Sprite.Editor.dll
Symbol file LoadedFromMemory is not a mono symbol file
Symbol file data-000002015DDCDFA0 doesn't match image D:\UnityGames\WizardsAdventure\WizardsAdventure\Library\ScriptAssemblies\Unity.TestTools.CodeCoverage.Editor.OpenCover.Mono.Reflection.dll
Symbol file LoadedFromMemory is not a mono symbol file
Symbol file data-000002015FC63A20 doesn't match image D:\UnityGames\WizardsAdventure\WizardsAdventure\Library\ScriptAssemblies\Unity.VisualScripting.Flow.dll
Symbol file LoadedFromMemory is not a mono symbol file
Symbol file data-000002015F51A030 doesn't match image D:\UnityGames\WizardsAdventure\WizardsAdventure\Library\ScriptAssemblies\UnityEditor.UI.dll
Symbol file LoadedFromMemory is not a mono symbol file
Symbol file data-000002015DD0D170 doesn't match image D:\UnityGames\WizardsAdventure\WizardsAdventure\Library\ScriptAssemblies\Unity.PlasticSCM.Editor.dll
Symbol file LoadedFromMemory is not a mono symbol file
Symbol file data-000002015F52CC40 doesn't match image D:\UnityGames\WizardsAdventure\WizardsAdventure\Library\ScriptAssemblies\Unity.Rider.Editor.dll
Symbol file LoadedFromMemory is not a mono symbol file
Symbol file data-000002015F52CC40 doesn't match image D:\UnityGames\WizardsAdventure\WizardsAdventure\Library\ScriptAssemblies\Unity.Services.Core.Internal.dll
Symbol file LoadedFromMemory is not a mono symbol file
Symbol file data-000002015DD4A380 doesn't match image D:\UnityGames\WizardsAdventure\WizardsAdventure\Library\ScriptAssemblies\UnityEngine.UI.dll
Symbol file LoadedFromMemory is not a mono symbol file
Symbol file data-000002015DDCDFA0 doesn't match image D:\UnityGames\WizardsAdventure\WizardsAdventure\Library\ScriptAssemblies\Unity.Services.Core.Configuration.dll
Symbol file LoadedFromMemory is not a mono symbol file
Symbol file data-000002015DDCDFA0 doesn't match image D:\UnityGames\WizardsAdventure\WizardsAdventure\Library\ScriptAssemblies\Unity.Services.Core.dll
Symbol file LoadedFromMemory is not a mono symbol file
Symbol file data-000002015D315010 doesn't match image D:\UnityGames\WizardsAdventure\WizardsAdventure\Library\ScriptAssemblies\Unity.VisualScripting.Core.dll
Symbol file LoadedFromMemory is not a mono symbol file
Symbol file data-000002015C7FF030 doesn't match image D:\UnityGames\WizardsAdventure\WizardsAdventure\Library\ScriptAssemblies\Unity.EditorCoroutines.Editor.dll
Symbol file LoadedFromMemory is not a mono symbol file
Symbol file data-000002015F52CC40 doesn't match image D:\UnityGames\WizardsAdventure\WizardsAdventure\Library\ScriptAssemblies\Unity.Services.Core.Editor.dll
Symbol file LoadedFromMemory is not a mono symbol file
Symbol file data-000002015DDCDFA0 doesn't match image D:\UnityGames\WizardsAdventure\WizardsAdventure\Library\ScriptAssemblies\Unity.Services.Core.Configuration.Editor.dll
Symbol file LoadedFromMemory is not a mono symbol file
Symbol file data-000002015C7FF030 doesn't match image D:\UnityGames\WizardsAdventure\WizardsAdventure\Library\ScriptAssemblies\Unity.Services.Core.Analytics.dll
Symbol file LoadedFromMemory is not a mono symbol file
Symbol file data-000002015DDCDFA0 doesn't match image D:\UnityGames\WizardsAdventure\WizardsAdventure\Library\ScriptAssemblies\Unity.Services.Core.Registration.dll
Symbol file LoadedFromMemory is not a mono symbol file
Symbol file data-000002015DDCDFA0 doesn't match image D:\UnityGames\WizardsAdventure\WizardsAdventure\Library\ScriptAssemblies\Unity.VisualScripting.Shared.Editor.dll
Symbol file LoadedFromMemory is not a mono symbol file
Symbol file data-000002015DDCDFA0 doesn't match image D:\UnityGames\WizardsAdventure\WizardsAdventure\Library\ScriptAssemblies\Unity.Services.Core.Environments.dll
Symbol file LoadedFromMemory is not a mono symbol file
Symbol file data-000002015FF1D230 doesn't match image D:\UnityGames\WizardsAdventure\WizardsAdventure\Library\ScriptAssemblies\Unity.Settings.Editor.dll
Symbol file LoadedFromMemory is not a mono symbol file
Symbol file data-000002015FD03280 doesn't match image D:\UnityGames\WizardsAdventure\WizardsAdventure\Library\ScriptAssemblies\Unity.Services.Core.Scheduler.dll
Symbol file LoadedFromMemory is not a mono symbol file
Symbol file data-000002015FD03280 doesn't match image D:\UnityGames\WizardsAdventure\WizardsAdventure\Library\ScriptAssemblies\Unity.Services.Core.Environments.Internal.dll
Symbol file LoadedFromMemory is not a mono symbol file
Symbol file data-000002015D315010 doesn't match image D:\UnityGames\WizardsAdventure\WizardsAdventure\Library\ScriptAssemblies\Unity.Timeline.Editor.dll
Symbol file LoadedFromMemory is not a mono symbol file
Symbol file data-000002015DCFB030 doesn't match image D:\UnityGames\WizardsAdventure\WizardsAdventure\Library\ScriptAssemblies\Unity.CollabProxy.Editor.dll
Symbol file LoadedFromMemory is not a mono symbol file
Symbol file data-000002015F874A40 doesn't match image D:\UnityGames\WizardsAdventure\WizardsAdventure\Library\ScriptAssemblies\Unity.Services.Core.Threading.dll
Symbol file LoadedFromMemory is not a mono symbol file
Symbol file data-000002015D95F280 doesn't match image D:\UnityGames\WizardsAdventure\WizardsAdventure\Library\ScriptAssemblies\Unity.TestTools.CodeCoverage.Editor.dll
Symbol file LoadedFromMemory is not a mono symbol file
Symbol file data-000002015D965C90 doesn't match image D:\UnityGames\WizardsAdventure\WizardsAdventure\Library\ScriptAssemblies\Unity.VisualScripting.State.dll
Symbol file LoadedFromMemory is not a mono symbol file
Symbol file data-000002015DD71FA0 doesn't match image D:\UnityGames\WizardsAdventure\WizardsAdventure\Library\ScriptAssemblies\Unity.Services.Core.Device.dll
Symbol file LoadedFromMemory is not a mono symbol file
Symbol file LoadedFromMemory doesn't match image D:\UnityGames\WizardsAdventure\WizardsAdventure\Library\PackageCache\com.unity.visualscripting@1.7.8\Editor\VisualScripting.Core\Dependencies\YamlDotNet\Unity.VisualScripting.YamlDotNet.dll
Symbol file LoadedFromMemory doesn't match image D:\UnityGames\WizardsAdventure\WizardsAdventure\Library\PackageCache\com.unity.visualscripting@1.7.8\Editor\VisualScripting.Core\Dependencies\DotNetZip\Unity.VisualScripting.IonicZip.dll
Native extension for WindowsStandalone target not found
Refreshing native plugins compatible for Editor in 1.42 ms, found 3 plugins.
Preloading 0 native plugins for Editor in 0.00 ms.
Mono: successfully reloaded assembly
- Completed reload, in  1.232 seconds
Domain Reload Profiling:
	ReloadAssembly (1233ms)
		BeginReloadAssembly (100ms)
			ExecutionOrderSort (0ms)
			DisableScriptedObjects (6ms)
			BackupInstance (0ms)
			ReleaseScriptingObjects (0ms)
			CreateAndSetChildDomain (19ms)
		EndReloadAssembly (1028ms)
			LoadAssemblies (75ms)
			RebuildTransferFunctionScriptingTraits (0ms)
			SetupTypeCache (265ms)
			ReleaseScriptCaches (1ms)
			RebuildScriptCaches (57ms)
			SetupLoadedEditorAssemblies (592ms)
				LogAssemblyErrors (0ms)
				InitializePlatformSupportModulesInManaged (4ms)
				SetLoadedEditorAssemblies (0ms)
				RefreshPlugins (2ms)
				BeforeProcessingInitializeOnLoad (102ms)
				ProcessInitializeOnLoadAttributes (380ms)
				ProcessInitializeOnLoadMethodAttributes (101ms)
				AfterProcessingInitializeOnLoad (3ms)
				EditorAssembliesLoaded (0ms)
			ExecutionOrderSort2 (0ms)
			AwakeInstancesAfterBackupRestoration (7ms)
Platform modules already initialized, skipping
========================================================================
Worker process is ready to serve import requests
Launched and connected shader compiler UnityShaderCompiler.exe after 0.05 seconds
Refreshing native plugins compatible for Editor in 1.28 ms, found 3 plugins.
Preloading 0 native plugins for Editor in 0.00 ms.
Unloading 4263 Unused Serialized files (Serialized files now loaded: 0)
Unloading 28 unused Assets / (66.6 MB). Loaded Objects now: 4770.
Memory consumption went from 376.1 MB to 309.5 MB.
Total: 6.947000 ms (FindLiveObjects: 0.507200 ms CreateObjectMapping: 0.245200 ms MarkObjects: 3.199100 ms  DeleteObjects: 2.993100 ms)

AssetImportParameters requested are different than current active one (requested -> active):
  custom:video-decoder-ogg-theora: a1e56fd34408186e4bbccfd4996cb3dc -> 
  custom:container-muxer-webm: aa71ff27fc2769a1b78a27578f13a17b -> 
  custom:container-demuxer-webm: 4f35f7cbe854078d1ac9338744f61a02 -> 
  custom:video-encoder-webm-vp8: eb34c28f22e8b96e1ab97ce403110664 -> 
  custom:video-codec-MediaFoundation-h265: 746d11721c4dcdbdad8f713fa42b33f4 -> 
  custom:audio-encoder-webm-vorbis: bf7c407c2cedff20999df2af8eb42d56 -> 
  custom:framework-win-MediaFoundation: 216162199b28c13a410421893ffa2e32 -> 
  custom:container-demuxer-ogg: 62fdf1f143b41e24485cea50d1cbac27 -> 
  custom:video-decoder-webm-vp8: 9c59270c3fd7afecdb556c50c9e8de78 -> 
  custom:audio-decoder-ogg-vorbis: bf7c407c2cedff20999df2af8eb42d56 -> 
========================================================================
Received Import Request.
  Time since last request: 178466.779309 seconds.
  path: Assets/Packages/GUI Kit Casual Game/ResourcesData/Sprite/Common/top_btn_icon_exit.png
  artifactKey: Guid(2350fdbe01c4d42649eaf2b3259e2021) Importer(815301076,1909f56bfc062723c751e8b465ee728b)
Start importing Assets/Packages/GUI Kit Casual Game/ResourcesData/Sprite/Common/top_btn_icon_exit.png using Guid(2350fdbe01c4d42649eaf2b3259e2021) Importer(815301076,1909f56bfc062723c751e8b465ee728b)  -> (artifact id: '13a063cbd89e9e6e040df913ae000fe2') in 0.130778 seconds 
========================================================================
Received Import Request.
  Time since last request: 0.000035 seconds.
  path: Assets/Packages/GUI Kit Casual Game/ResourcesData/Sprite/Play/user_profile_empty.png
  artifactKey: Guid(6a6d038084c3b41f2986f29ef2206570) Importer(815301076,1909f56bfc062723c751e8b465ee728b)
Start importing Assets/Packages/GUI Kit Casual Game/ResourcesData/Sprite/Play/user_profile_empty.png using Guid(6a6d038084c3b41f2986f29ef2206570) Importer(815301076,1909f56bfc062723c751e8b465ee728b)  -> (artifact id: 'a9dedfb649cfbaee96f7b27a986c05cc') in 0.020668 seconds 
========================================================================
Received Import Request.
  Time since last request: 0.000044 seconds.
  path: Assets/Packages/GUI Kit Casual Game/ResourcesData/Sprite/Common/top_status_icon_gem.png
  artifactKey: Guid(6d034811652a84633bc8c63d22ce5574) Importer(815301076,1909f56bfc062723c751e8b465ee728b)
Start importing Assets/Packages/GUI Kit Casual Game/ResourcesData/Sprite/Common/top_status_icon_gem.png using Guid(6d034811652a84633bc8c63d22ce5574) Importer(815301076,1909f56bfc062723c751e8b465ee728b)  -> (artifact id: '16738efd7f818abb94cf75e6d7d40648') in 0.015832 seconds 
========================================================================
Received Import Request.
  Time since last request: 0.000045 seconds.
  path: Assets/Packages/GUI Kit Casual Game/ResourcesData/Sprite/Popup/txt_field_icon_pw_1.png
  artifactKey: Guid(c5844f8c6c02e47e58a3f8b122e58a59) Importer(815301076,1909f56bfc062723c751e8b465ee728b)
Start importing Assets/Packages/GUI Kit Casual Game/ResourcesData/Sprite/Popup/txt_field_icon_pw_1.png using Guid(c5844f8c6c02e47e58a3f8b122e58a59) Importer(815301076,1909f56bfc062723c751e8b465ee728b)  -> (artifact id: 'e096159bae24cebe4a7a855504d2b5f2') in 0.015415 seconds 
========================================================================
Received Import Request.
  Time since last request: 0.000101 seconds.
  path: Assets/Packages/GUI Kit Casual Game/ResourcesData/Sprite/PlayBattle_VS/vs_character_shadow_blue.png
  artifactKey: Guid(c601b7c22cd154c75af02188245414f0) Importer(815301076,1909f56bfc062723c751e8b465ee728b)
Start importing Assets/Packages/GUI Kit Casual Game/ResourcesData/Sprite/PlayBattle_VS/vs_character_shadow_blue.png using Guid(c601b7c22cd154c75af02188245414f0) Importer(815301076,1909f56bfc062723c751e8b465ee728b)  -> (artifact id: '8f7dc45ac29b746640e1a6fe0cba5658') in 0.017054 seconds 
========================================================================
Received Import Request.
  Time since last request: 0.000023 seconds.
  path: Assets/Packages/GUI Kit Casual Game/ResourcesData/Sprite/PlayBattle_VS/vs_character_shadow_green.png
  artifactKey: Guid(c07684e29b48d4467b4cbc26388dfa98) Importer(815301076,1909f56bfc062723c751e8b465ee728b)
Start importing Assets/Packages/GUI Kit Casual Game/ResourcesData/Sprite/PlayBattle_VS/vs_character_shadow_green.png using Guid(c07684e29b48d4467b4cbc26388dfa98) Importer(815301076,1909f56bfc062723c751e8b465ee728b)  -> (artifact id: 'a1c94c74cc687f1b11dd5c2e99a03ae6') in 0.015414 seconds 
========================================================================
Received Import Request.
  Time since last request: 0.000032 seconds.
  path: Assets/Packages/GUI Kit Casual Game/ResourcesData/Sprite/Popup/txt_field_icon_email_1.png
  artifactKey: Guid(6859da92742c94fa9bfcb5d416e98e56) Importer(815301076,1909f56bfc062723c751e8b465ee728b)
Start importing Assets/Packages/GUI Kit Casual Game/ResourcesData/Sprite/Popup/txt_field_icon_email_1.png using Guid(6859da92742c94fa9bfcb5d416e98e56) Importer(815301076,1909f56bfc062723c751e8b465ee728b)  -> (artifact id: '66e548708bd9df680e50fbd8dcf3f79e') in 0.015615 seconds 
========================================================================
Received Import Request.
  Time since last request: 0.000034 seconds.
  path: Assets/Packages/GUI Kit Casual Game/ResourcesData/Sprite/Popup/txt_field_icon_email_0.png
  artifactKey: Guid(bd7820459436c4022b247f5a14f682ad) Importer(815301076,1909f56bfc062723c751e8b465ee728b)
Start importing Assets/Packages/GUI Kit Casual Game/ResourcesData/Sprite/Popup/txt_field_icon_email_0.png using Guid(bd7820459436c4022b247f5a14f682ad) Importer(815301076,1909f56bfc062723c751e8b465ee728b)  -> (artifact id: 'e10da613d97f0eb1836baa0a79914dfe') in 0.017296 seconds 
========================================================================
Received Import Request.
  Time since last request: 0.000022 seconds.
  path: Assets/Source/Sprites/Items/Hats/wizard-hat.png
  artifactKey: Guid(caa1d7648ba8ef047ac314bb553db30a) Importer(815301076,1909f56bfc062723c751e8b465ee728b)
Start importing Assets/Source/Sprites/Items/Hats/wizard-hat.png using Guid(caa1d7648ba8ef047ac314bb553db30a) Importer(815301076,1909f56bfc062723c751e8b465ee728b)  -> (artifact id: '3a89703a28e9f31142b7e0290d0b720d') in 0.038902 seconds 
========================================================================
Received Import Request.
  Time since last request: 0.000023 seconds.
  path: Assets/Packages/GUI Kit Casual Game/ResourcesData/Sprite/Play/user_player_name_bg.png
  artifactKey: Guid(eabf980dbdb3e401c8474149994d26e8) Importer(815301076,1909f56bfc062723c751e8b465ee728b)
Start importing Assets/Packages/GUI Kit Casual Game/ResourcesData/Sprite/Play/user_player_name_bg.png using Guid(eabf980dbdb3e401c8474149994d26e8) Importer(815301076,1909f56bfc062723c751e8b465ee728b)  -> (artifact id: 'c765a252f88ff77099432319e0eb5570') in 0.015097 seconds 
========================================================================
Received Import Request.
  Time since last request: 0.000046 seconds.
  path: Assets/Packages/GUI Kit Casual Game/ResourcesData/Sprite/Common/top_btn_left.png
  artifactKey: Guid(89bfafeec14b047a4ac5510b8751485d) Importer(815301076,1909f56bfc062723c751e8b465ee728b)
Start importing Assets/Packages/GUI Kit Casual Game/ResourcesData/Sprite/Common/top_btn_left.png using Guid(89bfafeec14b047a4ac5510b8751485d) Importer(815301076,1909f56bfc062723c751e8b465ee728b)  -> (artifact id: '96de459e68ddf7e0f938b85dea762e5b') in 0.018758 seconds 
========================================================================
Received Import Request.
  Time since last request: 0.000048 seconds.
  path: Assets/Packages/GUI Kit Casual Game/ResourcesData/Sprite/PlayBattle_VS/vs_text.png
  artifactKey: Guid(a06afe6b87eba418fbf8386ee85e1722) Importer(815301076,1909f56bfc062723c751e8b465ee728b)
Start importing Assets/Packages/GUI Kit Casual Game/ResourcesData/Sprite/PlayBattle_VS/vs_text.png using Guid(a06afe6b87eba418fbf8386ee85e1722) Importer(815301076,1909f56bfc062723c751e8b465ee728b)  -> (artifact id: 'fb695a156750228c5912d374a1a60c08') in 0.024775 seconds 
========================================================================
Received Import Request.
  Time since last request: 0.000033 seconds.
  path: Assets/Packages/GUI Kit Casual Game/ResourcesData/Sprite/PlayBattle_VS/vs_speed_line_white.png
  artifactKey: Guid(8464b41777b1a471c812a19695dfe17d) Importer(815301076,1909f56bfc062723c751e8b465ee728b)
Start importing Assets/Packages/GUI Kit Casual Game/ResourcesData/Sprite/PlayBattle_VS/vs_speed_line_white.png using Guid(8464b41777b1a471c812a19695dfe17d) Importer(815301076,1909f56bfc062723c751e8b465ee728b)  -> (artifact id: '51587e16e65bde4791466f0f687879f8') in 0.019090 seconds 
========================================================================
Received Import Request.
  Time since last request: 0.000036 seconds.
  path: Assets/Packages/GUI Kit Casual Game/ResourcesData/Sprite/Common/top_status_btn_get_yellow.png
  artifactKey: Guid(d8dfea1100ec541b684f3101cad0d335) Importer(815301076,1909f56bfc062723c751e8b465ee728b)
Start importing Assets/Packages/GUI Kit Casual Game/ResourcesData/Sprite/Common/top_status_btn_get_yellow.png using Guid(d8dfea1100ec541b684f3101cad0d335) Importer(815301076,1909f56bfc062723c751e8b465ee728b)  -> (artifact id: '80f03c8454cdfa899060e4fdb4291029') in 0.016570 seconds 
========================================================================
Received Import Request.
  Time since last request: 0.000029 seconds.
  path: Assets/Packages/GUI Kit Casual Game/ResourcesData/Sprite/Lobby_UserInfo/userinfo_icon_crown.png
  artifactKey: Guid(3c7dc21b9cfc64a28a0db252abd7f3ad) Importer(815301076,1909f56bfc062723c751e8b465ee728b)
Start importing Assets/Packages/GUI Kit Casual Game/ResourcesData/Sprite/Lobby_UserInfo/userinfo_icon_crown.png using Guid(3c7dc21b9cfc64a28a0db252abd7f3ad) Importer(815301076,1909f56bfc062723c751e8b465ee728b)  -> (artifact id: 'aa08700e5aac959ace76c3a3e1c5d95b') in 0.018443 seconds 
========================================================================
Received Import Request.
  Time since last request: 0.000030 seconds.
  path: Assets/Packages/GUI Kit Casual Game/ResourcesData/Sprite/Common/top_status_btn_get_green.png
  artifactKey: Guid(1e4107dadfbe1487ebf4a991ecd58b4e) Importer(815301076,1909f56bfc062723c751e8b465ee728b)
Start importing Assets/Packages/GUI Kit Casual Game/ResourcesData/Sprite/Common/top_status_btn_get_green.png using Guid(1e4107dadfbe1487ebf4a991ecd58b4e) Importer(815301076,1909f56bfc062723c751e8b465ee728b)  -> (artifact id: '55372cf3f7b2df2ef4d346cfb42fadf6') in 0.016988 seconds 
========================================================================
Received Import Request.
  Time since last request: 0.000031 seconds.
  path: Assets/Packages/GUI Kit Casual Game/ResourcesData/Sprite/PlayBattle_VS/vs_center_bg.png
  artifactKey: Guid(660832cd74aed4c2c97b80b96457f6a1) Importer(815301076,1909f56bfc062723c751e8b465ee728b)
Start importing Assets/Packages/GUI Kit Casual Game/ResourcesData/Sprite/PlayBattle_VS/vs_center_bg.png using Guid(660832cd74aed4c2c97b80b96457f6a1) Importer(815301076,1909f56bfc062723c751e8b465ee728b)  -> (artifact id: '17b63feb77682ae0ca0cdcb5a8c0bb30') in 0.124128 seconds 
========================================================================
Received Import Request.
  Time since last request: 0.000029 seconds.
  path: Assets/Packages/GUI Kit Casual Game/ResourcesData/Sprite/Lobby_UserInfo/userinfo_icon_map.png
  artifactKey: Guid(138745e6ce6ad409ebd5b1e29725d4ab) Importer(815301076,1909f56bfc062723c751e8b465ee728b)
Start importing Assets/Packages/GUI Kit Casual Game/ResourcesData/Sprite/Lobby_UserInfo/userinfo_icon_map.png using Guid(138745e6ce6ad409ebd5b1e29725d4ab) Importer(815301076,1909f56bfc062723c751e8b465ee728b)  -> (artifact id: '055b644a4eb8240a5b616b87939572b7') in 0.021919 seconds 
========================================================================
Received Import Request.
  Time since last request: 0.000064 seconds.
  path: Assets/Packages/GUI Kit Casual Game/ResourcesData/Sprite/Common/top_btn_icon_setting.png
  artifactKey: Guid(d6cce558fcc344f4ea971d01b01edaa6) Importer(815301076,1909f56bfc062723c751e8b465ee728b)
Start importing Assets/Packages/GUI Kit Casual Game/ResourcesData/Sprite/Common/top_btn_icon_setting.png using Guid(d6cce558fcc344f4ea971d01b01edaa6) Importer(815301076,1909f56bfc062723c751e8b465ee728b)  -> (artifact id: '63183b4aca01ecfe2f7c6f2240889b95') in 0.023923 seconds 
========================================================================
Received Import Request.
  Time since last request: 0.000032 seconds.
  path: Assets/Packages/GUI Kit Casual Game/ResourcesData/Sprite/Common/txt_input_field_d.png
  artifactKey: Guid(69182636b3efa4063b1a80e916b2d312) Importer(815301076,1909f56bfc062723c751e8b465ee728b)
Start importing Assets/Packages/GUI Kit Casual Game/ResourcesData/Sprite/Common/txt_input_field_d.png using Guid(69182636b3efa4063b1a80e916b2d312) Importer(815301076,1909f56bfc062723c751e8b465ee728b)  -> (artifact id: '6c1dd63a6dca5651b4e0e4e869013cde') in 0.022260 seconds 
========================================================================
Received Import Request.
  Time since last request: 0.000079 seconds.
  path: Assets/Packages/GUI Kit Casual Game/ResourcesData/Sprite/Lobby_UserInfo/userinfo_lv_bar_bg.png
  artifactKey: Guid(5a5d5fbf2b0304fef8da8a584f9d46c6) Importer(815301076,1909f56bfc062723c751e8b465ee728b)
Start importing Assets/Packages/GUI Kit Casual Game/ResourcesData/Sprite/Lobby_UserInfo/userinfo_lv_bar_bg.png using Guid(5a5d5fbf2b0304fef8da8a584f9d46c6) Importer(815301076,1909f56bfc062723c751e8b465ee728b)  -> (artifact id: '7c3f5604243a9c4c71b71d97eaf547f8') in 0.016645 seconds 
========================================================================
Received Import Request.
  Time since last request: 0.000031 seconds.
  path: Assets/Packages/GUI Kit Casual Game/ResourcesData/Preview/TutorialHand.png
  artifactKey: Guid(ddc0839c25285457fa4e172560c98dbe) Importer(815301076,1909f56bfc062723c751e8b465ee728b)
Start importing Assets/Packages/GUI Kit Casual Game/ResourcesData/Preview/TutorialHand.png using Guid(ddc0839c25285457fa4e172560c98dbe) Importer(815301076,1909f56bfc062723c751e8b465ee728b)  -> (artifact id: '62b851947cf608ccf680984a93fb53c0') in 0.192790 seconds 
========================================================================
Received Import Request.
  Time since last request: 0.000025 seconds.
  path: Assets/Packages/GUI Kit Casual Game/ResourcesData/Sprite/PlayBattle_VS/vs_bg_green.png
  artifactKey: Guid(71f80f23111114970abec67fe4ae800d) Importer(815301076,1909f56bfc062723c751e8b465ee728b)
Start importing Assets/Packages/GUI Kit Casual Game/ResourcesData/Sprite/PlayBattle_VS/vs_bg_green.png using Guid(71f80f23111114970abec67fe4ae800d) Importer(815301076,1909f56bfc062723c751e8b465ee728b)  -> (artifact id: '45beac281409084603a2248d53c7a8b3') in 0.066800 seconds 
========================================================================
Received Import Request.
  Time since last request: 0.000041 seconds.
  path: Assets/Packages/GUI Kit Casual Game/ResourcesData/Sprite/Play/txt_quadra_kill.png
  artifactKey: Guid(59c5f6931e58c40b08a835658550c242) Importer(815301076,1909f56bfc062723c751e8b465ee728b)
Start importing Assets/Packages/GUI Kit Casual Game/ResourcesData/Sprite/Play/txt_quadra_kill.png using Guid(59c5f6931e58c40b08a835658550c242) Importer(815301076,1909f56bfc062723c751e8b465ee728b)  -> (artifact id: '934f1f628779ae3e9ad55b2901151257') in 0.029213 seconds 
========================================================================
Received Import Request.
  Time since last request: 0.000040 seconds.
  path: Assets/Packages/GUI Kit Casual Game/ResourcesData/Sprite/Play/user_icon_tophy.png
  artifactKey: Guid(3122e1848dc7b48918ba4e3b31a39425) Importer(815301076,1909f56bfc062723c751e8b465ee728b)
Start importing Assets/Packages/GUI Kit Casual Game/ResourcesData/Sprite/Play/user_icon_tophy.png using Guid(3122e1848dc7b48918ba4e3b31a39425) Importer(815301076,1909f56bfc062723c751e8b465ee728b)  -> (artifact id: '28ea70236d4e00cb43d687375ea25403') in 0.025695 seconds 
========================================================================
Received Import Request.
  Time since last request: 0.000048 seconds.
  path: Assets/Packages/GUI Kit Casual Game/ResourcesData/Sprite/Popup/txt_field_icon_account_0.png
  artifactKey: Guid(e0e57e0e10e8b42448eb6f153c290853) Importer(815301076,1909f56bfc062723c751e8b465ee728b)
Start importing Assets/Packages/GUI Kit Casual Game/ResourcesData/Sprite/Popup/txt_field_icon_account_0.png using Guid(e0e57e0e10e8b42448eb6f153c290853) Importer(815301076,1909f56bfc062723c751e8b465ee728b)  -> (artifact id: '166d9286af3b58c2a4799f4e2c1e2789') in 0.015007 seconds 
========================================================================
Received Import Request.
  Time since last request: 0.000029 seconds.
  path: Assets/Packages/GUI Kit Casual Game/ResourcesData/Sprite/Play/user_enemy_name_bg.png
  artifactKey: Guid(340854d341e73477a8a29b26085e9440) Importer(815301076,1909f56bfc062723c751e8b465ee728b)
Start importing Assets/Packages/GUI Kit Casual Game/ResourcesData/Sprite/Play/user_enemy_name_bg.png using Guid(340854d341e73477a8a29b26085e9440) Importer(815301076,1909f56bfc062723c751e8b465ee728b)  -> (artifact id: '2170f46e47e3a7794078346ce59ebd5f') in 0.014028 seconds 
========================================================================
Received Import Request.
  Time since last request: 0.000027 seconds.
  path: Assets/Packages/GUI Kit Casual Game/ResourcesData/Sprite/PlayBattle_VS/vs_character_sample_1.png
  artifactKey: Guid(9a1a0105c154d4c3e8a6ed7f11a0ac19) Importer(815301076,1909f56bfc062723c751e8b465ee728b)
Start importing Assets/Packages/GUI Kit Casual Game/ResourcesData/Sprite/PlayBattle_VS/vs_character_sample_1.png using Guid(9a1a0105c154d4c3e8a6ed7f11a0ac19) Importer(815301076,1909f56bfc062723c751e8b465ee728b)  -> (artifact id: '6055f7cfbd54ed172c17ebe0feba744a') in 0.106185 seconds 
========================================================================
Received Import Request.
  Time since last request: 0.000039 seconds.
  path: Assets/Packages/GUI Kit Casual Game/ResourcesData/Sprite/Lobby_UserInfo/userinfo_icon_win.png
  artifactKey: Guid(9f57a8adac99e4526a1986646a3be29a) Importer(815301076,1909f56bfc062723c751e8b465ee728b)
Start importing Assets/Packages/GUI Kit Casual Game/ResourcesData/Sprite/Lobby_UserInfo/userinfo_icon_win.png using Guid(9f57a8adac99e4526a1986646a3be29a) Importer(815301076,1909f56bfc062723c751e8b465ee728b)  -> (artifact id: '6b471b209906f7d9cd8ed690961ca264') in 0.018324 seconds 
========================================================================
Received Import Request.
  Time since last request: 0.000043 seconds.
  path: Assets/Packages/GUI Kit Casual Game/ResourcesData/Sprite/Lobby_UserInfo/userinfo_icon_king.png
  artifactKey: Guid(28fd0a3651a7643aca00d93bcc0e4105) Importer(815301076,1909f56bfc062723c751e8b465ee728b)
Start importing Assets/Packages/GUI Kit Casual Game/ResourcesData/Sprite/Lobby_UserInfo/userinfo_icon_king.png using Guid(28fd0a3651a7643aca00d93bcc0e4105) Importer(815301076,1909f56bfc062723c751e8b465ee728b)  -> (artifact id: 'a468e4b57cff2133c92a29a103b37e24') in 0.019804 seconds 
========================================================================
Received Import Request.
  Time since last request: 0.000034 seconds.
  path: Assets/Source/Sprites/Items/Hats/witch-hat (1).png
  artifactKey: Guid(5c4db56667dcda342bf9781359bd8f8e) Importer(815301076,1909f56bfc062723c751e8b465ee728b)
Start importing Assets/Source/Sprites/Items/Hats/witch-hat (1).png using Guid(5c4db56667dcda342bf9781359bd8f8e) Importer(815301076,1909f56bfc062723c751e8b465ee728b)  -> (artifact id: '4910c03d886cbfa35881a999187e12eb') in 0.035934 seconds 
========================================================================
Received Import Request.
  Time since last request: 0.000029 seconds.
  path: Assets/Packages/GUI Kit Casual Game/ResourcesData/Sprite/Play/txt_double_kill.png
  artifactKey: Guid(997ac216ed59c4b10a97280c63cf5f9c) Importer(815301076,1909f56bfc062723c751e8b465ee728b)
Start importing Assets/Packages/GUI Kit Casual Game/ResourcesData/Sprite/Play/txt_double_kill.png using Guid(997ac216ed59c4b10a97280c63cf5f9c) Importer(815301076,1909f56bfc062723c751e8b465ee728b)  -> (artifact id: 'f09ff822a200353a89e16a7307df88b5') in 0.035117 seconds 
========================================================================
Received Import Request.
  Time since last request: 0.000033 seconds.
  path: Assets/Packages/GUI Kit Casual Game/ResourcesData/Sprite/Lobby_UserInfo/userinfo_icon_boss.png
  artifactKey: Guid(1763c140e7caf4eb2a38686bf8a790ec) Importer(815301076,1909f56bfc062723c751e8b465ee728b)
Start importing Assets/Packages/GUI Kit Casual Game/ResourcesData/Sprite/Lobby_UserInfo/userinfo_icon_boss.png using Guid(1763c140e7caf4eb2a38686bf8a790ec) Importer(815301076,1909f56bfc062723c751e8b465ee728b)  -> (artifact id: 'fb3620b0a35db35e34f1cf4f298db80e') in 0.017569 seconds 
========================================================================
Received Import Request.
  Time since last request: 0.000041 seconds.
  path: Assets/Packages/GUI Kit Casual Game/ResourcesData/Sprite/PlayBattle_VS/vs_character_sample_0.png
  artifactKey: Guid(04c84ed9a2ffe4a93825007229e1a90e) Importer(815301076,1909f56bfc062723c751e8b465ee728b)
Start importing Assets/Packages/GUI Kit Casual Game/ResourcesData/Sprite/PlayBattle_VS/vs_character_sample_0.png using Guid(04c84ed9a2ffe4a93825007229e1a90e) Importer(815301076,1909f56bfc062723c751e8b465ee728b)  -> (artifact id: '0d30a6e204f19b102f268deeebd29049') in 0.091119 seconds 
========================================================================
Received Import Request.
  Time since last request: 8.523256 seconds.
  path: Assets/Packages/GUI Kit Casual Game/ResourcesData/Sprite/Title/title_glow.png
  artifactKey: Guid(b428beb57d06f43e8900e0dfbb2f8ee1) Importer(815301076,1909f56bfc062723c751e8b465ee728b)
Start importing Assets/Packages/GUI Kit Casual Game/ResourcesData/Sprite/Title/title_glow.png using Guid(b428beb57d06f43e8900e0dfbb2f8ee1) Importer(815301076,1909f56bfc062723c751e8b465ee728b)  -> (artifact id: 'acb6b575947d9056cba4b932499b81d4') in 0.033779 seconds 
========================================================================
Received Import Request.
  Time since last request: 0.000023 seconds.
  path: Assets/Packages/GUI Kit Casual Game/ResourcesData/Sprite/Common/toast_popup_bg.png
  artifactKey: Guid(e544a06ddd05f42fd879ce1fbe06593c) Importer(815301076,1909f56bfc062723c751e8b465ee728b)
Start importing Assets/Packages/GUI Kit Casual Game/ResourcesData/Sprite/Common/toast_popup_bg.png using Guid(e544a06ddd05f42fd879ce1fbe06593c) Importer(815301076,1909f56bfc062723c751e8b465ee728b)  -> (artifact id: 'ad5e467a810583987aeabae230718f3c') in 0.014473 seconds 
========================================================================
Received Import Request.
  Time since last request: 0.000034 seconds.
  path: Assets/Packages/GUI Kit Casual Game/ResourcesData/Sprite/Pass/title_sub_icon_pass.png
  artifactKey: Guid(0a750a28f6f81454e90e307b2f88433e) Importer(815301076,1909f56bfc062723c751e8b465ee728b)
Start importing Assets/Packages/GUI Kit Casual Game/ResourcesData/Sprite/Pass/title_sub_icon_pass.png using Guid(0a750a28f6f81454e90e307b2f88433e) Importer(815301076,1909f56bfc062723c751e8b465ee728b)  -> (artifact id: '950b804d30dc0c60132d568583d3ecc6') in 0.020294 seconds 
========================================================================
Received Import Request.
  Time since last request: 0.000044 seconds.
  path: Assets/Packages/GUI Kit Casual Game/ResourcesData/Preview/TitleLoadingbar.png
  artifactKey: Guid(d28725094bf3d429f9b1603abccb4844) Importer(815301076,1909f56bfc062723c751e8b465ee728b)
Start importing Assets/Packages/GUI Kit Casual Game/ResourcesData/Preview/TitleLoadingbar.png using Guid(d28725094bf3d429f9b1603abccb4844) Importer(815301076,1909f56bfc062723c751e8b465ee728b)  -> (artifact id: 'cef3cb266672a71414250ab7c7cb241c') in 0.151630 seconds 
========================================================================
Received Import Request.
  Time since last request: 0.000040 seconds.
  path: Assets/Packages/GUI Kit Casual Game/ResourcesData/Sprite/Common/text_deco_line_right.png
  artifactKey: Guid(51bc7f9398cc24aff81f13855411d2d4) Importer(815301076,1909f56bfc062723c751e8b465ee728b)
Start importing Assets/Packages/GUI Kit Casual Game/ResourcesData/Sprite/Common/text_deco_line_right.png using Guid(51bc7f9398cc24aff81f13855411d2d4) Importer(815301076,1909f56bfc062723c751e8b465ee728b)  -> (artifact id: '82b9f0b5b225a0c0c991a9787acaaf94') in 0.020710 seconds 
========================================================================
Received Import Request.
  Time since last request: 0.000029 seconds.
  path: Assets/Packages/GUI Kit Casual Game/ResourcesData/Sprite/Chat/text_field.png
  artifactKey: Guid(75a88e452128d49d293c6dc5da2b17d5) Importer(815301076,1909f56bfc062723c751e8b465ee728b)
Start importing Assets/Packages/GUI Kit Casual Game/ResourcesData/Sprite/Chat/text_field.png using Guid(75a88e452128d49d293c6dc5da2b17d5) Importer(815301076,1909f56bfc062723c751e8b465ee728b)  -> (artifact id: 'eef7b005177062e91b8cbd684b1c68ee') in 0.017700 seconds 
========================================================================
Received Import Request.
  Time since last request: 0.000086 seconds.
  path: Assets/Packages/GUI Kit Casual Game/ResourcesData/Sprite/Character_List_Select/tab_full_bg.png
  artifactKey: Guid(30b1a3b4a6f4749c5ad29bdce9aee4c6) Importer(815301076,1909f56bfc062723c751e8b465ee728b)
Start importing Assets/Packages/GUI Kit Casual Game/ResourcesData/Sprite/Character_List_Select/tab_full_bg.png using Guid(30b1a3b4a6f4749c5ad29bdce9aee4c6) Importer(815301076,1909f56bfc062723c751e8b465ee728b)  -> (artifact id: 'aad271399e6ec40a5a9f81474a41fec6') in 0.016944 seconds 
========================================================================
Received Import Request.
  Time since last request: 34.586496 seconds.
  path: Assets/Packages/GUI Kit Casual Game/ResourcesData/Sprite/Setting/switch_on.png
  artifactKey: Guid(c426b035919094016adb99e1349aa315) Importer(815301076,1909f56bfc062723c751e8b465ee728b)
Start importing Assets/Packages/GUI Kit Casual Game/ResourcesData/Sprite/Setting/switch_on.png using Guid(c426b035919094016adb99e1349aa315) Importer(815301076,1909f56bfc062723c751e8b465ee728b)  -> (artifact id: '475475065f61dc57e418296fc7438958') in 0.024802 seconds 
========================================================================
Received Import Request.
  Time since last request: 0.000048 seconds.
  path: Assets/Source/Sprites/Items/Swords/sword (5).png
  artifactKey: Guid(58c7494d8119fd241b938ae0d6a8f9d7) Importer(815301076,1909f56bfc062723c751e8b465ee728b)
Start importing Assets/Source/Sprites/Items/Swords/sword (5).png using Guid(58c7494d8119fd241b938ae0d6a8f9d7) Importer(815301076,1909f56bfc062723c751e8b465ee728b)  -> (artifact id: 'a16f8a075ee150625594d958b3b84c77') in 0.038228 seconds 
========================================================================
Received Import Request.
  Time since last request: 0.000032 seconds.
  path: Assets/Source/Sprites/Items/Swords/sword (3).png
  artifactKey: Guid(b3a90b10ac98dbf4b93340c6778bbaed) Importer(815301076,1909f56bfc062723c751e8b465ee728b)
Start importing Assets/Source/Sprites/Items/Swords/sword (3).png using Guid(b3a90b10ac98dbf4b93340c6778bbaed) Importer(815301076,1909f56bfc062723c751e8b465ee728b)  -> (artifact id: '13d1c72401f448e87eb01f3d68a902a7') in 0.039334 seconds 
========================================================================
Received Import Request.
  Time since last request: 0.000054 seconds.
  path: Assets/Source/Sprites/Items/Swords/sword (2).png
  artifactKey: Guid(2858fb3907df6af4b8261dbd3b64e762) Importer(815301076,1909f56bfc062723c751e8b465ee728b)
Start importing Assets/Source/Sprites/Items/Swords/sword (2).png using Guid(2858fb3907df6af4b8261dbd3b64e762) Importer(815301076,1909f56bfc062723c751e8b465ee728b)  -> (artifact id: '544cf22519e90905c81432a3f691ce3f') in 0.033927 seconds 
========================================================================
Received Import Request.
  Time since last request: 0.457232 seconds.
  path: Packages/com.unity.collab-proxy/Editor/PlasticSCM/Assets/Images/step1.png
  artifactKey: Guid(9ce84ff0fdeb13d4a83f077d075dd9a5) Importer(815301076,1909f56bfc062723c751e8b465ee728b)
Start importing Packages/com.unity.collab-proxy/Editor/PlasticSCM/Assets/Images/step1.png using Guid(9ce84ff0fdeb13d4a83f077d075dd9a5) Importer(815301076,1909f56bfc062723c751e8b465ee728b)  -> (artifact id: '8c1df2d4d9e9817129c5669bab6ab311') in 0.023844 seconds 
========================================================================
Received Import Request.
  Time since last request: 0.000030 seconds.
  path: Assets/Source/Sprites/Items/MeleeWeapon/stone-ax.png
  artifactKey: Guid(fd852325e6128c749925e540aac620ab) Importer(815301076,1909f56bfc062723c751e8b465ee728b)
Start importing Assets/Source/Sprites/Items/MeleeWeapon/stone-ax.png using Guid(fd852325e6128c749925e540aac620ab) Importer(815301076,1909f56bfc062723c751e8b465ee728b)  -> (artifact id: '825904dff8f424a8417a3cf4acd66c54') in 0.033814 seconds 
========================================================================
Received Import Request.
  Time since last request: 0.000032 seconds.
  path: Packages/com.unity.collab-proxy/Editor/PlasticSCM/Assets/Images/stepok.png
  artifactKey: Guid(d4780dc1205c7c7478c970d8c61d24e8) Importer(815301076,1909f56bfc062723c751e8b465ee728b)
Start importing Packages/com.unity.collab-proxy/Editor/PlasticSCM/Assets/Images/stepok.png using Guid(d4780dc1205c7c7478c970d8c61d24e8) Importer(815301076,1909f56bfc062723c751e8b465ee728b)  -> (artifact id: 'b55e56a7aab738b4a9e73588db012658') in 0.017683 seconds 
========================================================================
Received Import Request.
  Time since last request: 5.456632 seconds.
  path: Assets/Packages/GUI Kit Casual Game/ResourcesData/Sprite/Stage/stage_reward_icon_glove.png
  artifactKey: Guid(d824c6144488845fcb51139fb8e60bac) Importer(815301076,1909f56bfc062723c751e8b465ee728b)
Start importing Assets/Packages/GUI Kit Casual Game/ResourcesData/Sprite/Stage/stage_reward_icon_glove.png using Guid(d824c6144488845fcb51139fb8e60bac) Importer(815301076,1909f56bfc062723c751e8b465ee728b)  -> (artifact id: 'ed4d45b9913efd63172dac3436b09264') in 0.015680 seconds 
========================================================================
Received Import Request.
  Time since last request: 0.000030 seconds.
  path: Assets/Packages/GUI Kit Casual Game/ResourcesData/Sprite/Stage/stage_theme__icon_beach.png
  artifactKey: Guid(bc4a084373ec44b99b49e7a2a4f5da2d) Importer(815301076,1909f56bfc062723c751e8b465ee728b)
Start importing Assets/Packages/GUI Kit Casual Game/ResourcesData/Sprite/Stage/stage_theme__icon_beach.png using Guid(bc4a084373ec44b99b49e7a2a4f5da2d) Importer(815301076,1909f56bfc062723c751e8b465ee728b)  -> (artifact id: '11e25bc7c0e47152c45864759f1da335') in 0.069729 seconds 
========================================================================
Received Import Request.
  Time since last request: 0.000046 seconds.
  path: Assets/Packages/GUI Kit Casual Game/ResourcesData/Sprite/Stage/stage_path_bg.png
  artifactKey: Guid(963d78d44fe92409d8e59e21376b81e7) Importer(815301076,1909f56bfc062723c751e8b465ee728b)
Start importing Assets/Packages/GUI Kit Casual Game/ResourcesData/Sprite/Stage/stage_path_bg.png using Guid(963d78d44fe92409d8e59e21376b81e7) Importer(815301076,1909f56bfc062723c751e8b465ee728b)  -> (artifact id: '0c6ff9e3464f0345968f492e35dc3bb2') in 0.015816 seconds 
========================================================================
Received Import Request.
  Time since last request: 0.000043 seconds.
  path: Assets/Packages/GUI Kit Casual Game/ResourcesData/Sprite/Stage/stage_icon_gold.png
  artifactKey: Guid(808fbd9aa05d24d049320db1a0b7176b) Importer(815301076,1909f56bfc062723c751e8b465ee728b)
Start importing Assets/Packages/GUI Kit Casual Game/ResourcesData/Sprite/Stage/stage_icon_gold.png using Guid(808fbd9aa05d24d049320db1a0b7176b) Importer(815301076,1909f56bfc062723c751e8b465ee728b)  -> (artifact id: '146f97f557af0ad44b90f76fea3396d4') in 0.017354 seconds 
========================================================================
Received Import Request.
  Time since last request: 0.000024 seconds.
  path: Assets/Packages/GUI Kit Casual Game/ResourcesData/Sprite/Stage/stage_icon_gem.png
  artifactKey: Guid(7b6827dc950bb48278ef822641f23849) Importer(815301076,1909f56bfc062723c751e8b465ee728b)
Start importing Assets/Packages/GUI Kit Casual Game/ResourcesData/Sprite/Stage/stage_icon_gem.png using Guid(7b6827dc950bb48278ef822641f23849) Importer(815301076,1909f56bfc062723c751e8b465ee728b)  -> (artifact id: '1a82799c8575ad8e583db92a65411464') in 0.022345 seconds 
========================================================================
Received Import Request.
  Time since last request: 0.000043 seconds.
  path: Assets/Packages/GUI Kit Casual Game/ResourcesData/Sprite/Stage/stage_icon_gold_dim.png
  artifactKey: Guid(a1570f9e78ea547af91f28afa5335c03) Importer(815301076,1909f56bfc062723c751e8b465ee728b)
Start importing Assets/Packages/GUI Kit Casual Game/ResourcesData/Sprite/Stage/stage_icon_gold_dim.png using Guid(a1570f9e78ea547af91f28afa5335c03) Importer(815301076,1909f56bfc062723c751e8b465ee728b)  -> (artifact id: '9347b83857f3681f13d91b8aa01a6db1') in 0.020511 seconds 
========================================================================
Received Import Request.
  Time since last request: 0.000052 seconds.
  path: Assets/Packages/GUI Kit Casual Game/ResourcesData/Sprite/Stage/stage_reward_icon_energy.png
  artifactKey: Guid(2d66f54b5deec49179f8d5abaa971447) Importer(815301076,1909f56bfc062723c751e8b465ee728b)
Start importing Assets/Packages/GUI Kit Casual Game/ResourcesData/Sprite/Stage/stage_reward_icon_energy.png using Guid(2d66f54b5deec49179f8d5abaa971447) Importer(815301076,1909f56bfc062723c751e8b465ee728b)  -> (artifact id: '7c6e167706213cced27729ce2f66fdf0') in 0.019857 seconds 
========================================================================
Received Import Request.
  Time since last request: 0.000029 seconds.
  path: Assets/Packages/GUI Kit Casual Game/ResourcesData/Preview/StageSelect2Depth.png
  artifactKey: Guid(7701cc170228a43308376a1d80e2d2f3) Importer(815301076,1909f56bfc062723c751e8b465ee728b)
Start importing Assets/Packages/GUI Kit Casual Game/ResourcesData/Preview/StageSelect2Depth.png using Guid(7701cc170228a43308376a1d80e2d2f3) Importer(815301076,1909f56bfc062723c751e8b465ee728b)  -> (artifact id: 'f42a4cc6f58b964b9fc30e37f3f7aae4') in 0.128545 seconds 
========================================================================
Received Import Request.
  Time since last request: 0.489353 seconds.
  path: Assets/Packages/GUI Kit Casual Game/ResourcesData/Sprite/Stage/stage_character_star_empty.png
  artifactKey: Guid(758dfb8648edb4bf1b998174c2ecab26) Importer(815301076,1909f56bfc062723c751e8b465ee728b)
Start importing Assets/Packages/GUI Kit Casual Game/ResourcesData/Sprite/Stage/stage_character_star_empty.png using Guid(758dfb8648edb4bf1b998174c2ecab26) Importer(815301076,1909f56bfc062723c751e8b465ee728b)  -> (artifact id: 'bc50564785589332694d50bdf54c5ce4') in 0.022831 seconds 
========================================================================
Received Import Request.
  Time since last request: 0.000032 seconds.
  path: Assets/Packages/GUI Kit Casual Game/ResourcesData/Sprite/Stage/stage_icon_boss.png
  artifactKey: Guid(978f5921e87d04a7f88a2dc6c330fab2) Importer(815301076,1909f56bfc062723c751e8b465ee728b)
Start importing Assets/Packages/GUI Kit Casual Game/ResourcesData/Sprite/Stage/stage_icon_boss.png using Guid(978f5921e87d04a7f88a2dc6c330fab2) Importer(815301076,1909f56bfc062723c751e8b465ee728b)  -> (artifact id: '1feb9be7d9581ffb40470790bea45887') in 0.018093 seconds 
========================================================================
Received Import Request.
  Time since last request: 0.000036 seconds.
  path: Assets/Packages/GUI Kit Casual Game/ResourcesData/Sprite/Stage/stage_frame_active_focus.png
  artifactKey: Guid(c965160d8643b4ceb8a96e344d4fe2ff) Importer(815301076,1909f56bfc062723c751e8b465ee728b)
Start importing Assets/Packages/GUI Kit Casual Game/ResourcesData/Sprite/Stage/stage_frame_active_focus.png using Guid(c965160d8643b4ceb8a96e344d4fe2ff) Importer(815301076,1909f56bfc062723c751e8b465ee728b)  -> (artifact id: '7df252db3d1e13cc67cdbd2be1733035') in 0.038178 seconds 
========================================================================
Received Import Request.
  Time since last request: 0.000058 seconds.
  path: Assets/Packages/GUI Kit Casual Game/ResourcesData/Sprite/Stage/stage_arrow_prev.png
  artifactKey: Guid(399c25c9dce384160839b459896c826e) Importer(815301076,1909f56bfc062723c751e8b465ee728b)
Start importing Assets/Packages/GUI Kit Casual Game/ResourcesData/Sprite/Stage/stage_arrow_prev.png using Guid(399c25c9dce384160839b459896c826e) Importer(815301076,1909f56bfc062723c751e8b465ee728b)  -> (artifact id: '88a426809f07e89b0dd38cdca0ebf73c') in 0.018931 seconds 
========================================================================
Received Import Request.
  Time since last request: 0.000060 seconds.
  path: Assets/Packages/GUI Kit Casual Game/ResourcesData/Sprite/Stage/stage_character_bg_green.png
  artifactKey: Guid(d108f8bbf2f28434b9e9a8e23f2e814d) Importer(815301076,1909f56bfc062723c751e8b465ee728b)
Start importing Assets/Packages/GUI Kit Casual Game/ResourcesData/Sprite/Stage/stage_character_bg_green.png using Guid(d108f8bbf2f28434b9e9a8e23f2e814d) Importer(815301076,1909f56bfc062723c751e8b465ee728b)  -> (artifact id: '47ef09d75e603a8e68e331fbbc506944') in 0.017279 seconds 
========================================================================
Received Import Request.
  Time since last request: 0.000041 seconds.
  path: Assets/Packages/GUI Kit Casual Game/ResourcesData/Sprite/Stage/stage_btn_icon_energy.png
  artifactKey: Guid(dd50370016aa3427cbffd86ff9d349ea) Importer(815301076,1909f56bfc062723c751e8b465ee728b)
Start importing Assets/Packages/GUI Kit Casual Game/ResourcesData/Sprite/Stage/stage_btn_icon_energy.png using Guid(dd50370016aa3427cbffd86ff9d349ea) Importer(815301076,1909f56bfc062723c751e8b465ee728b)  -> (artifact id: 'd81a78a8e7f9f66e8cec9ec49f093592') in 0.017309 seconds 
========================================================================
Received Import Request.
  Time since last request: 0.000034 seconds.
  path: Assets/Packages/GUI Kit Casual Game/ResourcesData/Sprite/Stage/stage_character_bg_blue.png
  artifactKey: Guid(bd05c69a9fe454ee6a8ba640b6a31a5c) Importer(815301076,1909f56bfc062723c751e8b465ee728b)
Start importing Assets/Packages/GUI Kit Casual Game/ResourcesData/Sprite/Stage/stage_character_bg_blue.png using Guid(bd05c69a9fe454ee6a8ba640b6a31a5c) Importer(815301076,1909f56bfc062723c751e8b465ee728b)  -> (artifact id: 'f97a62592c8cbbd9457c6b6cc7427e71') in 0.021154 seconds 
========================================================================
Received Import Request.
  Time since last request: 0.000028 seconds.
  path: Assets/Packages/GUI Kit Casual Game/ResourcesData/Sprite/Stage/stage_character_sample_1.png
  artifactKey: Guid(fa8d7e24e8b094f028e98ed7813eed4d) Importer(815301076,1909f56bfc062723c751e8b465ee728b)
Start importing Assets/Packages/GUI Kit Casual Game/ResourcesData/Sprite/Stage/stage_character_sample_1.png using Guid(fa8d7e24e8b094f028e98ed7813eed4d) Importer(815301076,1909f56bfc062723c751e8b465ee728b)  -> (artifact id: 'd19a7c519de16d6b573b4f4596c76c2c') in 0.023569 seconds 
========================================================================
Received Import Request.
  Time since last request: 0.490146 seconds.
  path: Assets/Source/Sprites/Items/MagicStaff/staff5.png
  artifactKey: Guid(799f9112e9199694a99d6b758b2e35e2) Importer(815301076,1909f56bfc062723c751e8b465ee728b)
Start importing Assets/Source/Sprites/Items/MagicStaff/staff5.png using Guid(799f9112e9199694a99d6b758b2e35e2) Importer(815301076,1909f56bfc062723c751e8b465ee728b)  -> (artifact id: '2bebb2f2d5de6582f7b09100a34ac671') in 0.028967 seconds 
========================================================================
Received Import Request.
  Time since last request: 0.000034 seconds.
  path: Assets/Packages/GUI Kit Casual Game/ResourcesData/Sprite/Stage/stage_arrow_next.png
  artifactKey: Guid(0bca651f898f1479c957ebcc1fa23f88) Importer(815301076,1909f56bfc062723c751e8b465ee728b)
Start importing Assets/Packages/GUI Kit Casual Game/ResourcesData/Sprite/Stage/stage_arrow_next.png using Guid(0bca651f898f1479c957ebcc1fa23f88) Importer(815301076,1909f56bfc062723c751e8b465ee728b)  -> (artifact id: '29ea8ded12f2afcd826cf782c34f8be3') in 0.017120 seconds 
========================================================================
Received Import Request.
  Time since last request: 0.000050 seconds.
  path: Assets/Source/Sprites/Items/MagicStaff/staff3.png
  artifactKey: Guid(b27d1448da0a1da4ab8dc060b04833b5) Importer(815301076,1909f56bfc062723c751e8b465ee728b)
Start importing Assets/Source/Sprites/Items/MagicStaff/staff3.png using Guid(b27d1448da0a1da4ab8dc060b04833b5) Importer(815301076,1909f56bfc062723c751e8b465ee728b)  -> (artifact id: 'bfc4788bf6abe4e87b7c5ed2a3e2fb92') in 0.038156 seconds 
========================================================================
Received Import Request.
  Time since last request: 0.000031 seconds.
  path: Assets/Source/Sprites/Items/MagicStaff/staff9.png
  artifactKey: Guid(2bfbe11c4e06b674a8e54f933988afc7) Importer(815301076,1909f56bfc062723c751e8b465ee728b)
Start importing Assets/Source/Sprites/Items/MagicStaff/staff9.png using Guid(2bfbe11c4e06b674a8e54f933988afc7) Importer(815301076,1909f56bfc062723c751e8b465ee728b)  -> (artifact id: 'e8daee41ceead4172f4b5476217650b4') in 0.036197 seconds 
========================================================================
Received Import Request.
  Time since last request: 1.426301 seconds.
  path: Assets/Packages/GUI Kit Casual Game/ResourcesData/Sprite/Equipment_Inventory/slot_info_bg.png
  artifactKey: Guid(4c2ce05856cd94f96bda820d2353988c) Importer(815301076,1909f56bfc062723c751e8b465ee728b)
Start importing Assets/Packages/GUI Kit Casual Game/ResourcesData/Sprite/Equipment_Inventory/slot_info_bg.png using Guid(4c2ce05856cd94f96bda820d2353988c) Importer(815301076,1909f56bfc062723c751e8b465ee728b)  -> (artifact id: 'c14be75b7063666c9174703ddd8ae57f') in 0.025705 seconds 
========================================================================
Received Import Request.
  Time since last request: 0.000023 seconds.
  path: Assets/Packages/GUI Kit Casual Game/ResourcesData/Sprite/PopupSubscribe/special_icon_gem_gold.png
  artifactKey: Guid(cf218fd3f78cc4191bdf56c712995893) Importer(815301076,1909f56bfc062723c751e8b465ee728b)
Start importing Assets/Packages/GUI Kit Casual Game/ResourcesData/Sprite/PopupSubscribe/special_icon_gem_gold.png using Guid(cf218fd3f78cc4191bdf56c712995893) Importer(815301076,1909f56bfc062723c751e8b465ee728b)  -> (artifact id: '65cc286488b62fbaf325fdbbe48fe64a') in 0.022416 seconds 
========================================================================
Received Import Request.
  Time since last request: 0.000034 seconds.
  path: Assets/Packages/GUI Kit Casual Game/ResourcesData/Sprite/PopupSubscribe/special_icon_remove_ad.png
  artifactKey: Guid(b169656fffe4b4eb48f4b32a9f08ad2d) Importer(815301076,1909f56bfc062723c751e8b465ee728b)
Start importing Assets/Packages/GUI Kit Casual Game/ResourcesData/Sprite/PopupSubscribe/special_icon_remove_ad.png using Guid(b169656fffe4b4eb48f4b32a9f08ad2d) Importer(815301076,1909f56bfc062723c751e8b465ee728b)  -> (artifact id: 'e4e090c4efbca46e8af11d9b6498aa2b') in 0.023280 seconds 
========================================================================
Received Import Request.
  Time since last request: 0.000042 seconds.
  path: Assets/Packages/GUI Kit Casual Game/ResourcesData/Sprite/Chat/speech_bubble_white.png
  artifactKey: Guid(74114cc50585c4f6785798e3d7f07fc8) Importer(815301076,1909f56bfc062723c751e8b465ee728b)
Start importing Assets/Packages/GUI Kit Casual Game/ResourcesData/Sprite/Chat/speech_bubble_white.png using Guid(74114cc50585c4f6785798e3d7f07fc8) Importer(815301076,1909f56bfc062723c751e8b465ee728b)  -> (artifact id: '87ff5ac4a8eed8c0fdd6a04d5ef6d79e') in 0.020226 seconds 
========================================================================
Received Import Request.
  Time since last request: 4.499500 seconds.
  path: Assets/Packages/GUI Kit Casual Game/ResourcesData/Sprite/Play/slider_bg.png
  artifactKey: Guid(c95935206d18f42399e9881ce6bdf61c) Importer(815301076,1909f56bfc062723c751e8b465ee728b)
Start importing Assets/Packages/GUI Kit Casual Game/ResourcesData/Sprite/Play/slider_bg.png using Guid(c95935206d18f42399e9881ce6bdf61c) Importer(815301076,1909f56bfc062723c751e8b465ee728b)  -> (artifact id: '89522949d05ad5a3d357a8de2964b4af') in 0.025072 seconds 
========================================================================
Received Import Request.
  Time since last request: 0.000030 seconds.
  path: Assets/Packages/GUI Kit Casual Game/ResourcesData/Sprite/RuneFuse/slider_fusion_fill.png
  artifactKey: Guid(63f17b1a0b59c4f49bc605873d683c1f) Importer(815301076,1909f56bfc062723c751e8b465ee728b)
Start importing Assets/Packages/GUI Kit Casual Game/ResourcesData/Sprite/RuneFuse/slider_fusion_fill.png using Guid(63f17b1a0b59c4f49bc605873d683c1f) Importer(815301076,1909f56bfc062723c751e8b465ee728b)  -> (artifact id: 'be37a48d1b2c7af4842b8abf7248aad3') in 0.085374 seconds 
========================================================================
Received Import Request.
  Time since last request: 0.000042 seconds.
  path: Assets/Packages/GUI Kit Casual Game/ResourcesData/Sprite/Setting/slider_frame 1.png
  artifactKey: Guid(f6291ac32d4e54875a041965865c030b) Importer(815301076,1909f56bfc062723c751e8b465ee728b)
Start importing Assets/Packages/GUI Kit Casual Game/ResourcesData/Sprite/Setting/slider_frame 1.png using Guid(f6291ac32d4e54875a041965865c030b) Importer(815301076,1909f56bfc062723c751e8b465ee728b)  -> (artifact id: '6e0e76547c5798a1c98756ed54d02562') in 0.021948 seconds 
========================================================================
Received Import Request.
  Time since last request: 1.000424 seconds.
  path: Assets/Packages/GUI Kit Casual Game/ResourcesData/Sprite/Character_Passive/skill_icon_1.png
  artifactKey: Guid(2350f616142f747c8b63c95f6e433884) Importer(815301076,1909f56bfc062723c751e8b465ee728b)
Start importing Assets/Packages/GUI Kit Casual Game/ResourcesData/Sprite/Character_Passive/skill_icon_1.png using Guid(2350f616142f747c8b63c95f6e433884) Importer(815301076,1909f56bfc062723c751e8b465ee728b)  -> (artifact id: 'cdbf3e6727feb50a299377607d9ffd73') in 0.030646 seconds 
========================================================================
Received Import Request.
  Time since last request: 0.000028 seconds.
  path: Assets/Packages/GUI Kit Casual Game/ResourcesData/Sprite/Character_Passive/_backup/skill_passive_rotate_white.png
  artifactKey: Guid(48b3d44a58491465faf1dd6d9e60ae12) Importer(815301076,1909f56bfc062723c751e8b465ee728b)
Start importing Assets/Packages/GUI Kit Casual Game/ResourcesData/Sprite/Character_Passive/_backup/skill_passive_rotate_white.png using Guid(48b3d44a58491465faf1dd6d9e60ae12) Importer(815301076,1909f56bfc062723c751e8b465ee728b)  -> (artifact id: '6c92cc33a4f2ada59c789895383246f0') in 0.099705 seconds 
========================================================================
Received Import Request.
  Time since last request: 0.000042 seconds.
  path: Assets/Packages/GUI Kit Casual Game/ResourcesData/Sprite/Shop/shop_img_gem_3.png
  artifactKey: Guid(a4eba34d54cfb432dae7ec118f7d6d2e) Importer(815301076,1909f56bfc062723c751e8b465ee728b)
Start importing Assets/Packages/GUI Kit Casual Game/ResourcesData/Sprite/Shop/shop_img_gem_3.png using Guid(a4eba34d54cfb432dae7ec118f7d6d2e) Importer(815301076,1909f56bfc062723c751e8b465ee728b)  -> (artifact id: 'a87c808932332f868ea52c73f1b4c1b9') in 0.027751 seconds 
========================================================================
Received Import Request.
  Time since last request: 0.000058 seconds.
  path: Assets/Packages/GUI Kit Casual Game/ResourcesData/Sprite/Character_Passive/skill_passive_glow.png
  artifactKey: Guid(8c4e2c116f2384eb187ccc7d0d12e0f9) Importer(815301076,1909f56bfc062723c751e8b465ee728b)
Start importing Assets/Packages/GUI Kit Casual Game/ResourcesData/Sprite/Character_Passive/skill_passive_glow.png using Guid(8c4e2c116f2384eb187ccc7d0d12e0f9) Importer(815301076,1909f56bfc062723c751e8b465ee728b)  -> (artifact id: '00a596664968b810eacd70dbcbdb9e9f') in 0.051604 seconds 
========================================================================
Received Import Request.
  Time since last request: 0.000099 seconds.
  path: Assets/Packages/GUI Kit Casual Game/ResourcesData/Sprite/Character_Passive/skill_passive_screen_dimmed.png
  artifactKey: Guid(1f5b3d0c32c8341e8bbf75f4859dbca7) Importer(815301076,1909f56bfc062723c751e8b465ee728b)
Start importing Assets/Packages/GUI Kit Casual Game/ResourcesData/Sprite/Character_Passive/skill_passive_screen_dimmed.png using Guid(1f5b3d0c32c8341e8bbf75f4859dbca7) Importer(815301076,1909f56bfc062723c751e8b465ee728b)  -> (artifact id: '5a56a5304919d4f5f7ad047b1535bf32') in 0.020300 seconds 
========================================================================
Received Import Request.
  Time since last request: 0.000029 seconds.
  path: Assets/Packages/GUI Kit Casual Game/ResourcesData/Sprite/Shop/shop_sub_bg.png
  artifactKey: Guid(26d029d646f6e4627ab7b853e7b043fc) Importer(815301076,1909f56bfc062723c751e8b465ee728b)
Start importing Assets/Packages/GUI Kit Casual Game/ResourcesData/Sprite/Shop/shop_sub_bg.png using Guid(26d029d646f6e4627ab7b853e7b043fc) Importer(815301076,1909f56bfc062723c751e8b465ee728b)  -> (artifact id: '0ca4f661709ae45f0a35878d9253d89d') in 0.016469 seconds 
========================================================================
Received Import Request.
  Time since last request: 0.000033 seconds.
  path: Assets/Packages/GUI Kit Casual Game/ResourcesData/Sprite/Shop/shop_img_gold_4.png
  artifactKey: Guid(61725b696bb9b4c73bb7f577825b65b2) Importer(815301076,1909f56bfc062723c751e8b465ee728b)
Start importing Assets/Packages/GUI Kit Casual Game/ResourcesData/Sprite/Shop/shop_img_gold_4.png using Guid(61725b696bb9b4c73bb7f577825b65b2) Importer(815301076,1909f56bfc062723c751e8b465ee728b)  -> (artifact id: '0b5377a70a10061cd9339b96657de75b') in 0.030171 seconds 
========================================================================
Received Import Request.
  Time since last request: 0.541059 seconds.
  path: Assets/Packages/GUI Kit Casual Game/ResourcesData/Sprite/Shop/shop_back_effect_gold.png
  artifactKey: Guid(28e5deb1f4874437089080a6da44e045) Importer(815301076,1909f56bfc062723c751e8b465ee728b)
Start importing Assets/Packages/GUI Kit Casual Game/ResourcesData/Sprite/Shop/shop_back_effect_gold.png using Guid(28e5deb1f4874437089080a6da44e045) Importer(815301076,1909f56bfc062723c751e8b465ee728b)  -> (artifact id: '6fd88b7a7b4343932a147acf7cfed297') in 0.092484 seconds 
========================================================================
Received Import Request.
  Time since last request: 0.000051 seconds.
  path: Assets/Packages/GUI Kit Casual Game/ResourcesData/Sprite/Shop/shop_frame_yellow.png
  artifactKey: Guid(28554fc966eb749e587c11db562e7eeb) Importer(815301076,1909f56bfc062723c751e8b465ee728b)
Start importing Assets/Packages/GUI Kit Casual Game/ResourcesData/Sprite/Shop/shop_frame_yellow.png using Guid(28554fc966eb749e587c11db562e7eeb) Importer(815301076,1909f56bfc062723c751e8b465ee728b)  -> (artifact id: 'bb26f8c65330721a71c1f1f2d51117f0') in 0.020580 seconds 
========================================================================
Received Import Request.
  Time since last request: 0.000040 seconds.
  path: Assets/Packages/GUI Kit Casual Game/ResourcesData/Sprite/Shop/shop_frame_purple.png
  artifactKey: Guid(44a9a5484ba3c4cc895dc425ccaea164) Importer(815301076,1909f56bfc062723c751e8b465ee728b)
Start importing Assets/Packages/GUI Kit Casual Game/ResourcesData/Sprite/Shop/shop_frame_purple.png using Guid(44a9a5484ba3c4cc895dc425ccaea164) Importer(815301076,1909f56bfc062723c751e8b465ee728b)  -> (artifact id: '054fb5fd6585703daef3ab4ab04f159c') in 0.019680 seconds 
========================================================================
Received Import Request.
  Time since last request: 0.867015 seconds.
  path: Assets/Packages/AdvancedPeopleSystem2/Sprites/MaleOutfitIcons/Shoes_Firefighter_1_M.png
  artifactKey: Guid(eff95c2bb792309488c7957a8460f268) Importer(815301076,1909f56bfc062723c751e8b465ee728b)
Start importing Assets/Packages/AdvancedPeopleSystem2/Sprites/MaleOutfitIcons/Shoes_Firefighter_1_M.png using Guid(eff95c2bb792309488c7957a8460f268) Importer(815301076,1909f56bfc062723c751e8b465ee728b)  -> (artifact id: '595a10965ccb10a1d9d5d6364d71c96c') in 0.039774 seconds 
========================================================================
Received Import Request.
  Time since last request: 0.000023 seconds.
  path: Assets/Packages/GUI Kit Casual Game/ResourcesData/Preview/Shop0.png
  artifactKey: Guid(7ad50f249993c40699915f5966ea3c3a) Importer(815301076,1909f56bfc062723c751e8b465ee728b)
Start importing Assets/Packages/GUI Kit Casual Game/ResourcesData/Preview/Shop0.png using Guid(7ad50f249993c40699915f5966ea3c3a) Importer(815301076,1909f56bfc062723c751e8b465ee728b)  -> (artifact id: '2baeaef7de6c271b15cfadd9ee0d46c5') in 0.140290 seconds 
========================================================================
Received Import Request.
  Time since last request: 0.613867 seconds.
  path: Assets/Packages/AdvancedPeopleSystem2/Sprites/FemaleOutfitIcons/Shoes_07_F.png
  artifactKey: Guid(b970754a7d637714aaa102159b78e136) Importer(815301076,1909f56bfc062723c751e8b465ee728b)
Start importing Assets/Packages/AdvancedPeopleSystem2/Sprites/FemaleOutfitIcons/Shoes_07_F.png using Guid(b970754a7d637714aaa102159b78e136) Importer(815301076,1909f56bfc062723c751e8b465ee728b)  -> (artifact id: '716dd400545d208feeed514d42064e51') in 0.037601 seconds 
========================================================================
Received Import Request.
  Time since last request: 0.000033 seconds.
  path: Assets/Packages/AdvancedPeopleSystem2/Sprites/FemaleOutfitIcons/Shoes_08_F.png
  artifactKey: Guid(3152acdc5c8ebfa4db21005d1326308f) Importer(815301076,1909f56bfc062723c751e8b465ee728b)
Start importing Assets/Packages/AdvancedPeopleSystem2/Sprites/FemaleOutfitIcons/Shoes_08_F.png using Guid(3152acdc5c8ebfa4db21005d1326308f) Importer(815301076,1909f56bfc062723c751e8b465ee728b)  -> (artifact id: '8a077738ce5ae9ca5be9a710cc5180ac') in 0.035259 seconds 
========================================================================
Received Import Request.
  Time since last request: 0.000041 seconds.
  path: Assets/Packages/AdvancedPeopleSystem2/Sprites/MaleOutfitIcons/Shoes_08_M.png
  artifactKey: Guid(5721ee1553bb2ba47a89216eebdf69ba) Importer(815301076,1909f56bfc062723c751e8b465ee728b)
Start importing Assets/Packages/AdvancedPeopleSystem2/Sprites/MaleOutfitIcons/Shoes_08_M.png using Guid(5721ee1553bb2ba47a89216eebdf69ba) Importer(815301076,1909f56bfc062723c751e8b465ee728b)  -> (artifact id: 'dcf1ae823d48a8c9272d5e9890cadcad') in 0.036734 seconds 
========================================================================
Received Import Request.
  Time since last request: 0.000033 seconds.
  path: Assets/Packages/AdvancedPeopleSystem2/Sprites/FemaleOutfitIcons/Shoes_Doctor_1_F.png
  artifactKey: Guid(860ce32f0277cf84ab1934bec63da12d) Importer(815301076,1909f56bfc062723c751e8b465ee728b)
Start importing Assets/Packages/AdvancedPeopleSystem2/Sprites/FemaleOutfitIcons/Shoes_Doctor_1_F.png using Guid(860ce32f0277cf84ab1934bec63da12d) Importer(815301076,1909f56bfc062723c751e8b465ee728b)  -> (artifact id: '9695c4dffcaa84bcf225e6ae33752575') in 0.030891 seconds 
========================================================================
Received Import Request.
  Time since last request: 0.000045 seconds.
  path: Assets/Packages/AdvancedPeopleSystem2/Sprites/FemaleOutfitIcons/Shoes_05_F.png
  artifactKey: Guid(db66fce431cf6974ab958f6a8513e536) Importer(815301076,1909f56bfc062723c751e8b465ee728b)
Start importing Assets/Packages/AdvancedPeopleSystem2/Sprites/FemaleOutfitIcons/Shoes_05_F.png using Guid(db66fce431cf6974ab958f6a8513e536) Importer(815301076,1909f56bfc062723c751e8b465ee728b)  -> (artifact id: '6855b32d14dca1fe5e93de376f362ad5') in 0.033558 seconds 
========================================================================
Received Import Request.
  Time since last request: 0.000032 seconds.
  path: Assets/Packages/AdvancedPeopleSystem2/Sprites/FemaleOutfitIcons/Shoes_02_F.png
  artifactKey: Guid(e016a3e1295a0aa4d8164b7838de2da1) Importer(815301076,1909f56bfc062723c751e8b465ee728b)
Start importing Assets/Packages/AdvancedPeopleSystem2/Sprites/FemaleOutfitIcons/Shoes_02_F.png using Guid(e016a3e1295a0aa4d8164b7838de2da1) Importer(815301076,1909f56bfc062723c751e8b465ee728b)  -> (artifact id: '52855d51c53ce00c2245b620f669fd07') in 0.032072 seconds 
========================================================================
Received Import Request.
  Time since last request: 0.000027 seconds.
  path: Assets/Packages/AdvancedPeopleSystem2/Sprites/MaleOutfitIcons/Shoes_04_M.png
  artifactKey: Guid(5cc3d4bca616fd747bddac7736e9e3fe) Importer(815301076,1909f56bfc062723c751e8b465ee728b)
Start importing Assets/Packages/AdvancedPeopleSystem2/Sprites/MaleOutfitIcons/Shoes_04_M.png using Guid(5cc3d4bca616fd747bddac7736e9e3fe) Importer(815301076,1909f56bfc062723c751e8b465ee728b)  -> (artifact id: '881f2045f515d3071698593e90573242') in 0.032383 seconds 
========================================================================
Received Import Request.
  Time since last request: 0.000036 seconds.
  path: Assets/Packages/AdvancedPeopleSystem2/Sprites/MaleOutfitIcons/Shoes_02_M.png
  artifactKey: Guid(68af74b97ad2fcb4da25bdce0d52b83a) Importer(815301076,1909f56bfc062723c751e8b465ee728b)
Start importing Assets/Packages/AdvancedPeopleSystem2/Sprites/MaleOutfitIcons/Shoes_02_M.png using Guid(68af74b97ad2fcb4da25bdce0d52b83a) Importer(815301076,1909f56bfc062723c751e8b465ee728b)  -> (artifact id: '1a84731289e229c8bccab354b47c1bfb') in 0.030418 seconds 
========================================================================
Received Import Request.
  Time since last request: 0.082482 seconds.
  path: Assets/Packages/AdvancedPeopleSystem2/Sprites/MaleOutfitIcons/Shirt_Doctor_1_M.png
  artifactKey: Guid(2f5d00c531907e4478c22a3821f2690d) Importer(815301076,1909f56bfc062723c751e8b465ee728b)
Start importing Assets/Packages/AdvancedPeopleSystem2/Sprites/MaleOutfitIcons/Shirt_Doctor_1_M.png using Guid(2f5d00c531907e4478c22a3821f2690d) Importer(815301076,1909f56bfc062723c751e8b465ee728b)  -> (artifact id: 'f7eff976e6e009e818899f6e0fca2236') in 0.038520 seconds 
========================================================================
Received Import Request.
  Time since last request: 0.000046 seconds.
  path: Assets/Packages/AdvancedPeopleSystem2/Sprites/FemaleOutfitIcons/Shirt_Worker_1_F.png
  artifactKey: Guid(988e73ea4c5c0b24094005cd3453e01e) Importer(815301076,1909f56bfc062723c751e8b465ee728b)
Start importing Assets/Packages/AdvancedPeopleSystem2/Sprites/FemaleOutfitIcons/Shirt_Worker_1_F.png using Guid(988e73ea4c5c0b24094005cd3453e01e) Importer(815301076,1909f56bfc062723c751e8b465ee728b)  -> (artifact id: 'b0dfd9abaa2757e2dd185fc4ac535cf0') in 0.036036 seconds 
========================================================================
Received Import Request.
  Time since last request: 0.000048 seconds.
  path: Assets/Packages/AdvancedPeopleSystem2/Sprites/MaleOutfitIcons/Shirt_Worker_1_M.png
  artifactKey: Guid(fef475c6b834a7b4e8b1fbd7c6541741) Importer(815301076,1909f56bfc062723c751e8b465ee728b)
Start importing Assets/Packages/AdvancedPeopleSystem2/Sprites/MaleOutfitIcons/Shirt_Worker_1_M.png using Guid(fef475c6b834a7b4e8b1fbd7c6541741) Importer(815301076,1909f56bfc062723c751e8b465ee728b)  -> (artifact id: 'aa6e585102d32da9af064dbb9f79d698') in 0.037031 seconds 
Editor requested this worker to shutdown with reason: Scaling down because of idle timeout
AssetImportWorker is now disconnected from the server
Process exiting
Exiting without the bug reporter. Application will terminate with return code 0