Using pre-set license
Built from '2021.3/staging' branch; Version is '2021.3.11f1 (0a5ca18544bf) revision 679073'; Using compiler version '192829333'; Build Type 'Release'
OS: 'Windows 11  (10.0.22000) 64bit CoreSingleLanguage' Language: 'ru' Physical Memory: 15741 MB
BatchMode: 1, IsHumanControllingUs: 0, StartBugReporterOnCrash: 0, Is64bit: 1, IsPro: 1

COMMAND LINE ARGUMENTS:
D:\Unity\2021.3.11f1\Editor\Unity.exe
-adb2
-batchMode
-noUpm
-name
AssetImportWorker15
-projectPath
D:/UnityGames/WizardsAdventure/WizardsAdventure
-logFile
Logs/AssetImportWorker15.log
-srvPort
59558
Successfully changed project path to: D:/UnityGames/WizardsAdventure/WizardsAdventure
D:/UnityGames/WizardsAdventure/WizardsAdventure
[UnityMemory] Configuration Parameters - Can be set up in boot.config
    "memorysetup-bucket-allocator-granularity=16"
    "memorysetup-bucket-allocator-bucket-count=8"
    "memorysetup-bucket-allocator-block-size=33554432"
    "memorysetup-bucket-allocator-block-count=8"
    "memorysetup-main-allocator-block-size=16777216"
    "memorysetup-thread-allocator-block-size=16777216"
    "memorysetup-gfx-main-allocator-block-size=16777216"
    "memorysetup-gfx-thread-allocator-block-size=16777216"
    "memorysetup-cache-allocator-block-size=4194304"
    "memorysetup-typetree-allocator-block-size=2097152"
    "memorysetup-profiler-bucket-allocator-granularity=16"
    "memorysetup-profiler-bucket-allocator-bucket-count=8"
    "memorysetup-profiler-bucket-allocator-block-size=33554432"
    "memorysetup-profiler-bucket-allocator-block-count=8"
    "memorysetup-profiler-allocator-block-size=16777216"
    "memorysetup-profiler-editor-allocator-block-size=1048576"
    "memorysetup-temp-allocator-size-main=16777216"
    "memorysetup-job-temp-allocator-block-size=2097152"
    "memorysetup-job-temp-allocator-block-size-background=1048576"
    "memorysetup-job-temp-allocator-reduction-small-platforms=262144"
    "memorysetup-temp-allocator-size-background-worker=32768"
    "memorysetup-temp-allocator-size-job-worker=262144"
    "memorysetup-temp-allocator-size-preload-manager=33554432"
    "memorysetup-temp-allocator-size-nav-mesh-worker=65536"
    "memorysetup-temp-allocator-size-audio-worker=65536"
    "memorysetup-temp-allocator-size-cloud-worker=32768"
    "memorysetup-temp-allocator-size-gi-baking-worker=262144"
    "memorysetup-temp-allocator-size-gfx=262144"
Refreshing native plugins compatible for Editor in 156.53 ms, found 3 plugins.
Preloading 0 native plugins for Editor in 0.00 ms.
Initialize engine version: 2021.3.11f1 (0a5ca18544bf)
[Subsystems] Discovering subsystems at path D:/Unity/2021.3.11f1/Editor/Data/Resources/UnitySubsystems
[Subsystems] Discovering subsystems at path D:/UnityGames/WizardsAdventure/WizardsAdventure/Assets
GfxDevice: creating device client; threaded=0; jobified=0
Direct3D:
    Version:  Direct3D 11.0 [level 11.1]
    Renderer: AMD Radeon(TM) Graphics (ID=0x1636)
    Vendor:   ATI
    VRAM:     7870 MB
    Driver:   27.20.11032.1001
Initialize mono
Mono path[0] = 'D:/Unity/2021.3.11f1/Editor/Data/Managed'
Mono path[1] = 'D:/Unity/2021.3.11f1/Editor/Data/MonoBleedingEdge/lib/mono/unityjit-win32'
Mono config path = 'D:/Unity/2021.3.11f1/Editor/Data/MonoBleedingEdge/etc'
Using monoOptions --debugger-agent=transport=dt_socket,embedding=1,server=y,suspend=n,address=127.0.0.1:56616
Begin MonoManager ReloadAssembly
Registering precompiled unity dll's ...
Register platform support module: D:/Unity/2021.3.11f1/Editor/Data/PlaybackEngines/WindowsStandaloneSupport/UnityEditor.WindowsStandalone.Extensions.dll
Registered in 0.003768 seconds.
Native extension for WindowsStandalone target not found
Refreshing native plugins compatible for Editor in 170.50 ms, found 3 plugins.
Preloading 0 native plugins for Editor in 0.00 ms.
Mono: successfully reloaded assembly
- Completed reload, in  0.823 seconds
Domain Reload Profiling:
	ReloadAssembly (824ms)
		BeginReloadAssembly (144ms)
			ExecutionOrderSort (0ms)
			DisableScriptedObjects (0ms)
			BackupInstance (0ms)
			ReleaseScriptingObjects (0ms)
			CreateAndSetChildDomain (1ms)
		EndReloadAssembly (560ms)
			LoadAssemblies (142ms)
			RebuildTransferFunctionScriptingTraits (0ms)
			SetupTypeCache (116ms)
			ReleaseScriptCaches (0ms)
			RebuildScriptCaches (39ms)
			SetupLoadedEditorAssemblies (347ms)
				LogAssemblyErrors (0ms)
				InitializePlatformSupportModulesInManaged (8ms)
				SetLoadedEditorAssemblies (0ms)
				RefreshPlugins (171ms)
				BeforeProcessingInitializeOnLoad (1ms)
				ProcessInitializeOnLoadAttributes (120ms)
				ProcessInitializeOnLoadMethodAttributes (47ms)
				AfterProcessingInitializeOnLoad (0ms)
				EditorAssembliesLoaded (0ms)
			ExecutionOrderSort2 (0ms)
			AwakeInstancesAfterBackupRestoration (0ms)
Platform modules already initialized, skipping
Registering precompiled user dll's ...
Registered in 0.016366 seconds.
Begin MonoManager ReloadAssembly
Symbol file data-0000014355534010 doesn't match image D:\UnityGames\WizardsAdventure\WizardsAdventure\Library\ScriptAssemblies\Unity.VisualScripting.Flow.Editor.dll
Symbol file LoadedFromMemory is not a mono symbol file
Symbol file data-00000143555D97D0 doesn't match image D:\UnityGames\WizardsAdventure\WizardsAdventure\Library\ScriptAssemblies\Unity.VSCode.Editor.dll
Symbol file LoadedFromMemory is not a mono symbol file
Symbol file data-0000014355C21020 doesn't match image D:\UnityGames\WizardsAdventure\WizardsAdventure\Library\ScriptAssemblies\Unity.TextMeshPro.Editor.dll
Symbol file LoadedFromMemory is not a mono symbol file
Symbol file data-00000143555D97D0 doesn't match image D:\UnityGames\WizardsAdventure\WizardsAdventure\Library\ScriptAssemblies\Unity.Services.Core.Telemetry.dll
Symbol file LoadedFromMemory is not a mono symbol file
Symbol file data-0000014355F0E020 doesn't match image D:\UnityGames\WizardsAdventure\WizardsAdventure\Library\ScriptAssemblies\Unity.Performance.Profile-Analyzer.Editor.dll
Symbol file LoadedFromMemory is not a mono symbol file
Symbol file data-0000014355D56820 doesn't match image D:\UnityGames\WizardsAdventure\WizardsAdventure\Library\ScriptAssemblies\Unity.TestTools.CodeCoverage.Editor.OpenCover.Model.dll
Symbol file LoadedFromMemory is not a mono symbol file
Symbol file data-0000014355575E30 doesn't match image D:\UnityGames\WizardsAdventure\WizardsAdventure\Library\ScriptAssemblies\Unity.VisualStudio.Editor.dll
Symbol file LoadedFromMemory is not a mono symbol file
Symbol file data-0000014355575E30 doesn't match image D:\UnityGames\WizardsAdventure\WizardsAdventure\Library\ScriptAssemblies\UnityEngine.TestRunner.dll
Symbol file LoadedFromMemory is not a mono symbol file
Symbol file data-0000014355F49640 doesn't match image D:\UnityGames\WizardsAdventure\WizardsAdventure\Library\ScriptAssemblies\Unity.Timeline.dll
Symbol file LoadedFromMemory is not a mono symbol file
Symbol file data-0000014355FE8040 doesn't match image D:\UnityGames\WizardsAdventure\WizardsAdventure\Library\ScriptAssemblies\Unity.VisualScripting.Core.Editor.dll
Symbol file LoadedFromMemory is not a mono symbol file
Symbol file data-0000014355FE8040 doesn't match image D:\UnityGames\WizardsAdventure\WizardsAdventure\Library\ScriptAssemblies\Unity.TextMeshPro.dll
Symbol file LoadedFromMemory is not a mono symbol file
Symbol file data-0000014355F5EA50 doesn't match image D:\UnityGames\WizardsAdventure\WizardsAdventure\Library\ScriptAssemblies\Unity.VisualScripting.State.Editor.dll
Symbol file LoadedFromMemory is not a mono symbol file
Symbol file data-0000014356017450 doesn't match image D:\UnityGames\WizardsAdventure\WizardsAdventure\Library\ScriptAssemblies\UnityEditor.TestRunner.dll
Symbol file LoadedFromMemory is not a mono symbol file
Symbol file data-0000014353E67A40 doesn't match image D:\UnityGames\WizardsAdventure\WizardsAdventure\Library\ScriptAssemblies\Unity.Services.Core.Networking.dll
Symbol file LoadedFromMemory is not a mono symbol file
Symbol file data-0000014355EE4830 doesn't match image D:\UnityGames\WizardsAdventure\WizardsAdventure\Library\ScriptAssemblies\Unity.VisualScripting.SettingsProvider.Editor.dll
Symbol file LoadedFromMemory is not a mono symbol file
Symbol file data-0000014353943010 doesn't match image D:\UnityGames\WizardsAdventure\WizardsAdventure\Library\ScriptAssemblies\Unity.2D.Sprite.Editor.dll
Symbol file LoadedFromMemory is not a mono symbol file
Symbol file data-0000014355EE4830 doesn't match image D:\UnityGames\WizardsAdventure\WizardsAdventure\Library\ScriptAssemblies\Unity.TestTools.CodeCoverage.Editor.OpenCover.Mono.Reflection.dll
Symbol file LoadedFromMemory is not a mono symbol file
Symbol file data-0000014353642E90 doesn't match image D:\UnityGames\WizardsAdventure\WizardsAdventure\Library\ScriptAssemblies\Unity.VisualScripting.Flow.dll
Symbol file LoadedFromMemory is not a mono symbol file
Symbol file data-0000014353993220 doesn't match image D:\UnityGames\WizardsAdventure\WizardsAdventure\Library\ScriptAssemblies\UnityEditor.UI.dll
Symbol file LoadedFromMemory is not a mono symbol file
Symbol file data-0000014353657EA0 doesn't match image D:\UnityGames\WizardsAdventure\WizardsAdventure\Library\ScriptAssemblies\Unity.PlasticSCM.Editor.dll
Symbol file LoadedFromMemory is not a mono symbol file
Symbol file data-0000014355575E30 doesn't match image D:\UnityGames\WizardsAdventure\WizardsAdventure\Library\ScriptAssemblies\Unity.Rider.Editor.dll
Symbol file LoadedFromMemory is not a mono symbol file
Symbol file data-0000014353657EA0 doesn't match image D:\UnityGames\WizardsAdventure\WizardsAdventure\Library\ScriptAssemblies\Unity.Services.Core.Internal.dll
Symbol file LoadedFromMemory is not a mono symbol file
Symbol file data-0000014355C87020 doesn't match image D:\UnityGames\WizardsAdventure\WizardsAdventure\Library\ScriptAssemblies\UnityEngine.UI.dll
Symbol file LoadedFromMemory is not a mono symbol file
Symbol file data-000001435399B230 doesn't match image D:\UnityGames\WizardsAdventure\WizardsAdventure\Library\ScriptAssemblies\Unity.Services.Core.Configuration.dll
Symbol file LoadedFromMemory is not a mono symbol file
Symbol file data-000001435399B230 doesn't match image D:\UnityGames\WizardsAdventure\WizardsAdventure\Library\ScriptAssemblies\Unity.Services.Core.dll
Symbol file LoadedFromMemory is not a mono symbol file
Symbol file data-0000014355C87020 doesn't match image D:\UnityGames\WizardsAdventure\WizardsAdventure\Library\ScriptAssemblies\Unity.VisualScripting.Core.dll
Symbol file LoadedFromMemory is not a mono symbol file
Symbol file data-0000014353E67A40 doesn't match image D:\UnityGames\WizardsAdventure\WizardsAdventure\Library\ScriptAssemblies\Unity.EditorCoroutines.Editor.dll
Symbol file LoadedFromMemory is not a mono symbol file
Symbol file data-00000143536950B0 doesn't match image D:\UnityGames\WizardsAdventure\WizardsAdventure\Library\ScriptAssemblies\Unity.Services.Core.Editor.dll
Symbol file LoadedFromMemory is not a mono symbol file
Symbol file data-000001435399B230 doesn't match image D:\UnityGames\WizardsAdventure\WizardsAdventure\Library\ScriptAssemblies\Unity.Services.Core.Configuration.Editor.dll
Symbol file LoadedFromMemory is not a mono symbol file
Symbol file data-0000014353E67A40 doesn't match image D:\UnityGames\WizardsAdventure\WizardsAdventure\Library\ScriptAssemblies\Unity.Services.Core.Analytics.dll
Symbol file LoadedFromMemory is not a mono symbol file
Symbol file data-000001435399B230 doesn't match image D:\UnityGames\WizardsAdventure\WizardsAdventure\Library\ScriptAssemblies\Unity.Services.Core.Registration.dll
Symbol file LoadedFromMemory is not a mono symbol file
Symbol file data-0000014355F64090 doesn't match image D:\UnityGames\WizardsAdventure\WizardsAdventure\Library\ScriptAssemblies\Unity.VisualScripting.Shared.Editor.dll
Symbol file LoadedFromMemory is not a mono symbol file
Symbol file data-0000014355F64090 doesn't match image D:\UnityGames\WizardsAdventure\WizardsAdventure\Library\ScriptAssemblies\Unity.Services.Core.Environments.dll
Symbol file LoadedFromMemory is not a mono symbol file
Symbol file data-000001435369D0C0 doesn't match image D:\UnityGames\WizardsAdventure\WizardsAdventure\Library\ScriptAssemblies\Unity.Settings.Editor.dll
Symbol file LoadedFromMemory is not a mono symbol file
Symbol file data-0000014355F64090 doesn't match image D:\UnityGames\WizardsAdventure\WizardsAdventure\Library\ScriptAssemblies\Unity.Services.Core.Scheduler.dll
Symbol file LoadedFromMemory is not a mono symbol file
Symbol file data-0000014355F64090 doesn't match image D:\UnityGames\WizardsAdventure\WizardsAdventure\Library\ScriptAssemblies\Unity.Services.Core.Environments.Internal.dll
Symbol file LoadedFromMemory is not a mono symbol file
Symbol file data-0000014353D4F160 doesn't match image D:\UnityGames\WizardsAdventure\WizardsAdventure\Library\ScriptAssemblies\Unity.Timeline.Editor.dll
Symbol file LoadedFromMemory is not a mono symbol file
Symbol file data-0000014355CD8C50 doesn't match image D:\UnityGames\WizardsAdventure\WizardsAdventure\Library\ScriptAssemblies\Unity.CollabProxy.Editor.dll
Symbol file LoadedFromMemory is not a mono symbol file
Symbol file data-00000143536A10D0 doesn't match image D:\UnityGames\WizardsAdventure\WizardsAdventure\Library\ScriptAssemblies\Unity.Services.Core.Threading.dll
Symbol file LoadedFromMemory is not a mono symbol file
Symbol file data-0000014353524230 doesn't match image D:\UnityGames\WizardsAdventure\WizardsAdventure\Library\ScriptAssemblies\Unity.TestTools.CodeCoverage.Editor.dll
Symbol file LoadedFromMemory is not a mono symbol file
Symbol file data-0000014353524230 doesn't match image D:\UnityGames\WizardsAdventure\WizardsAdventure\Library\ScriptAssemblies\Unity.VisualScripting.State.dll
Symbol file LoadedFromMemory is not a mono symbol file
Symbol file data-0000014353524230 doesn't match image D:\UnityGames\WizardsAdventure\WizardsAdventure\Library\ScriptAssemblies\Unity.Services.Core.Device.dll
Symbol file LoadedFromMemory is not a mono symbol file
Symbol file LoadedFromMemory doesn't match image D:\UnityGames\WizardsAdventure\WizardsAdventure\Library\PackageCache\com.unity.visualscripting@1.7.8\Editor\VisualScripting.Core\Dependencies\YamlDotNet\Unity.VisualScripting.YamlDotNet.dll
Symbol file LoadedFromMemory doesn't match image D:\UnityGames\WizardsAdventure\WizardsAdventure\Library\PackageCache\com.unity.visualscripting@1.7.8\Editor\VisualScripting.Core\Dependencies\DotNetZip\Unity.VisualScripting.IonicZip.dll
Native extension for WindowsStandalone target not found
Refreshing native plugins compatible for Editor in 1.41 ms, found 3 plugins.
Preloading 0 native plugins for Editor in 0.00 ms.
Mono: successfully reloaded assembly
- Completed reload, in  1.455 seconds
Domain Reload Profiling:
	ReloadAssembly (1456ms)
		BeginReloadAssembly (106ms)
			ExecutionOrderSort (0ms)
			DisableScriptedObjects (6ms)
			BackupInstance (0ms)
			ReleaseScriptingObjects (0ms)
			CreateAndSetChildDomain (20ms)
		EndReloadAssembly (1228ms)
			LoadAssemblies (134ms)
			RebuildTransferFunctionScriptingTraits (0ms)
			SetupTypeCache (294ms)
			ReleaseScriptCaches (1ms)
			RebuildScriptCaches (64ms)
			SetupLoadedEditorAssemblies (690ms)
				LogAssemblyErrors (0ms)
				InitializePlatformSupportModulesInManaged (7ms)
				SetLoadedEditorAssemblies (1ms)
				RefreshPlugins (2ms)
				BeforeProcessingInitializeOnLoad (94ms)
				ProcessInitializeOnLoadAttributes (453ms)
				ProcessInitializeOnLoadMethodAttributes (132ms)
				AfterProcessingInitializeOnLoad (2ms)
				EditorAssembliesLoaded (0ms)
			ExecutionOrderSort2 (0ms)
			AwakeInstancesAfterBackupRestoration (8ms)
Platform modules already initialized, skipping
========================================================================
Worker process is ready to serve import requests
Launched and connected shader compiler UnityShaderCompiler.exe after 0.06 seconds
Refreshing native plugins compatible for Editor in 1.19 ms, found 3 plugins.
Preloading 0 native plugins for Editor in 0.00 ms.
Unloading 4264 Unused Serialized files (Serialized files now loaded: 0)
Unloading 28 unused Assets / (66.6 MB). Loaded Objects now: 4771.
Memory consumption went from 376.3 MB to 309.7 MB.
Total: 8.782700 ms (FindLiveObjects: 0.586100 ms CreateObjectMapping: 0.278600 ms MarkObjects: 4.192700 ms  DeleteObjects: 3.723100 ms)

AssetImportParameters requested are different than current active one (requested -> active):
  custom:video-decoder-ogg-theora: a1e56fd34408186e4bbccfd4996cb3dc -> 
  custom:container-muxer-webm: aa71ff27fc2769a1b78a27578f13a17b -> 
  custom:container-demuxer-webm: 4f35f7cbe854078d1ac9338744f61a02 -> 
  custom:video-encoder-webm-vp8: eb34c28f22e8b96e1ab97ce403110664 -> 
  custom:video-codec-MediaFoundation-h265: 746d11721c4dcdbdad8f713fa42b33f4 -> 
  custom:audio-encoder-webm-vorbis: bf7c407c2cedff20999df2af8eb42d56 -> 
  custom:framework-win-MediaFoundation: 216162199b28c13a410421893ffa2e32 -> 
  custom:container-demuxer-ogg: 62fdf1f143b41e24485cea50d1cbac27 -> 
  custom:video-decoder-webm-vp8: 9c59270c3fd7afecdb556c50c9e8de78 -> 
  custom:audio-decoder-ogg-vorbis: bf7c407c2cedff20999df2af8eb42d56 -> 
========================================================================
Received Import Request.
  Time since last request: 208447.482402 seconds.
  path: Assets/Resources/Prefabs/Items/Weapon/MeleeWeapon/Branch.prefab
  artifactKey: Guid(502e35a39b53eef4da424d5d7a2cbe71) Importer(815301076,1909f56bfc062723c751e8b465ee728b)
Start importing Assets/Resources/Prefabs/Items/Weapon/MeleeWeapon/Branch.prefab using Guid(502e35a39b53eef4da424d5d7a2cbe71) Importer(815301076,1909f56bfc062723c751e8b465ee728b)  -> (artifact id: 'd79e5e0893f8b4acd362a643ac6c22bf') in 0.117199 seconds 
========================================================================
Received Import Request.
  Time since last request: 10.148107 seconds.
  path: Assets/Resources/Prefabs/Items/Weapon/MeleeWeapon/Branch.prefab
  artifactKey: Guid(502e35a39b53eef4da424d5d7a2cbe71) Importer(815301076,1909f56bfc062723c751e8b465ee728b)
Start importing Assets/Resources/Prefabs/Items/Weapon/MeleeWeapon/Branch.prefab using Guid(502e35a39b53eef4da424d5d7a2cbe71) Importer(815301076,1909f56bfc062723c751e8b465ee728b)  -> (artifact id: 'c4bb5f79690a99b84ca39fddcb7bdc0c') in 0.016167 seconds 
========================================================================
Received Import Request.
  Time since last request: 3.404811 seconds.
  path: Assets/Resources/Prefabs/Items/Weapon/MeleeWeapon/Branch.prefab
  artifactKey: Guid(502e35a39b53eef4da424d5d7a2cbe71) Importer(815301076,1909f56bfc062723c751e8b465ee728b)
Start importing Assets/Resources/Prefabs/Items/Weapon/MeleeWeapon/Branch.prefab using Guid(502e35a39b53eef4da424d5d7a2cbe71) Importer(815301076,1909f56bfc062723c751e8b465ee728b)  -> (artifact id: '640e9171376c9246de5c6c7731096667') in 0.014526 seconds 
========================================================================
Received Import Request.
  Time since last request: 15.374911 seconds.
  path: Assets/Resources/Prefabs/Items/Weapon/MeleeWeapon/Branch.prefab
  artifactKey: Guid(502e35a39b53eef4da424d5d7a2cbe71) Importer(815301076,1909f56bfc062723c751e8b465ee728b)
Start importing Assets/Resources/Prefabs/Items/Weapon/MeleeWeapon/Branch.prefab using Guid(502e35a39b53eef4da424d5d7a2cbe71) Importer(815301076,1909f56bfc062723c751e8b465ee728b)  -> (artifact id: '313c389e95bf2d5adc59c77f9b6d81ae') in 0.013580 seconds 
========================================================================
Received Import Request.
  Time since last request: 3.424517 seconds.
  path: Assets/Packages/AdvancedPeopleSystem2/Models/CivilFemale/female_faceless.fbx
  artifactKey: Guid(55668f74e9f61f44896f4369c63c7793) Importer(815301076,1909f56bfc062723c751e8b465ee728b)
Start importing Assets/Packages/AdvancedPeopleSystem2/Models/CivilFemale/female_faceless.fbx using Guid(55668f74e9f61f44896f4369c63c7793) Importer(815301076,1909f56bfc062723c751e8b465ee728b)  -> (artifact id: '69640a0f5ba8f75e783fd844c1ef9ef9') in 1.670165 seconds 
========================================================================
Received Import Request.
  Time since last request: 0.000031 seconds.
  path: Assets/Packages/AdvancedPeopleSystem2/Models/CivilMale/male_faceless.fbx
  artifactKey: Guid(82c956c5c3f35de428045f3bc82f74db) Importer(815301076,1909f56bfc062723c751e8b465ee728b)
Start importing Assets/Packages/AdvancedPeopleSystem2/Models/CivilMale/male_faceless.fbx using Guid(82c956c5c3f35de428045f3bc82f74db) Importer(815301076,1909f56bfc062723c751e8b465ee728b)  -> (artifact id: 'a9f4b266953314c5beaee0a49b70f1b6') in 1.209512 seconds 
========================================================================
Received Import Request.
  Time since last request: 0.000043 seconds.
  path: Assets/Packages/AdvancedPeopleSystem2/Models/CivilFemale/BackpackPack/BackpackPack.fbx
  artifactKey: Guid(4668fb2a6f6e80248b3bb3c804e9bb5f) Importer(815301076,1909f56bfc062723c751e8b465ee728b)
Start importing Assets/Packages/AdvancedPeopleSystem2/Models/CivilFemale/BackpackPack/BackpackPack.fbx using Guid(4668fb2a6f6e80248b3bb3c804e9bb5f) Importer(815301076,1909f56bfc062723c751e8b465ee728b)  -> (artifact id: '8153d6a150adca9f6a08c605a9c845ef') in 0.365031 seconds 
========================================================================
Received Import Request.
  Time since last request: 0.000034 seconds.
  path: Assets/Resources/Prefabs/Items/Weapon/MeleeWeapon/Branch.prefab
  artifactKey: Guid(502e35a39b53eef4da424d5d7a2cbe71) Importer(815301076,1909f56bfc062723c751e8b465ee728b)
Start importing Assets/Resources/Prefabs/Items/Weapon/MeleeWeapon/Branch.prefab using Guid(502e35a39b53eef4da424d5d7a2cbe71) Importer(815301076,1909f56bfc062723c751e8b465ee728b)  -> (artifact id: 'cbfbdab43c6a7a2e4ebc64df628c6d89') in 0.013051 seconds 
Editor requested this worker to shutdown with reason: Scaling down because of idle timeout
AssetImportWorker is now disconnected from the server
Process exiting
Exiting without the bug reporter. Application will terminate with return code 0