Using pre-set license
Built from '2021.3/staging' branch; Version is '2021.3.11f1 (0a5ca18544bf) revision 679073'; Using compiler version '192829333'; Build Type 'Release'
OS: 'Windows 11  (10.0.22000) 64bit CoreSingleLanguage' Language: 'ru' Physical Memory: 15741 MB
BatchMode: 1, IsHumanControllingUs: 0, StartBugReporterOnCrash: 0, Is64bit: 1, IsPro: 1

COMMAND LINE ARGUMENTS:
D:\Unity\2021.3.11f1\Editor\Unity.exe
-adb2
-batchMode
-noUpm
-name
AssetImportWorker3
-projectPath
D:/UnityGames/WizardsAdventure/WizardsAdventure
-logFile
Logs/AssetImportWorker3.log
-srvPort
63006
Successfully changed project path to: D:/UnityGames/WizardsAdventure/WizardsAdventure
D:/UnityGames/WizardsAdventure/WizardsAdventure
[UnityMemory] Configuration Parameters - Can be set up in boot.config
    "memorysetup-bucket-allocator-granularity=16"
    "memorysetup-bucket-allocator-bucket-count=8"
    "memorysetup-bucket-allocator-block-size=33554432"
    "memorysetup-bucket-allocator-block-count=8"
    "memorysetup-main-allocator-block-size=16777216"
    "memorysetup-thread-allocator-block-size=16777216"
    "memorysetup-gfx-main-allocator-block-size=16777216"
    "memorysetup-gfx-thread-allocator-block-size=16777216"
    "memorysetup-cache-allocator-block-size=4194304"
    "memorysetup-typetree-allocator-block-size=2097152"
    "memorysetup-profiler-bucket-allocator-granularity=16"
    "memorysetup-profiler-bucket-allocator-bucket-count=8"
    "memorysetup-profiler-bucket-allocator-block-size=33554432"
    "memorysetup-profiler-bucket-allocator-block-count=8"
    "memorysetup-profiler-allocator-block-size=16777216"
    "memorysetup-profiler-editor-allocator-block-size=1048576"
    "memorysetup-temp-allocator-size-main=16777216"
    "memorysetup-job-temp-allocator-block-size=2097152"
    "memorysetup-job-temp-allocator-block-size-background=1048576"
    "memorysetup-job-temp-allocator-reduction-small-platforms=262144"
    "memorysetup-temp-allocator-size-background-worker=32768"
    "memorysetup-temp-allocator-size-job-worker=262144"
    "memorysetup-temp-allocator-size-preload-manager=33554432"
    "memorysetup-temp-allocator-size-nav-mesh-worker=65536"
    "memorysetup-temp-allocator-size-audio-worker=65536"
    "memorysetup-temp-allocator-size-cloud-worker=32768"
    "memorysetup-temp-allocator-size-gi-baking-worker=262144"
    "memorysetup-temp-allocator-size-gfx=262144"
Refreshing native plugins compatible for Editor in 103.22 ms, found 3 plugins.
Preloading 0 native plugins for Editor in 0.00 ms.
Initialize engine version: 2021.3.11f1 (0a5ca18544bf)
[Subsystems] Discovering subsystems at path D:/Unity/2021.3.11f1/Editor/Data/Resources/UnitySubsystems
[Subsystems] Discovering subsystems at path D:/UnityGames/WizardsAdventure/WizardsAdventure/Assets
GfxDevice: creating device client; threaded=0; jobified=0
Direct3D:
    Version:  Direct3D 11.0 [level 11.1]
    Renderer: AMD Radeon(TM) Graphics (ID=0x1636)
    Vendor:   ATI
    VRAM:     7870 MB
    Driver:   27.20.11032.1001
Initialize mono
Mono path[0] = 'D:/Unity/2021.3.11f1/Editor/Data/Managed'
Mono path[1] = 'D:/Unity/2021.3.11f1/Editor/Data/MonoBleedingEdge/lib/mono/unityjit-win32'
Mono config path = 'D:/Unity/2021.3.11f1/Editor/Data/MonoBleedingEdge/etc'
Using monoOptions --debugger-agent=transport=dt_socket,embedding=1,server=y,suspend=n,address=127.0.0.1:56832
Begin MonoManager ReloadAssembly
Registering precompiled unity dll's ...
Register platform support module: D:/Unity/2021.3.11f1/Editor/Data/PlaybackEngines/WindowsStandaloneSupport/UnityEditor.WindowsStandalone.Extensions.dll
Registered in 0.001690 seconds.
Native extension for WindowsStandalone target not found
Refreshing native plugins compatible for Editor in 121.08 ms, found 3 plugins.
Preloading 0 native plugins for Editor in 0.00 ms.
Mono: successfully reloaded assembly
- Completed reload, in  0.669 seconds
Domain Reload Profiling:
	ReloadAssembly (669ms)
		BeginReloadAssembly (70ms)
			ExecutionOrderSort (0ms)
			DisableScriptedObjects (0ms)
			BackupInstance (0ms)
			ReleaseScriptingObjects (0ms)
			CreateAndSetChildDomain (1ms)
		EndReloadAssembly (492ms)
			LoadAssemblies (69ms)
			RebuildTransferFunctionScriptingTraits (0ms)
			SetupTypeCache (109ms)
			ReleaseScriptCaches (0ms)
			RebuildScriptCaches (29ms)
			SetupLoadedEditorAssemblies (304ms)
				LogAssemblyErrors (0ms)
				InitializePlatformSupportModulesInManaged (7ms)
				SetLoadedEditorAssemblies (0ms)
				RefreshPlugins (121ms)
				BeforeProcessingInitializeOnLoad (1ms)
				ProcessInitializeOnLoadAttributes (125ms)
				ProcessInitializeOnLoadMethodAttributes (49ms)
				AfterProcessingInitializeOnLoad (0ms)
				EditorAssembliesLoaded (0ms)
			ExecutionOrderSort2 (0ms)
			AwakeInstancesAfterBackupRestoration (0ms)
Platform modules already initialized, skipping
Registering precompiled user dll's ...
Registered in 0.004352 seconds.
Begin MonoManager ReloadAssembly
Symbol file LoadedFromMemory doesn't match image D:\UnityGames\WizardsAdventure\WizardsAdventure\Library\PackageCache\com.unity.visualscripting@1.7.8\Editor\VisualScripting.Core\Dependencies\YamlDotNet\Unity.VisualScripting.YamlDotNet.dll
Symbol file LoadedFromMemory doesn't match image D:\UnityGames\WizardsAdventure\WizardsAdventure\Library\PackageCache\com.unity.visualscripting@1.7.8\Editor\VisualScripting.Core\Dependencies\DotNetZip\Unity.VisualScripting.IonicZip.dll
Native extension for WindowsStandalone target not found
Refreshing native plugins compatible for Editor in 1.02 ms, found 3 plugins.
Preloading 0 native plugins for Editor in 0.00 ms.
Mono: successfully reloaded assembly
- Completed reload, in  1.046 seconds
Domain Reload Profiling:
	ReloadAssembly (1046ms)
		BeginReloadAssembly (103ms)
			ExecutionOrderSort (0ms)
			DisableScriptedObjects (5ms)
			BackupInstance (0ms)
			ReleaseScriptingObjects (0ms)
			CreateAndSetChildDomain (19ms)
		EndReloadAssembly (835ms)
			LoadAssemblies (79ms)
			RebuildTransferFunctionScriptingTraits (0ms)
			SetupTypeCache (285ms)
			ReleaseScriptCaches (1ms)
			RebuildScriptCaches (57ms)
			SetupLoadedEditorAssemblies (370ms)
				LogAssemblyErrors (0ms)
				InitializePlatformSupportModulesInManaged (4ms)
				SetLoadedEditorAssemblies (0ms)
				RefreshPlugins (1ms)
				BeforeProcessingInitializeOnLoad (77ms)
				ProcessInitializeOnLoadAttributes (256ms)
				ProcessInitializeOnLoadMethodAttributes (29ms)
				AfterProcessingInitializeOnLoad (2ms)
				EditorAssembliesLoaded (0ms)
			ExecutionOrderSort2 (0ms)
			AwakeInstancesAfterBackupRestoration (8ms)
Platform modules already initialized, skipping
========================================================================
Worker process is ready to serve import requests
Launched and connected shader compiler UnityShaderCompiler.exe after 0.05 seconds
Refreshing native plugins compatible for Editor in 1.01 ms, found 3 plugins.
Preloading 0 native plugins for Editor in 0.00 ms.
Unloading 3524 Unused Serialized files (Serialized files now loaded: 0)
Unloading 25 unused Assets / (56.2 KB). Loaded Objects now: 3989.
Memory consumption went from 125.6 MB to 125.6 MB.
Total: 3.523300 ms (FindLiveObjects: 0.399800 ms CreateObjectMapping: 0.140900 ms MarkObjects: 2.879100 ms  DeleteObjects: 0.101700 ms)

AssetImportParameters requested are different than current active one (requested -> active):
  custom:video-decoder-ogg-theora: a1e56fd34408186e4bbccfd4996cb3dc -> 
  custom:container-muxer-webm: aa71ff27fc2769a1b78a27578f13a17b -> 
  custom:container-demuxer-webm: 4f35f7cbe854078d1ac9338744f61a02 -> 
  custom:video-encoder-webm-vp8: eb34c28f22e8b96e1ab97ce403110664 -> 
  custom:video-codec-MediaFoundation-h265: 746d11721c4dcdbdad8f713fa42b33f4 -> 
  custom:audio-encoder-webm-vorbis: bf7c407c2cedff20999df2af8eb42d56 -> 
  custom:framework-win-MediaFoundation: 216162199b28c13a410421893ffa2e32 -> 
  custom:container-demuxer-ogg: 62fdf1f143b41e24485cea50d1cbac27 -> 
  custom:video-decoder-webm-vp8: 9c59270c3fd7afecdb556c50c9e8de78 -> 
  custom:audio-decoder-ogg-vorbis: bf7c407c2cedff20999df2af8eb42d56 -> 
========================================================================
Received Import Request.
  Time since last request: 332079.137141 seconds.
  path: Assets/GUI Kit Casual Game/ResourcesData/Sprite/Stage/stage_icon_gold_dim.png
  artifactKey: Guid(a1570f9e78ea547af91f28afa5335c03) Importer(815301076,1909f56bfc062723c751e8b465ee728b)
Start importing Assets/GUI Kit Casual Game/ResourcesData/Sprite/Stage/stage_icon_gold_dim.png using Guid(a1570f9e78ea547af91f28afa5335c03) Importer(815301076,1909f56bfc062723c751e8b465ee728b)  -> (artifact id: '9347b83857f3681f13d91b8aa01a6db1') in 0.145344 seconds 
========================================================================
Received Import Request.
  Time since last request: 0.000040 seconds.
  path: Assets/GUI Kit Casual Game/ResourcesData/Sprite/Stage/stage_menu_lock.png
  artifactKey: Guid(f1f6097e1845c4c74b0badf93519bd9b) Importer(815301076,1909f56bfc062723c751e8b465ee728b)
Start importing Assets/GUI Kit Casual Game/ResourcesData/Sprite/Stage/stage_menu_lock.png using Guid(f1f6097e1845c4c74b0badf93519bd9b) Importer(815301076,1909f56bfc062723c751e8b465ee728b)  -> (artifact id: '7578079d2ac937ecf54cc7c05ef11a30') in 0.023711 seconds 
========================================================================
Received Import Request.
  Time since last request: 0.000034 seconds.
  path: Assets/GUI Kit Casual Game/ResourcesData/Sprite/Stage/stage_theme__icon_beach.png
  artifactKey: Guid(bc4a084373ec44b99b49e7a2a4f5da2d) Importer(815301076,1909f56bfc062723c751e8b465ee728b)
Start importing Assets/GUI Kit Casual Game/ResourcesData/Sprite/Stage/stage_theme__icon_beach.png using Guid(bc4a084373ec44b99b49e7a2a4f5da2d) Importer(815301076,1909f56bfc062723c751e8b465ee728b)  -> (artifact id: '11e25bc7c0e47152c45864759f1da335') in 0.079296 seconds 
========================================================================
Received Import Request.
  Time since last request: 0.000129 seconds.
  path: Assets/GUI Kit Casual Game/ResourcesData/Sprite/Stage/stage_theme_frame.png
  artifactKey: Guid(ef7010d05ff414dbf89580e62d7886a5) Importer(815301076,1909f56bfc062723c751e8b465ee728b)
Start importing Assets/GUI Kit Casual Game/ResourcesData/Sprite/Stage/stage_theme_frame.png using Guid(ef7010d05ff414dbf89580e62d7886a5) Importer(815301076,1909f56bfc062723c751e8b465ee728b)  -> (artifact id: '53df6e7f1f0d89a80de3cda1a398ad23') in 0.033773 seconds 
========================================================================
Received Import Request.
  Time since last request: 0.000066 seconds.
  path: Assets/GUI Kit Casual Game/ResourcesData/Sprite/LockScreen/stat_icon_battery_half.png
  artifactKey: Guid(46c7887ab63504f78b2587e649ef3415) Importer(815301076,1909f56bfc062723c751e8b465ee728b)
Start importing Assets/GUI Kit Casual Game/ResourcesData/Sprite/LockScreen/stat_icon_battery_half.png using Guid(46c7887ab63504f78b2587e649ef3415) Importer(815301076,1909f56bfc062723c751e8b465ee728b)  -> (artifact id: '24bbf41a1100db49192667aa844a0014') in 0.030239 seconds 
========================================================================
Received Import Request.
  Time since last request: 0.000057 seconds.
  path: Assets/GUI Kit Casual Game/ResourcesData/Sprite/LockScreen/stat_icon_battery_full.png
  artifactKey: Guid(ea8ef847ab02c4f119ce563451adc0e3) Importer(815301076,1909f56bfc062723c751e8b465ee728b)
Start importing Assets/GUI Kit Casual Game/ResourcesData/Sprite/LockScreen/stat_icon_battery_full.png using Guid(ea8ef847ab02c4f119ce563451adc0e3) Importer(815301076,1909f56bfc062723c751e8b465ee728b)  -> (artifact id: 'a834750fbb234f2d16b9e0541d256ecf') in 0.025407 seconds 
========================================================================
Received Import Request.
  Time since last request: 0.000050 seconds.
  path: Assets/GUI Kit Casual Game/ResourcesData/Sprite/Stage/stage_reward_icon_gold.png
  artifactKey: Guid(4df8f588e2dbd4977adde745edb6564a) Importer(815301076,1909f56bfc062723c751e8b465ee728b)
Start importing Assets/GUI Kit Casual Game/ResourcesData/Sprite/Stage/stage_reward_icon_gold.png using Guid(4df8f588e2dbd4977adde745edb6564a) Importer(815301076,1909f56bfc062723c751e8b465ee728b)  -> (artifact id: '6171c35933f14ae67d6f8c6e6825d860') in 0.028177 seconds 
========================================================================
Received Import Request.
  Time since last request: 0.000028 seconds.
  path: Assets/GUI Kit Casual Game/ResourcesData/Sprite/LockScreen/stat_icon_wifi.png
  artifactKey: Guid(c928ad39b3a514502b47fb7e488202d0) Importer(815301076,1909f56bfc062723c751e8b465ee728b)
Start importing Assets/GUI Kit Casual Game/ResourcesData/Sprite/LockScreen/stat_icon_wifi.png using Guid(c928ad39b3a514502b47fb7e488202d0) Importer(815301076,1909f56bfc062723c751e8b465ee728b)  -> (artifact id: '97f3b7453eb940593a5f50fbad91d093') in 0.016362 seconds 
========================================================================
Received Import Request.
  Time since last request: 0.000032 seconds.
  path: Assets/GUI Kit Casual Game/ResourcesData/Sprite/Stage/stage_theme_icon_city.png
  artifactKey: Guid(fdc3ad5fb76254238bca973927314946) Importer(815301076,1909f56bfc062723c751e8b465ee728b)
Start importing Assets/GUI Kit Casual Game/ResourcesData/Sprite/Stage/stage_theme_icon_city.png using Guid(fdc3ad5fb76254238bca973927314946) Importer(815301076,1909f56bfc062723c751e8b465ee728b)  -> (artifact id: '7871f0c899326dac72b24c1fd5b1c503') in 0.070215 seconds 
========================================================================
Received Import Request.
  Time since last request: 11.297912 seconds.
  path: Assets/Source/Sprites/Items/sword (2).png
  artifactKey: Guid(2858fb3907df6af4b8261dbd3b64e762) Importer(815301076,1909f56bfc062723c751e8b465ee728b)
Start importing Assets/Source/Sprites/Items/sword (2).png using Guid(2858fb3907df6af4b8261dbd3b64e762) Importer(815301076,1909f56bfc062723c751e8b465ee728b)  -> (artifact id: '4849ff74d457768594b0286efbf8eaa2') in 0.002140 seconds 
========================================================================
Received Import Request.
  Time since last request: 0.000103 seconds.
  path: Assets/Source/Sprites/Items/sword (5).png
  artifactKey: Guid(58c7494d8119fd241b938ae0d6a8f9d7) Importer(815301076,1909f56bfc062723c751e8b465ee728b)
Start importing Assets/Source/Sprites/Items/sword (5).png using Guid(58c7494d8119fd241b938ae0d6a8f9d7) Importer(815301076,1909f56bfc062723c751e8b465ee728b)  -> (artifact id: '0888eb4b8f7f8341f4e1423448c06844') in 0.002230 seconds 
Editor requested this worker to shutdown with reason: Scaling down because of idle timeout
AssetImportWorker is now disconnected from the server
Process exiting
Exiting without the bug reporter. Application will terminate with return code 0