Using pre-set license
Built from '2021.3/staging' branch; Version is '2021.3.11f1 (0a5ca18544bf) revision 679073'; Using compiler version '192829333'; Build Type 'Release'
OS: 'Windows 11  (10.0.22000) 64bit CoreSingleLanguage' Language: 'ru' Physical Memory: 15741 MB
BatchMode: 1, IsHumanControllingUs: 0, StartBugReporterOnCrash: 0, Is64bit: 1, IsPro: 1

COMMAND LINE ARGUMENTS:
D:\Unity\2021.3.11f1\Editor\Unity.exe
-adb2
-batchMode
-noUpm
-name
AssetImportWorker16
-projectPath
D:/UnityGames/WizardsAdventure/WizardsAdventure
-logFile
Logs/AssetImportWorker16.log
-srvPort
59558
Successfully changed project path to: D:/UnityGames/WizardsAdventure/WizardsAdventure
D:/UnityGames/WizardsAdventure/WizardsAdventure
[UnityMemory] Configuration Parameters - Can be set up in boot.config
    "memorysetup-bucket-allocator-granularity=16"
    "memorysetup-bucket-allocator-bucket-count=8"
    "memorysetup-bucket-allocator-block-size=33554432"
    "memorysetup-bucket-allocator-block-count=8"
    "memorysetup-main-allocator-block-size=16777216"
    "memorysetup-thread-allocator-block-size=16777216"
    "memorysetup-gfx-main-allocator-block-size=16777216"
    "memorysetup-gfx-thread-allocator-block-size=16777216"
    "memorysetup-cache-allocator-block-size=4194304"
    "memorysetup-typetree-allocator-block-size=2097152"
    "memorysetup-profiler-bucket-allocator-granularity=16"
    "memorysetup-profiler-bucket-allocator-bucket-count=8"
    "memorysetup-profiler-bucket-allocator-block-size=33554432"
    "memorysetup-profiler-bucket-allocator-block-count=8"
    "memorysetup-profiler-allocator-block-size=16777216"
    "memorysetup-profiler-editor-allocator-block-size=1048576"
    "memorysetup-temp-allocator-size-main=16777216"
    "memorysetup-job-temp-allocator-block-size=2097152"
    "memorysetup-job-temp-allocator-block-size-background=1048576"
    "memorysetup-job-temp-allocator-reduction-small-platforms=262144"
    "memorysetup-temp-allocator-size-background-worker=32768"
    "memorysetup-temp-allocator-size-job-worker=262144"
    "memorysetup-temp-allocator-size-preload-manager=33554432"
    "memorysetup-temp-allocator-size-nav-mesh-worker=65536"
    "memorysetup-temp-allocator-size-audio-worker=65536"
    "memorysetup-temp-allocator-size-cloud-worker=32768"
    "memorysetup-temp-allocator-size-gi-baking-worker=262144"
    "memorysetup-temp-allocator-size-gfx=262144"
Refreshing native plugins compatible for Editor in 193.03 ms, found 3 plugins.
Preloading 0 native plugins for Editor in 0.00 ms.
Initialize engine version: 2021.3.11f1 (0a5ca18544bf)
[Subsystems] Discovering subsystems at path D:/Unity/2021.3.11f1/Editor/Data/Resources/UnitySubsystems
[Subsystems] Discovering subsystems at path D:/UnityGames/WizardsAdventure/WizardsAdventure/Assets
GfxDevice: creating device client; threaded=0; jobified=0
Direct3D:
    Version:  Direct3D 11.0 [level 11.1]
    Renderer: AMD Radeon(TM) Graphics (ID=0x1636)
    Vendor:   ATI
    VRAM:     7870 MB
    Driver:   27.20.11032.1001
Initialize mono
Mono path[0] = 'D:/Unity/2021.3.11f1/Editor/Data/Managed'
Mono path[1] = 'D:/Unity/2021.3.11f1/Editor/Data/MonoBleedingEdge/lib/mono/unityjit-win32'
Mono config path = 'D:/Unity/2021.3.11f1/Editor/Data/MonoBleedingEdge/etc'
Using monoOptions --debugger-agent=transport=dt_socket,embedding=1,server=y,suspend=n,address=127.0.0.1:56704
Begin MonoManager ReloadAssembly
Registering precompiled unity dll's ...
Register platform support module: D:/Unity/2021.3.11f1/Editor/Data/PlaybackEngines/WindowsStandaloneSupport/UnityEditor.WindowsStandalone.Extensions.dll
Registered in 0.002001 seconds.
Native extension for WindowsStandalone target not found
Refreshing native plugins compatible for Editor in 194.82 ms, found 3 plugins.
Preloading 0 native plugins for Editor in 0.00 ms.
Mono: successfully reloaded assembly
- Completed reload, in  0.885 seconds
Domain Reload Profiling:
	ReloadAssembly (886ms)
		BeginReloadAssembly (94ms)
			ExecutionOrderSort (0ms)
			DisableScriptedObjects (0ms)
			BackupInstance (0ms)
			ReleaseScriptingObjects (0ms)
			CreateAndSetChildDomain (1ms)
		EndReloadAssembly (672ms)
			LoadAssemblies (93ms)
			RebuildTransferFunctionScriptingTraits (0ms)
			SetupTypeCache (125ms)
			ReleaseScriptCaches (0ms)
			RebuildScriptCaches (35ms)
			SetupLoadedEditorAssemblies (453ms)
				LogAssemblyErrors (0ms)
				InitializePlatformSupportModulesInManaged (7ms)
				SetLoadedEditorAssemblies (0ms)
				RefreshPlugins (195ms)
				BeforeProcessingInitializeOnLoad (2ms)
				ProcessInitializeOnLoadAttributes (185ms)
				ProcessInitializeOnLoadMethodAttributes (63ms)
				AfterProcessingInitializeOnLoad (0ms)
				EditorAssembliesLoaded (0ms)
			ExecutionOrderSort2 (0ms)
			AwakeInstancesAfterBackupRestoration (0ms)
Platform modules already initialized, skipping
Registering precompiled user dll's ...
Registered in 0.005514 seconds.
Begin MonoManager ReloadAssembly
Symbol file data-0000019CD93D6C90 doesn't match image D:\UnityGames\WizardsAdventure\WizardsAdventure\Library\ScriptAssemblies\Unity.VisualScripting.Flow.Editor.dll
Symbol file LoadedFromMemory is not a mono symbol file
Symbol file data-0000019CD93D6C90 doesn't match image D:\UnityGames\WizardsAdventure\WizardsAdventure\Library\ScriptAssemblies\Unity.VSCode.Editor.dll
Symbol file LoadedFromMemory is not a mono symbol file
Symbol file data-0000019CD9C36B10 doesn't match image D:\UnityGames\WizardsAdventure\WizardsAdventure\Library\ScriptAssemblies\Unity.TextMeshPro.Editor.dll
Symbol file LoadedFromMemory is not a mono symbol file
Symbol file data-0000019CD9C3D520 doesn't match image D:\UnityGames\WizardsAdventure\WizardsAdventure\Library\ScriptAssemblies\Unity.Services.Core.Telemetry.dll
Symbol file LoadedFromMemory is not a mono symbol file
Symbol file data-0000019CDA289050 doesn't match image D:\UnityGames\WizardsAdventure\WizardsAdventure\Library\ScriptAssemblies\Unity.Performance.Profile-Analyzer.Editor.dll
Symbol file LoadedFromMemory is not a mono symbol file
Symbol file data-0000019CD9C43130 doesn't match image D:\UnityGames\WizardsAdventure\WizardsAdventure\Library\ScriptAssemblies\Unity.TestTools.CodeCoverage.Editor.OpenCover.Model.dll
Symbol file LoadedFromMemory is not a mono symbol file
Symbol file data-0000019CD93D6C90 doesn't match image D:\UnityGames\WizardsAdventure\WizardsAdventure\Library\ScriptAssemblies\Unity.VisualStudio.Editor.dll
Symbol file LoadedFromMemory is not a mono symbol file
Symbol file data-0000019CD93F16A0 doesn't match image D:\UnityGames\WizardsAdventure\WizardsAdventure\Library\ScriptAssemblies\UnityEngine.TestRunner.dll
Symbol file LoadedFromMemory is not a mono symbol file
Symbol file data-0000019CDB6F6C30 doesn't match image D:\UnityGames\WizardsAdventure\WizardsAdventure\Library\ScriptAssemblies\Unity.Timeline.dll
Symbol file LoadedFromMemory is not a mono symbol file
Symbol file data-0000019CDB600080 doesn't match image D:\UnityGames\WizardsAdventure\WizardsAdventure\Library\ScriptAssemblies\Unity.VisualScripting.Core.Editor.dll
Symbol file LoadedFromMemory is not a mono symbol file
Symbol file data-0000019CDB6F6C30 doesn't match image D:\UnityGames\WizardsAdventure\WizardsAdventure\Library\ScriptAssemblies\Unity.TextMeshPro.dll
Symbol file LoadedFromMemory is not a mono symbol file
Symbol file data-0000019CD94EC0B0 doesn't match image D:\UnityGames\WizardsAdventure\WizardsAdventure\Library\ScriptAssemblies\Unity.VisualScripting.State.Editor.dll
Symbol file LoadedFromMemory is not a mono symbol file
Symbol file data-0000019CDB70C040 doesn't match image D:\UnityGames\WizardsAdventure\WizardsAdventure\Library\ScriptAssemblies\UnityEditor.TestRunner.dll
Symbol file LoadedFromMemory is not a mono symbol file
Symbol file data-0000019CDBF5B430 doesn't match image D:\UnityGames\WizardsAdventure\WizardsAdventure\Library\ScriptAssemblies\Unity.Services.Core.Networking.dll
Symbol file LoadedFromMemory is not a mono symbol file
Symbol file data-0000019CD9C43130 doesn't match image D:\UnityGames\WizardsAdventure\WizardsAdventure\Library\ScriptAssemblies\Unity.VisualScripting.SettingsProvider.Editor.dll
Symbol file LoadedFromMemory is not a mono symbol file
Symbol file data-0000019CDB70C040 doesn't match image D:\UnityGames\WizardsAdventure\WizardsAdventure\Library\ScriptAssemblies\Unity.2D.Sprite.Editor.dll
Symbol file LoadedFromMemory is not a mono symbol file
Symbol file data-0000019CD9C43130 doesn't match image D:\UnityGames\WizardsAdventure\WizardsAdventure\Library\ScriptAssemblies\Unity.TestTools.CodeCoverage.Editor.OpenCover.Mono.Reflection.dll
Symbol file LoadedFromMemory is not a mono symbol file
Symbol file data-0000019CD9C6E260 doesn't match image D:\UnityGames\WizardsAdventure\WizardsAdventure\Library\ScriptAssemblies\Unity.VisualScripting.Flow.dll
Symbol file LoadedFromMemory is not a mono symbol file
Symbol file data-0000019CDB721050 doesn't match image D:\UnityGames\WizardsAdventure\WizardsAdventure\Library\ScriptAssemblies\UnityEditor.UI.dll
Symbol file LoadedFromMemory is not a mono symbol file
Symbol file data-0000019CD9C6E260 doesn't match image D:\UnityGames\WizardsAdventure\WizardsAdventure\Library\ScriptAssemblies\Unity.PlasticSCM.Editor.dll
Symbol file LoadedFromMemory is not a mono symbol file
Symbol file data-0000019CD9FEE790 doesn't match image D:\UnityGames\WizardsAdventure\WizardsAdventure\Library\ScriptAssemblies\Unity.Rider.Editor.dll
Symbol file LoadedFromMemory is not a mono symbol file
Symbol file data-0000019CD9FEE790 doesn't match image D:\UnityGames\WizardsAdventure\WizardsAdventure\Library\ScriptAssemblies\Unity.Services.Core.Internal.dll
Symbol file LoadedFromMemory is not a mono symbol file
Symbol file data-0000019CD9CAB470 doesn't match image D:\UnityGames\WizardsAdventure\WizardsAdventure\Library\ScriptAssemblies\UnityEngine.UI.dll
Symbol file LoadedFromMemory is not a mono symbol file
Symbol file data-0000019CDCCE8E30 doesn't match image D:\UnityGames\WizardsAdventure\WizardsAdventure\Library\ScriptAssemblies\Unity.Services.Core.Configuration.dll
Symbol file LoadedFromMemory is not a mono symbol file
Symbol file data-0000019CDCCE8E30 doesn't match image D:\UnityGames\WizardsAdventure\WizardsAdventure\Library\ScriptAssemblies\Unity.Services.Core.dll
Symbol file LoadedFromMemory is not a mono symbol file
Symbol file data-0000019CDC0CD010 doesn't match image D:\UnityGames\WizardsAdventure\WizardsAdventure\Library\ScriptAssemblies\Unity.VisualScripting.Core.dll
Symbol file LoadedFromMemory is not a mono symbol file
Symbol file data-0000019CDCCE8E30 doesn't match image D:\UnityGames\WizardsAdventure\WizardsAdventure\Library\ScriptAssemblies\Unity.EditorCoroutines.Editor.dll
Symbol file LoadedFromMemory is not a mono symbol file
Symbol file data-0000019CD94F40C0 doesn't match image D:\UnityGames\WizardsAdventure\WizardsAdventure\Library\ScriptAssemblies\Unity.Services.Core.Editor.dll
Symbol file LoadedFromMemory is not a mono symbol file
Symbol file data-0000019CDCCE8E30 doesn't match image D:\UnityGames\WizardsAdventure\WizardsAdventure\Library\ScriptAssemblies\Unity.Services.Core.Configuration.Editor.dll
Symbol file LoadedFromMemory is not a mono symbol file
Symbol file data-0000019CDCCE8E30 doesn't match image D:\UnityGames\WizardsAdventure\WizardsAdventure\Library\ScriptAssemblies\Unity.Services.Core.Analytics.dll
Symbol file LoadedFromMemory is not a mono symbol file
Symbol file data-0000019CD94F40C0 doesn't match image D:\UnityGames\WizardsAdventure\WizardsAdventure\Library\ScriptAssemblies\Unity.Services.Core.Registration.dll
Symbol file LoadedFromMemory is not a mono symbol file
Symbol file data-0000019CD94F40C0 doesn't match image D:\UnityGames\WizardsAdventure\WizardsAdventure\Library\ScriptAssemblies\Unity.VisualScripting.Shared.Editor.dll
Symbol file LoadedFromMemory is not a mono symbol file
Symbol file data-0000019CD94F40C0 doesn't match image D:\UnityGames\WizardsAdventure\WizardsAdventure\Library\ScriptAssemblies\Unity.Services.Core.Environments.dll
Symbol file LoadedFromMemory is not a mono symbol file
Symbol file data-0000019CD9CB4880 doesn't match image D:\UnityGames\WizardsAdventure\WizardsAdventure\Library\ScriptAssemblies\Unity.Settings.Editor.dll
Symbol file LoadedFromMemory is not a mono symbol file
Symbol file data-0000019CD9CB4880 doesn't match image D:\UnityGames\WizardsAdventure\WizardsAdventure\Library\ScriptAssemblies\Unity.Services.Core.Scheduler.dll
Symbol file LoadedFromMemory is not a mono symbol file
Symbol file data-0000019CD9CB4880 doesn't match image D:\UnityGames\WizardsAdventure\WizardsAdventure\Library\ScriptAssemblies\Unity.Services.Core.Environments.Internal.dll
Symbol file LoadedFromMemory is not a mono symbol file
Symbol file data-0000019CDC0CD010 doesn't match image D:\UnityGames\WizardsAdventure\WizardsAdventure\Library\ScriptAssemblies\Unity.Timeline.Editor.dll
Symbol file LoadedFromMemory is not a mono symbol file
Symbol file data-0000019CDC119CF0 doesn't match image D:\UnityGames\WizardsAdventure\WizardsAdventure\Library\ScriptAssemblies\Unity.CollabProxy.Editor.dll
Symbol file LoadedFromMemory is not a mono symbol file
Symbol file data-0000019CDBC6D420 doesn't match image D:\UnityGames\WizardsAdventure\WizardsAdventure\Library\ScriptAssemblies\Unity.Services.Core.Threading.dll
Symbol file LoadedFromMemory is not a mono symbol file
Symbol file data-0000019CD9815820 doesn't match image D:\UnityGames\WizardsAdventure\WizardsAdventure\Library\ScriptAssemblies\Unity.TestTools.CodeCoverage.Editor.dll
Symbol file LoadedFromMemory is not a mono symbol file
Symbol file data-0000019CD9815820 doesn't match image D:\UnityGames\WizardsAdventure\WizardsAdventure\Library\ScriptAssemblies\Unity.VisualScripting.State.dll
Symbol file LoadedFromMemory is not a mono symbol file
Symbol file data-0000019CDC131DD0 doesn't match image D:\UnityGames\WizardsAdventure\WizardsAdventure\Library\ScriptAssemblies\Unity.Services.Core.Device.dll
Symbol file LoadedFromMemory is not a mono symbol file
Symbol file LoadedFromMemory doesn't match image D:\UnityGames\WizardsAdventure\WizardsAdventure\Library\PackageCache\com.unity.visualscripting@1.7.8\Editor\VisualScripting.Core\Dependencies\YamlDotNet\Unity.VisualScripting.YamlDotNet.dll
Symbol file LoadedFromMemory doesn't match image D:\UnityGames\WizardsAdventure\WizardsAdventure\Library\PackageCache\com.unity.visualscripting@1.7.8\Editor\VisualScripting.Core\Dependencies\DotNetZip\Unity.VisualScripting.IonicZip.dll
Native extension for WindowsStandalone target not found
Refreshing native plugins compatible for Editor in 2.14 ms, found 3 plugins.
Preloading 0 native plugins for Editor in 0.00 ms.
Mono: successfully reloaded assembly
- Completed reload, in  1.421 seconds
Domain Reload Profiling:
	ReloadAssembly (1422ms)
		BeginReloadAssembly (161ms)
			ExecutionOrderSort (0ms)
			DisableScriptedObjects (8ms)
			BackupInstance (0ms)
			ReleaseScriptingObjects (0ms)
			CreateAndSetChildDomain (25ms)
		EndReloadAssembly (1126ms)
			LoadAssemblies (126ms)
			RebuildTransferFunctionScriptingTraits (0ms)
			SetupTypeCache (297ms)
			ReleaseScriptCaches (1ms)
			RebuildScriptCaches (70ms)
			SetupLoadedEditorAssemblies (628ms)
				LogAssemblyErrors (0ms)
				InitializePlatformSupportModulesInManaged (5ms)
				SetLoadedEditorAssemblies (1ms)
				RefreshPlugins (2ms)
				BeforeProcessingInitializeOnLoad (89ms)
				ProcessInitializeOnLoadAttributes (413ms)
				ProcessInitializeOnLoadMethodAttributes (116ms)
				AfterProcessingInitializeOnLoad (2ms)
				EditorAssembliesLoaded (0ms)
			ExecutionOrderSort2 (0ms)
			AwakeInstancesAfterBackupRestoration (8ms)
Platform modules already initialized, skipping
========================================================================
Worker process is ready to serve import requests
Launched and connected shader compiler UnityShaderCompiler.exe after 0.07 seconds
Refreshing native plugins compatible for Editor in 2.08 ms, found 3 plugins.
Preloading 0 native plugins for Editor in 0.00 ms.
Unloading 4264 Unused Serialized files (Serialized files now loaded: 0)
Unloading 28 unused Assets / (66.6 MB). Loaded Objects now: 4771.
Memory consumption went from 376.3 MB to 309.6 MB.
Total: 8.280700 ms (FindLiveObjects: 0.518700 ms CreateObjectMapping: 0.261700 ms MarkObjects: 3.796200 ms  DeleteObjects: 3.702800 ms)

AssetImportParameters requested are different than current active one (requested -> active):
  custom:video-decoder-ogg-theora: a1e56fd34408186e4bbccfd4996cb3dc -> 
  custom:container-muxer-webm: aa71ff27fc2769a1b78a27578f13a17b -> 
  custom:container-demuxer-webm: 4f35f7cbe854078d1ac9338744f61a02 -> 
  custom:video-encoder-webm-vp8: eb34c28f22e8b96e1ab97ce403110664 -> 
  custom:video-codec-MediaFoundation-h265: 746d11721c4dcdbdad8f713fa42b33f4 -> 
  custom:audio-encoder-webm-vorbis: bf7c407c2cedff20999df2af8eb42d56 -> 
  custom:framework-win-MediaFoundation: 216162199b28c13a410421893ffa2e32 -> 
  custom:container-demuxer-ogg: 62fdf1f143b41e24485cea50d1cbac27 -> 
  custom:video-decoder-webm-vp8: 9c59270c3fd7afecdb556c50c9e8de78 -> 
  custom:audio-decoder-ogg-vorbis: bf7c407c2cedff20999df2af8eb42d56 -> 
========================================================================
Received Import Request.
  Time since last request: 208579.246853 seconds.
  path: Assets/Packages/FlatKit/Demos/[Demo] Fruit Vase/FruitVase-Materials/FV-Scene 1 - Mode_None-Completely Flat/1-Banana.mat
  artifactKey: Guid(09d689fffc8ae4e19a0c30d4470c8a1a) Importer(815301076,1909f56bfc062723c751e8b465ee728b)
Start importing Assets/Packages/FlatKit/Demos/[Demo] Fruit Vase/FruitVase-Materials/FV-Scene 1 - Mode_None-Completely Flat/1-Banana.mat using Guid(09d689fffc8ae4e19a0c30d4470c8a1a) Importer(815301076,1909f56bfc062723c751e8b465ee728b)  -> (artifact id: '1ae95dd417fc533b9d9fad7963b67883') in 0.184410 seconds 
========================================================================
Received Import Request.
  Time since last request: 0.000034 seconds.
  path: Assets/Packages/FlatKit/Demos/[Demo] Mugs/Mugs-Materials/1 - ColorfulMisc/02.1-BlueprintGrid-Mug-06.mat
  artifactKey: Guid(a09f691a2eca6428781040174383f956) Importer(815301076,1909f56bfc062723c751e8b465ee728b)
Start importing Assets/Packages/FlatKit/Demos/[Demo] Mugs/Mugs-Materials/1 - ColorfulMisc/02.1-BlueprintGrid-Mug-06.mat using Guid(a09f691a2eca6428781040174383f956) Importer(815301076,1909f56bfc062723c751e8b465ee728b)  -> (artifact id: '4e21cb94b1eab4b3dbcda71713f5aa36') in 0.020245 seconds 
========================================================================
Received Import Request.
  Time since last request: 0.000055 seconds.
  path: Assets/Packages/FlatKit/Demos/[Demo] Mugs/Mugs-Materials/1 - ColorfulMisc/02.1-BlueprintGrid-Mug-04.mat
  artifactKey: Guid(b184e89337c8240f79100ad4fd539699) Importer(815301076,1909f56bfc062723c751e8b465ee728b)
Start importing Assets/Packages/FlatKit/Demos/[Demo] Mugs/Mugs-Materials/1 - ColorfulMisc/02.1-BlueprintGrid-Mug-04.mat using Guid(b184e89337c8240f79100ad4fd539699) Importer(815301076,1909f56bfc062723c751e8b465ee728b)  -> (artifact id: '69059a9da059d5377683401c74836d3c') in 0.012075 seconds 
========================================================================
Received Import Request.
  Time since last request: 0.000034 seconds.
  path: Assets/Packages/FlatKit/Demos/[Demo] Fruit Vase/FruitVase-Materials/FV-Scene 1 - Mode_None-Completely Flat/1-Grape.mat
  artifactKey: Guid(ccb08d2326c8e426e89cf8134fd38ef2) Importer(815301076,1909f56bfc062723c751e8b465ee728b)
Start importing Assets/Packages/FlatKit/Demos/[Demo] Fruit Vase/FruitVase-Materials/FV-Scene 1 - Mode_None-Completely Flat/1-Grape.mat using Guid(ccb08d2326c8e426e89cf8134fd38ef2) Importer(815301076,1909f56bfc062723c751e8b465ee728b)  -> (artifact id: '8c629190c9fcbf1e385772dc9dcb954d') in 0.012700 seconds 
========================================================================
Received Import Request.
  Time since last request: 0.000035 seconds.
  path: Assets/Packages/FlatKit/Demos/[Demo] Fruit Vase/FruitVase-Materials/FV-Scene 2 - Mode_Single/2-Plane.mat
  artifactKey: Guid(46db7ba04285c46109e450d53292a114) Importer(815301076,1909f56bfc062723c751e8b465ee728b)
Start importing Assets/Packages/FlatKit/Demos/[Demo] Fruit Vase/FruitVase-Materials/FV-Scene 2 - Mode_Single/2-Plane.mat using Guid(46db7ba04285c46109e450d53292a114) Importer(815301076,1909f56bfc062723c751e8b465ee728b)  -> (artifact id: '925f2d50d4453a08aa2170217c2c5316') in 0.013382 seconds 
========================================================================
Received Import Request.
  Time since last request: 0.000026 seconds.
  path: Assets/Packages/FlatKit/Demos/[Demo] Fruit Vase/FruitVase-Materials/FV-Scene 1 - Mode_None-Completely Flat/1-Vase.mat
  artifactKey: Guid(8135cf567f3a947aaa78e561607fa0ec) Importer(815301076,1909f56bfc062723c751e8b465ee728b)
Start importing Assets/Packages/FlatKit/Demos/[Demo] Fruit Vase/FruitVase-Materials/FV-Scene 1 - Mode_None-Completely Flat/1-Vase.mat using Guid(8135cf567f3a947aaa78e561607fa0ec) Importer(815301076,1909f56bfc062723c751e8b465ee728b)  -> (artifact id: '7c0a2fd3ff1852dfe7a1975153b4cc02') in 0.012589 seconds 
========================================================================
Received Import Request.
  Time since last request: 0.000043 seconds.
  path: Assets/Packages/FlatKit/Demos/[Demo] Fruit Vase/FruitVase-Materials/FV-Scene 2 - Mode_Single/2-Cherries.mat
  artifactKey: Guid(e1f7a4beaccf842febeeb7c759f119c4) Importer(815301076,1909f56bfc062723c751e8b465ee728b)
Start importing Assets/Packages/FlatKit/Demos/[Demo] Fruit Vase/FruitVase-Materials/FV-Scene 2 - Mode_Single/2-Cherries.mat using Guid(e1f7a4beaccf842febeeb7c759f119c4) Importer(815301076,1909f56bfc062723c751e8b465ee728b)  -> (artifact id: '699cf80a011dce5193cfd50bfe38d7c1') in 0.011359 seconds 
========================================================================
Received Import Request.
  Time since last request: 0.000043 seconds.
  path: Assets/Packages/FlatKit/Demos/[Demo] Fruit Vase/FruitVase-Materials/FV-Scene 2 - Mode_Single/2-Plane2.mat
  artifactKey: Guid(f32d9e0dd01cf40d6a62d9692d7e5b95) Importer(815301076,1909f56bfc062723c751e8b465ee728b)
Start importing Assets/Packages/FlatKit/Demos/[Demo] Fruit Vase/FruitVase-Materials/FV-Scene 2 - Mode_Single/2-Plane2.mat using Guid(f32d9e0dd01cf40d6a62d9692d7e5b95) Importer(815301076,1909f56bfc062723c751e8b465ee728b)  -> (artifact id: '84ae52a9bef0721d9bf565bb3b9d5add') in 0.013800 seconds 
========================================================================
Received Import Request.
  Time since last request: 0.000035 seconds.
  path: Assets/Packages/FlatKit/Demos/[Demo] Mugs/Mugs-Materials/1 - ColorfulMisc/02.1-BlueprintGrid-Mug-08.mat
  artifactKey: Guid(3f40fef2e4b9a46978153473ed0594c2) Importer(815301076,1909f56bfc062723c751e8b465ee728b)
Start importing Assets/Packages/FlatKit/Demos/[Demo] Mugs/Mugs-Materials/1 - ColorfulMisc/02.1-BlueprintGrid-Mug-08.mat using Guid(3f40fef2e4b9a46978153473ed0594c2) Importer(815301076,1909f56bfc062723c751e8b465ee728b)  -> (artifact id: 'cb5b421c9db24b424df25e20f1d313d9') in 0.012666 seconds 
========================================================================
Received Import Request.
  Time since last request: 0.000031 seconds.
  path: Assets/Packages/FlatKit/Demos/[Demo] Mugs/Mugs-Materials/2 - OneColorVariousParameters/02.2-BlueprintGrid-Mug-11.mat
  artifactKey: Guid(f82135f2bca0949279eade31997c5b5b) Importer(815301076,1909f56bfc062723c751e8b465ee728b)
Start importing Assets/Packages/FlatKit/Demos/[Demo] Mugs/Mugs-Materials/2 - OneColorVariousParameters/02.2-BlueprintGrid-Mug-11.mat using Guid(f82135f2bca0949279eade31997c5b5b) Importer(815301076,1909f56bfc062723c751e8b465ee728b)  -> (artifact id: 'c63afddd4ffe2d47fd578ceed0a1fb96') in 0.022038 seconds 
========================================================================
Received Import Request.
  Time since last request: 0.000026 seconds.
  path: Assets/Packages/FlatKit/Demos/[Demo] Fruit Vase/FruitVase-Materials/FV-Scene 3 - Mode_Steps-Toony/3-Grape.mat
  artifactKey: Guid(0a8f2d4c180e14933bb063e01772ad21) Importer(815301076,1909f56bfc062723c751e8b465ee728b)
Start importing Assets/Packages/FlatKit/Demos/[Demo] Fruit Vase/FruitVase-Materials/FV-Scene 3 - Mode_Steps-Toony/3-Grape.mat using Guid(0a8f2d4c180e14933bb063e01772ad21) Importer(815301076,1909f56bfc062723c751e8b465ee728b)  -> (artifact id: '10ef88cc5f05b60f64a644ba4d70b97e') in 0.022008 seconds 
========================================================================
Received Import Request.
  Time since last request: 0.000029 seconds.
  path: Assets/Packages/FlatKit/Demos/[Demo] Mugs/Mugs-Materials/2 - OneColorVariousParameters/02.2-BlueprintGrid-Mug-5.mat
  artifactKey: Guid(6d0f60b4399f94b6d8d389c31f031e5c) Importer(815301076,1909f56bfc062723c751e8b465ee728b)
Start importing Assets/Packages/FlatKit/Demos/[Demo] Mugs/Mugs-Materials/2 - OneColorVariousParameters/02.2-BlueprintGrid-Mug-5.mat using Guid(6d0f60b4399f94b6d8d389c31f031e5c) Importer(815301076,1909f56bfc062723c751e8b465ee728b)  -> (artifact id: '65cfd2beb98c4269d214d62b8dc93bec') in 1.421225 seconds 
========================================================================
Received Import Request.
  Time since last request: 0.000038 seconds.
  path: Assets/Packages/Fantasy Skybox FREE/Cubemaps/Classic/FS000_Day_04_Sunless.mat
  artifactKey: Guid(e1ec0e2320d2d4fb9a393769378ce0a1) Importer(815301076,1909f56bfc062723c751e8b465ee728b)
Start importing Assets/Packages/Fantasy Skybox FREE/Cubemaps/Classic/FS000_Day_04_Sunless.mat using Guid(e1ec0e2320d2d4fb9a393769378ce0a1) Importer(815301076,1909f56bfc062723c751e8b465ee728b)  -> (artifact id: 'ab6196380988d27d1d12b7324b4cf9b9') in 0.027965 seconds 
========================================================================
Received Import Request.
  Time since last request: 0.000039 seconds.
  path: Assets/Packages/Fantasy Skybox FREE/Cubemaps/FS002/FS002_Day_Sunless_Cubemap.mat
  artifactKey: Guid(1dfc2aa9d900889499587bd874c3da56) Importer(815301076,1909f56bfc062723c751e8b465ee728b)
Start importing Assets/Packages/Fantasy Skybox FREE/Cubemaps/FS002/FS002_Day_Sunless_Cubemap.mat using Guid(1dfc2aa9d900889499587bd874c3da56) Importer(815301076,1909f56bfc062723c751e8b465ee728b)  -> (artifact id: 'c9e9e69399acf805c2b27a523f19b156') in 0.027983 seconds 
========================================================================
Received Import Request.
  Time since last request: 0.000041 seconds.
  path: Assets/Packages/FlatKit/PresetsShared/Materials/CelWithRim01__StylSurf_Single_ExCel_Spec_Rim.mat
  artifactKey: Guid(67e02736826e94ff1a0442df707a7a1c) Importer(815301076,1909f56bfc062723c751e8b465ee728b)
Start importing Assets/Packages/FlatKit/PresetsShared/Materials/CelWithRim01__StylSurf_Single_ExCel_Spec_Rim.mat using Guid(67e02736826e94ff1a0442df707a7a1c) Importer(815301076,1909f56bfc062723c751e8b465ee728b)  -> (artifact id: '7123f21d893fcaa59febcd2084df9030') in 0.016559 seconds 
========================================================================
Received Import Request.
  Time since last request: 0.000027 seconds.
  path: Assets/Packages/Fantasy Skybox FREE/Cubemaps/FS003/FS003_Sunset_Cubemap.mat
  artifactKey: Guid(f5dcd562bbe8e6741845a6ba29547444) Importer(815301076,1909f56bfc062723c751e8b465ee728b)
Start importing Assets/Packages/Fantasy Skybox FREE/Cubemaps/FS003/FS003_Sunset_Cubemap.mat using Guid(f5dcd562bbe8e6741845a6ba29547444) Importer(815301076,1909f56bfc062723c751e8b465ee728b)  -> (artifact id: '153c0d68392e527041a788d33f0acc9b') in 0.023287 seconds 
========================================================================
Received Import Request.
  Time since last request: 0.000034 seconds.
  path: Assets/Packages/Fantasy Skybox FREE/Cubemaps/FS002/FS002_Day_Cubemap.mat
  artifactKey: Guid(94d852a7748a347489661febea5eafc6) Importer(815301076,1909f56bfc062723c751e8b465ee728b)
Start importing Assets/Packages/Fantasy Skybox FREE/Cubemaps/FS002/FS002_Day_Cubemap.mat using Guid(94d852a7748a347489661febea5eafc6) Importer(815301076,1909f56bfc062723c751e8b465ee728b)  -> (artifact id: '8db171cd2231898d3d1a27cd265ee058') in 0.024998 seconds 
========================================================================
Received Import Request.
  Time since last request: 0.000025 seconds.
  path: Assets/Packages/Fantasy Skybox FREE/Cubemaps/Classic/FS000_Day_05_Sunless.mat
  artifactKey: Guid(eea6dc32b86944868a305f6c94f8d7e4) Importer(815301076,1909f56bfc062723c751e8b465ee728b)
Start importing Assets/Packages/Fantasy Skybox FREE/Cubemaps/Classic/FS000_Day_05_Sunless.mat using Guid(eea6dc32b86944868a305f6c94f8d7e4) Importer(815301076,1909f56bfc062723c751e8b465ee728b)  -> (artifact id: 'b5de8a98f86d6fa4dc2f5bc48b797fb9') in 0.018046 seconds 
========================================================================
Received Import Request.
  Time since last request: 0.000030 seconds.
  path: Assets/Packages/Fantasy Skybox FREE/Panoramics/FS002/FS002_Day.mat
  artifactKey: Guid(9ca22510633fbfd4399f1704cd9d5c72) Importer(815301076,1909f56bfc062723c751e8b465ee728b)
Start importing Assets/Packages/Fantasy Skybox FREE/Panoramics/FS002/FS002_Day.mat using Guid(9ca22510633fbfd4399f1704cd9d5c72) Importer(815301076,1909f56bfc062723c751e8b465ee728b)  -> (artifact id: 'ae48d7aa6500ad2c6d523825f9f24d3a') in 0.023450 seconds 
========================================================================
Received Import Request.
  Time since last request: 0.000030 seconds.
  path: Assets/Packages/Fantasy Skybox FREE/Cubemaps/FS002/FS002_Night_Moonless_Cubemap.mat
  artifactKey: Guid(9c94282089393fd4dba21f9f9b72149e) Importer(815301076,1909f56bfc062723c751e8b465ee728b)
Start importing Assets/Packages/Fantasy Skybox FREE/Cubemaps/FS002/FS002_Night_Moonless_Cubemap.mat using Guid(9c94282089393fd4dba21f9f9b72149e) Importer(815301076,1909f56bfc062723c751e8b465ee728b)  -> (artifact id: 'bb6d4d1e3874f5ae865c0dd953936f95') in 0.022817 seconds 
========================================================================
Received Import Request.
  Time since last request: 0.000036 seconds.
  path: Assets/Packages/Fantasy Skybox FREE/Cubemaps/FS003/FS003_Day_Cubemap.mat
  artifactKey: Guid(4c12da8dc5dced74e838120da11725a0) Importer(815301076,1909f56bfc062723c751e8b465ee728b)
Start importing Assets/Packages/Fantasy Skybox FREE/Cubemaps/FS003/FS003_Day_Cubemap.mat using Guid(4c12da8dc5dced74e838120da11725a0) Importer(815301076,1909f56bfc062723c751e8b465ee728b)  -> (artifact id: '3c79db80a7f682ba985e9d5148ce43b6') in 0.028624 seconds 
========================================================================
Received Import Request.
  Time since last request: 0.000032 seconds.
  path: Assets/Packages/Fantasy Skybox FREE/Cubemaps/Classic/FS000_Day_03.mat
  artifactKey: Guid(33ab377b49aa14f6fae6e5bac230a5d4) Importer(815301076,1909f56bfc062723c751e8b465ee728b)
Start importing Assets/Packages/Fantasy Skybox FREE/Cubemaps/Classic/FS000_Day_03.mat using Guid(33ab377b49aa14f6fae6e5bac230a5d4) Importer(815301076,1909f56bfc062723c751e8b465ee728b)  -> (artifact id: 'c3ba871e44874de9333890721320df44') in 0.015171 seconds 
========================================================================
Received Import Request.
  Time since last request: 0.000032 seconds.
  path: Assets/Packages/FlatKit/Demos/[Demo] Wanderer/Wanderer-Materials/Wanderer-Waterfall01.mat
  artifactKey: Guid(48cdc13ef88d041b6ba807982d251a1d) Importer(815301076,1909f56bfc062723c751e8b465ee728b)
Start importing Assets/Packages/FlatKit/Demos/[Demo] Wanderer/Wanderer-Materials/Wanderer-Waterfall01.mat using Guid(48cdc13ef88d041b6ba807982d251a1d) Importer(815301076,1909f56bfc062723c751e8b465ee728b)  -> (artifact id: '7dc1a14c441865fb86af4b397cf626d2') in 0.030375 seconds 
========================================================================
Received Import Request.
  Time since last request: 0.000028 seconds.
  path: Assets/Packages/Epic Toon FX/Materials/Basics/cloud_2x2_soft_ADD.mat
  artifactKey: Guid(45e5f8a52225d8445999992da27052fd) Importer(815301076,1909f56bfc062723c751e8b465ee728b)
Start importing Assets/Packages/Epic Toon FX/Materials/Basics/cloud_2x2_soft_ADD.mat using Guid(45e5f8a52225d8445999992da27052fd) Importer(815301076,1909f56bfc062723c751e8b465ee728b)  -> (artifact id: 'c7c4a594d7dc3923fc858fdd427322fe') in 0.020436 seconds 
========================================================================
Received Import Request.
  Time since last request: 0.000051 seconds.
  path: Assets/Packages/FlatKit/Demos/[Demo] Fruit Vase/FruitVase-Materials/FV-Scene 4 - Mode_Curve-Gradients/4-Grenade.mat
  artifactKey: Guid(dd9373dce9879486c834e9186bac8e10) Importer(815301076,1909f56bfc062723c751e8b465ee728b)
Start importing Assets/Packages/FlatKit/Demos/[Demo] Fruit Vase/FruitVase-Materials/FV-Scene 4 - Mode_Curve-Gradients/4-Grenade.mat using Guid(dd9373dce9879486c834e9186bac8e10) Importer(815301076,1909f56bfc062723c751e8b465ee728b)  -> (artifact id: '4328f7845c8ef5276eab9ccc08c28fdf') in 1.343770 seconds 
========================================================================
Received Import Request.
  Time since last request: 0.024876 seconds.
  path: Assets/Resources/Prefabs/Items/Weapon/MeleeWeapon/Branch.prefab
  artifactKey: Guid(502e35a39b53eef4da424d5d7a2cbe71) Importer(815301076,1909f56bfc062723c751e8b465ee728b)
Start importing Assets/Resources/Prefabs/Items/Weapon/MeleeWeapon/Branch.prefab using Guid(502e35a39b53eef4da424d5d7a2cbe71) Importer(815301076,1909f56bfc062723c751e8b465ee728b)  -> (artifact id: '6fc634b6594b10f364eb960ab0819984') in 0.048257 seconds 
========================================================================
Received Import Request.
  Time since last request: 0.000036 seconds.
  path: Assets/Packages/LowPolyFantasyVillage/Materials/FantasyVillage_Water.mat
  artifactKey: Guid(073e2d139b270b944b0aa9d40e7139d2) Importer(815301076,1909f56bfc062723c751e8b465ee728b)
Start importing Assets/Packages/LowPolyFantasyVillage/Materials/FantasyVillage_Water.mat using Guid(073e2d139b270b944b0aa9d40e7139d2) Importer(815301076,1909f56bfc062723c751e8b465ee728b)  -> (artifact id: '93eb29e4891243cfa7b573b18d09438f') in 0.019082 seconds 
========================================================================
Received Import Request.
  Time since last request: 0.000068 seconds.
  path: Assets/Packages/LowPolyFantasyVillage/Materials/FantasyVillage_MAIN.mat
  artifactKey: Guid(595e799fef5428048a130a5fd5ea0d8e) Importer(815301076,1909f56bfc062723c751e8b465ee728b)
Start importing Assets/Packages/LowPolyFantasyVillage/Materials/FantasyVillage_MAIN.mat using Guid(595e799fef5428048a130a5fd5ea0d8e) Importer(815301076,1909f56bfc062723c751e8b465ee728b)  -> (artifact id: 'e5b273de0f136b62d65683823a74328e') in 0.018725 seconds 
Editor requested this worker to shutdown with reason: Scaling down because of idle timeout
AssetImportWorker is now disconnected from the server
Process exiting
Exiting without the bug reporter. Application will terminate with return code 0