Using pre-set license
Built from '2021.3/staging' branch; Version is '2021.3.11f1 (0a5ca18544bf) revision 679073'; Using compiler version '192829333'; Build Type 'Release'
OS: 'Windows 11  (10.0.22000) 64bit CoreSingleLanguage' Language: 'ru' Physical Memory: 15741 MB
BatchMode: 1, IsHumanControllingUs: 0, StartBugReporterOnCrash: 0, Is64bit: 1, IsPro: 1

COMMAND LINE ARGUMENTS:
D:\Unity\2021.3.11f1\Editor\Unity.exe
-adb2
-batchMode
-noUpm
-name
AssetImportWorker7
-projectPath
D:/UnityGames/WizardsAdventure/WizardsAdventure
-logFile
Logs/AssetImportWorker7.log
-srvPort
59558
Successfully changed project path to: D:/UnityGames/WizardsAdventure/WizardsAdventure
D:/UnityGames/WizardsAdventure/WizardsAdventure
[UnityMemory] Configuration Parameters - Can be set up in boot.config
    "memorysetup-bucket-allocator-granularity=16"
    "memorysetup-bucket-allocator-bucket-count=8"
    "memorysetup-bucket-allocator-block-size=33554432"
    "memorysetup-bucket-allocator-block-count=8"
    "memorysetup-main-allocator-block-size=16777216"
    "memorysetup-thread-allocator-block-size=16777216"
    "memorysetup-gfx-main-allocator-block-size=16777216"
    "memorysetup-gfx-thread-allocator-block-size=16777216"
    "memorysetup-cache-allocator-block-size=4194304"
    "memorysetup-typetree-allocator-block-size=2097152"
    "memorysetup-profiler-bucket-allocator-granularity=16"
    "memorysetup-profiler-bucket-allocator-bucket-count=8"
    "memorysetup-profiler-bucket-allocator-block-size=33554432"
    "memorysetup-profiler-bucket-allocator-block-count=8"
    "memorysetup-profiler-allocator-block-size=16777216"
    "memorysetup-profiler-editor-allocator-block-size=1048576"
    "memorysetup-temp-allocator-size-main=16777216"
    "memorysetup-job-temp-allocator-block-size=2097152"
    "memorysetup-job-temp-allocator-block-size-background=1048576"
    "memorysetup-job-temp-allocator-reduction-small-platforms=262144"
    "memorysetup-temp-allocator-size-background-worker=32768"
    "memorysetup-temp-allocator-size-job-worker=262144"
    "memorysetup-temp-allocator-size-preload-manager=33554432"
    "memorysetup-temp-allocator-size-nav-mesh-worker=65536"
    "memorysetup-temp-allocator-size-audio-worker=65536"
    "memorysetup-temp-allocator-size-cloud-worker=32768"
    "memorysetup-temp-allocator-size-gi-baking-worker=262144"
    "memorysetup-temp-allocator-size-gfx=262144"
Refreshing native plugins compatible for Editor in 172.77 ms, found 3 plugins.
Preloading 0 native plugins for Editor in 0.00 ms.
Initialize engine version: 2021.3.11f1 (0a5ca18544bf)
[Subsystems] Discovering subsystems at path D:/Unity/2021.3.11f1/Editor/Data/Resources/UnitySubsystems
[Subsystems] Discovering subsystems at path D:/UnityGames/WizardsAdventure/WizardsAdventure/Assets
GfxDevice: creating device client; threaded=0; jobified=0
Direct3D:
    Version:  Direct3D 11.0 [level 11.1]
    Renderer: AMD Radeon(TM) Graphics (ID=0x1636)
    Vendor:   ATI
    VRAM:     7870 MB
    Driver:   27.20.11032.1001
Initialize mono
Mono path[0] = 'D:/Unity/2021.3.11f1/Editor/Data/Managed'
Mono path[1] = 'D:/Unity/2021.3.11f1/Editor/Data/MonoBleedingEdge/lib/mono/unityjit-win32'
Mono config path = 'D:/Unity/2021.3.11f1/Editor/Data/MonoBleedingEdge/etc'
Using monoOptions --debugger-agent=transport=dt_socket,embedding=1,server=y,suspend=n,address=127.0.0.1:56028
Begin MonoManager ReloadAssembly
Registering precompiled unity dll's ...
Register platform support module: D:/Unity/2021.3.11f1/Editor/Data/PlaybackEngines/WindowsStandaloneSupport/UnityEditor.WindowsStandalone.Extensions.dll
Registered in 0.001928 seconds.
Native extension for WindowsStandalone target not found
Refreshing native plugins compatible for Editor in 204.07 ms, found 3 plugins.
Preloading 0 native plugins for Editor in 0.00 ms.
Mono: successfully reloaded assembly
- Completed reload, in  0.886 seconds
Domain Reload Profiling:
	ReloadAssembly (888ms)
		BeginReloadAssembly (85ms)
			ExecutionOrderSort (0ms)
			DisableScriptedObjects (0ms)
			BackupInstance (0ms)
			ReleaseScriptingObjects (0ms)
			CreateAndSetChildDomain (1ms)
		EndReloadAssembly (692ms)
			LoadAssemblies (84ms)
			RebuildTransferFunctionScriptingTraits (0ms)
			SetupTypeCache (125ms)
			ReleaseScriptCaches (0ms)
			RebuildScriptCaches (37ms)
			SetupLoadedEditorAssemblies (456ms)
				LogAssemblyErrors (0ms)
				InitializePlatformSupportModulesInManaged (11ms)
				SetLoadedEditorAssemblies (0ms)
				RefreshPlugins (204ms)
				BeforeProcessingInitializeOnLoad (1ms)
				ProcessInitializeOnLoadAttributes (168ms)
				ProcessInitializeOnLoadMethodAttributes (72ms)
				AfterProcessingInitializeOnLoad (0ms)
				EditorAssembliesLoaded (0ms)
			ExecutionOrderSort2 (0ms)
			AwakeInstancesAfterBackupRestoration (0ms)
Platform modules already initialized, skipping
Registering precompiled user dll's ...
Registered in 0.007810 seconds.
Begin MonoManager ReloadAssembly
Symbol file data-00000117E44D63F0 doesn't match image D:\UnityGames\WizardsAdventure\WizardsAdventure\Library\ScriptAssemblies\Unity.VisualScripting.Flow.Editor.dll
Symbol file LoadedFromMemory is not a mono symbol file
Symbol file data-00000117E44D63F0 doesn't match image D:\UnityGames\WizardsAdventure\WizardsAdventure\Library\ScriptAssemblies\Unity.VSCode.Editor.dll
Symbol file LoadedFromMemory is not a mono symbol file
Symbol file data-00000117E44D63F0 doesn't match image D:\UnityGames\WizardsAdventure\WizardsAdventure\Library\ScriptAssemblies\Unity.TextMeshPro.Editor.dll
Symbol file LoadedFromMemory is not a mono symbol file
Symbol file data-00000117E44DCE00 doesn't match image D:\UnityGames\WizardsAdventure\WizardsAdventure\Library\ScriptAssemblies\Unity.Services.Core.Telemetry.dll
Symbol file LoadedFromMemory is not a mono symbol file
Symbol file data-00000117E5A3E830 doesn't match image D:\UnityGames\WizardsAdventure\WizardsAdventure\Library\ScriptAssemblies\Unity.Performance.Profile-Analyzer.Editor.dll
Symbol file LoadedFromMemory is not a mono symbol file
Symbol file data-00000117E44E4E10 doesn't match image D:\UnityGames\WizardsAdventure\WizardsAdventure\Library\ScriptAssemblies\Unity.TestTools.CodeCoverage.Editor.OpenCover.Model.dll
Symbol file LoadedFromMemory is not a mono symbol file
Symbol file data-00000117E44E4E10 doesn't match image D:\UnityGames\WizardsAdventure\WizardsAdventure\Library\ScriptAssemblies\Unity.VisualStudio.Editor.dll
Symbol file LoadedFromMemory is not a mono symbol file
Symbol file data-00000117E5A46840 doesn't match image D:\UnityGames\WizardsAdventure\WizardsAdventure\Library\ScriptAssemblies\UnityEngine.TestRunner.dll
Symbol file LoadedFromMemory is not a mono symbol file
Symbol file data-00000117E5A46840 doesn't match image D:\UnityGames\WizardsAdventure\WizardsAdventure\Library\ScriptAssemblies\Unity.Timeline.dll
Symbol file LoadedFromMemory is not a mono symbol file
Symbol file data-00000117E6467010 doesn't match image D:\UnityGames\WizardsAdventure\WizardsAdventure\Library\ScriptAssemblies\Unity.VisualScripting.Core.Editor.dll
Symbol file LoadedFromMemory is not a mono symbol file
Symbol file data-00000117E6170EA0 doesn't match image D:\UnityGames\WizardsAdventure\WizardsAdventure\Library\ScriptAssemblies\Unity.TextMeshPro.dll
Symbol file LoadedFromMemory is not a mono symbol file
Symbol file data-00000117E44E4E10 doesn't match image D:\UnityGames\WizardsAdventure\WizardsAdventure\Library\ScriptAssemblies\Unity.VisualScripting.State.Editor.dll
Symbol file LoadedFromMemory is not a mono symbol file
Symbol file data-00000117E5A46840 doesn't match image D:\UnityGames\WizardsAdventure\WizardsAdventure\Library\ScriptAssemblies\UnityEditor.TestRunner.dll
Symbol file LoadedFromMemory is not a mono symbol file
Symbol file data-00000117E41CBA20 doesn't match image D:\UnityGames\WizardsAdventure\WizardsAdventure\Library\ScriptAssemblies\Unity.Services.Core.Networking.dll
Symbol file LoadedFromMemory is not a mono symbol file
Symbol file data-00000117E64C5E20 doesn't match image D:\UnityGames\WizardsAdventure\WizardsAdventure\Library\ScriptAssemblies\Unity.VisualScripting.SettingsProvider.Editor.dll
Symbol file LoadedFromMemory is not a mono symbol file
Symbol file data-00000117E5A46840 doesn't match image D:\UnityGames\WizardsAdventure\WizardsAdventure\Library\ScriptAssemblies\Unity.2D.Sprite.Editor.dll
Symbol file LoadedFromMemory is not a mono symbol file
Symbol file data-00000117E64C5E20 doesn't match image D:\UnityGames\WizardsAdventure\WizardsAdventure\Library\ScriptAssemblies\Unity.TestTools.CodeCoverage.Editor.OpenCover.Mono.Reflection.dll
Symbol file LoadedFromMemory is not a mono symbol file
Symbol file data-00000117E5CB0010 doesn't match image D:\UnityGames\WizardsAdventure\WizardsAdventure\Library\ScriptAssemblies\Unity.VisualScripting.Flow.dll
Symbol file LoadedFromMemory is not a mono symbol file
Symbol file data-00000117E44E4E10 doesn't match image D:\UnityGames\WizardsAdventure\WizardsAdventure\Library\ScriptAssemblies\UnityEditor.UI.dll
Symbol file LoadedFromMemory is not a mono symbol file
Symbol file data-00000117E3F2BAD0 doesn't match image D:\UnityGames\WizardsAdventure\WizardsAdventure\Library\ScriptAssemblies\Unity.PlasticSCM.Editor.dll
Symbol file LoadedFromMemory is not a mono symbol file
Symbol file data-00000117E44E4E10 doesn't match image D:\UnityGames\WizardsAdventure\WizardsAdventure\Library\ScriptAssemblies\Unity.Rider.Editor.dll
Symbol file LoadedFromMemory is not a mono symbol file
Symbol file data-00000117E44E4E10 doesn't match image D:\UnityGames\WizardsAdventure\WizardsAdventure\Library\ScriptAssemblies\Unity.Services.Core.Internal.dll
Symbol file LoadedFromMemory is not a mono symbol file
Symbol file data-00000117E3F68CE0 doesn't match image D:\UnityGames\WizardsAdventure\WizardsAdventure\Library\ScriptAssemblies\UnityEngine.UI.dll
Symbol file LoadedFromMemory is not a mono symbol file
Symbol file data-00000117E44E4E10 doesn't match image D:\UnityGames\WizardsAdventure\WizardsAdventure\Library\ScriptAssemblies\Unity.Services.Core.Configuration.dll
Symbol file LoadedFromMemory is not a mono symbol file
Symbol file data-00000117E44E4E10 doesn't match image D:\UnityGames\WizardsAdventure\WizardsAdventure\Library\ScriptAssemblies\Unity.Services.Core.dll
Symbol file LoadedFromMemory is not a mono symbol file
Symbol file data-00000117E3F68CE0 doesn't match image D:\UnityGames\WizardsAdventure\WizardsAdventure\Library\ScriptAssemblies\Unity.VisualScripting.Core.dll
Symbol file LoadedFromMemory is not a mono symbol file
Symbol file data-00000117E41CBA20 doesn't match image D:\UnityGames\WizardsAdventure\WizardsAdventure\Library\ScriptAssemblies\Unity.EditorCoroutines.Editor.dll
Symbol file LoadedFromMemory is not a mono symbol file
Symbol file data-00000117E44E4E10 doesn't match image D:\UnityGames\WizardsAdventure\WizardsAdventure\Library\ScriptAssemblies\Unity.Services.Core.Editor.dll
Symbol file LoadedFromMemory is not a mono symbol file
Symbol file data-00000117E44E4E10 doesn't match image D:\UnityGames\WizardsAdventure\WizardsAdventure\Library\ScriptAssemblies\Unity.Services.Core.Configuration.Editor.dll
Symbol file LoadedFromMemory is not a mono symbol file
Symbol file data-00000117E41CBA20 doesn't match image D:\UnityGames\WizardsAdventure\WizardsAdventure\Library\ScriptAssemblies\Unity.Services.Core.Analytics.dll
Symbol file LoadedFromMemory is not a mono symbol file
Symbol file data-00000117E44E4E10 doesn't match image D:\UnityGames\WizardsAdventure\WizardsAdventure\Library\ScriptAssemblies\Unity.Services.Core.Registration.dll
Symbol file LoadedFromMemory is not a mono symbol file
Symbol file data-00000117E44E7E20 doesn't match image D:\UnityGames\WizardsAdventure\WizardsAdventure\Library\ScriptAssemblies\Unity.VisualScripting.Shared.Editor.dll
Symbol file LoadedFromMemory is not a mono symbol file
Symbol file data-00000117E44E7E20 doesn't match image D:\UnityGames\WizardsAdventure\WizardsAdventure\Library\ScriptAssemblies\Unity.Services.Core.Environments.dll
Symbol file LoadedFromMemory is not a mono symbol file
Symbol file data-00000117E44E7E20 doesn't match image D:\UnityGames\WizardsAdventure\WizardsAdventure\Library\ScriptAssemblies\Unity.Settings.Editor.dll
Symbol file LoadedFromMemory is not a mono symbol file
Symbol file data-00000117E44EA230 doesn't match image D:\UnityGames\WizardsAdventure\WizardsAdventure\Library\ScriptAssemblies\Unity.Services.Core.Scheduler.dll
Symbol file LoadedFromMemory is not a mono symbol file
Symbol file data-00000117E44EA230 doesn't match image D:\UnityGames\WizardsAdventure\WizardsAdventure\Library\ScriptAssemblies\Unity.Services.Core.Environments.Internal.dll
Symbol file LoadedFromMemory is not a mono symbol file
Symbol file data-00000117E3F68CE0 doesn't match image D:\UnityGames\WizardsAdventure\WizardsAdventure\Library\ScriptAssemblies\Unity.Timeline.Editor.dll
Symbol file LoadedFromMemory is not a mono symbol file
Symbol file data-00000117E3DEA020 doesn't match image D:\UnityGames\WizardsAdventure\WizardsAdventure\Library\ScriptAssemblies\Unity.CollabProxy.Editor.dll
Symbol file LoadedFromMemory is not a mono symbol file
Symbol file data-00000117E3DEA020 doesn't match image D:\UnityGames\WizardsAdventure\WizardsAdventure\Library\ScriptAssemblies\Unity.Services.Core.Threading.dll
Symbol file LoadedFromMemory is not a mono symbol file
Symbol file data-00000117E3F808F0 doesn't match image D:\UnityGames\WizardsAdventure\WizardsAdventure\Library\ScriptAssemblies\Unity.TestTools.CodeCoverage.Editor.dll
Symbol file LoadedFromMemory is not a mono symbol file
Symbol file data-00000117E3F84900 doesn't match image D:\UnityGames\WizardsAdventure\WizardsAdventure\Library\ScriptAssemblies\Unity.VisualScripting.State.dll
Symbol file LoadedFromMemory is not a mono symbol file
Symbol file data-00000117E3F84900 doesn't match image D:\UnityGames\WizardsAdventure\WizardsAdventure\Library\ScriptAssemblies\Unity.Services.Core.Device.dll
Symbol file LoadedFromMemory is not a mono symbol file
Symbol file LoadedFromMemory doesn't match image D:\UnityGames\WizardsAdventure\WizardsAdventure\Library\PackageCache\com.unity.visualscripting@1.7.8\Editor\VisualScripting.Core\Dependencies\YamlDotNet\Unity.VisualScripting.YamlDotNet.dll
Symbol file LoadedFromMemory doesn't match image D:\UnityGames\WizardsAdventure\WizardsAdventure\Library\PackageCache\com.unity.visualscripting@1.7.8\Editor\VisualScripting.Core\Dependencies\DotNetZip\Unity.VisualScripting.IonicZip.dll
Native extension for WindowsStandalone target not found
Refreshing native plugins compatible for Editor in 1.62 ms, found 3 plugins.
Preloading 0 native plugins for Editor in 0.00 ms.
Mono: successfully reloaded assembly
- Completed reload, in  1.710 seconds
Domain Reload Profiling:
	ReloadAssembly (1711ms)
		BeginReloadAssembly (145ms)
			ExecutionOrderSort (0ms)
			DisableScriptedObjects (6ms)
			BackupInstance (0ms)
			ReleaseScriptingObjects (0ms)
			CreateAndSetChildDomain (27ms)
		EndReloadAssembly (1420ms)
			LoadAssemblies (119ms)
			RebuildTransferFunctionScriptingTraits (0ms)
			SetupTypeCache (395ms)
			ReleaseScriptCaches (1ms)
			RebuildScriptCaches (89ms)
			SetupLoadedEditorAssemblies (767ms)
				LogAssemblyErrors (0ms)
				InitializePlatformSupportModulesInManaged (4ms)
				SetLoadedEditorAssemblies (1ms)
				RefreshPlugins (2ms)
				BeforeProcessingInitializeOnLoad (101ms)
				ProcessInitializeOnLoadAttributes (505ms)
				ProcessInitializeOnLoadMethodAttributes (150ms)
				AfterProcessingInitializeOnLoad (3ms)
				EditorAssembliesLoaded (0ms)
			ExecutionOrderSort2 (0ms)
			AwakeInstancesAfterBackupRestoration (12ms)
Platform modules already initialized, skipping
========================================================================
Worker process is ready to serve import requests
Launched and connected shader compiler UnityShaderCompiler.exe after 0.07 seconds
Refreshing native plugins compatible for Editor in 3.89 ms, found 3 plugins.
Preloading 0 native plugins for Editor in 0.00 ms.
Unloading 4263 Unused Serialized files (Serialized files now loaded: 0)
Unloading 28 unused Assets / (66.6 MB). Loaded Objects now: 4770.
Memory consumption went from 376.1 MB to 309.4 MB.
Total: 11.164500 ms (FindLiveObjects: 0.841500 ms CreateObjectMapping: 0.154600 ms MarkObjects: 4.144800 ms  DeleteObjects: 6.021500 ms)

AssetImportParameters requested are different than current active one (requested -> active):
  custom:video-decoder-ogg-theora: a1e56fd34408186e4bbccfd4996cb3dc -> 
  custom:container-muxer-webm: aa71ff27fc2769a1b78a27578f13a17b -> 
  custom:container-demuxer-webm: 4f35f7cbe854078d1ac9338744f61a02 -> 
  custom:video-encoder-webm-vp8: eb34c28f22e8b96e1ab97ce403110664 -> 
  custom:video-codec-MediaFoundation-h265: 746d11721c4dcdbdad8f713fa42b33f4 -> 
  custom:audio-encoder-webm-vorbis: bf7c407c2cedff20999df2af8eb42d56 -> 
  custom:framework-win-MediaFoundation: 216162199b28c13a410421893ffa2e32 -> 
  custom:container-demuxer-ogg: 62fdf1f143b41e24485cea50d1cbac27 -> 
  custom:video-decoder-webm-vp8: 9c59270c3fd7afecdb556c50c9e8de78 -> 
  custom:audio-decoder-ogg-vorbis: bf7c407c2cedff20999df2af8eb42d56 -> 
========================================================================
Received Import Request.
  Time since last request: 174156.179380 seconds.
  path: Assets/Packages/GUI Kit Casual Game/ResourcesData/Sprite/Character_Passive/rune_bg_activity.png
  artifactKey: Guid(e92b76e84019e4f3a8b7373222e14fb0) Importer(815301076,1909f56bfc062723c751e8b465ee728b)
Start importing Assets/Packages/GUI Kit Casual Game/ResourcesData/Sprite/Character_Passive/rune_bg_activity.png using Guid(e92b76e84019e4f3a8b7373222e14fb0) Importer(815301076,1909f56bfc062723c751e8b465ee728b)  -> (artifact id: '0bb103bfdfeb43e7413ab744ae8ee871') in 0.125085 seconds 
========================================================================
Received Import Request.
  Time since last request: 0.000045 seconds.
  path: Assets/Packages/GUI Kit Casual Game/ResourcesData/Sprite/Reward/reward_month_icon_rune_2.png
  artifactKey: Guid(64d2d46074db547bcb6b4ed04c69dbd8) Importer(815301076,1909f56bfc062723c751e8b465ee728b)
Start importing Assets/Packages/GUI Kit Casual Game/ResourcesData/Sprite/Reward/reward_month_icon_rune_2.png using Guid(64d2d46074db547bcb6b4ed04c69dbd8) Importer(815301076,1909f56bfc062723c751e8b465ee728b)  -> (artifact id: '02811e75ec9f7bb141d3a14a557f9839') in 0.021668 seconds 
========================================================================
Received Import Request.
  Time since last request: 0.000081 seconds.
  path: Assets/Packages/GUI Kit Casual Game/ResourcesData/Sprite/Play/play_stage_name_bg.png
  artifactKey: Guid(16a49e75d2f974729b2f2a0716035397) Importer(815301076,1909f56bfc062723c751e8b465ee728b)
Start importing Assets/Packages/GUI Kit Casual Game/ResourcesData/Sprite/Play/play_stage_name_bg.png using Guid(16a49e75d2f974729b2f2a0716035397) Importer(815301076,1909f56bfc062723c751e8b465ee728b)  -> (artifact id: '3321445b053db822a7fa4f8d0be99a96') in 0.031181 seconds 
========================================================================
Received Import Request.
  Time since last request: 0.000059 seconds.
  path: Assets/Packages/GUI Kit Casual Game/ResourcesData/Sprite/Reward/reward_month_icon_chest_1.png
  artifactKey: Guid(dad74013a0ec24e3ca38d2b98cfa5f62) Importer(815301076,1909f56bfc062723c751e8b465ee728b)
Start importing Assets/Packages/GUI Kit Casual Game/ResourcesData/Sprite/Reward/reward_month_icon_chest_1.png using Guid(dad74013a0ec24e3ca38d2b98cfa5f62) Importer(815301076,1909f56bfc062723c751e8b465ee728b)  -> (artifact id: '9c53a526efc878097901b8cdc0606330') in 0.022321 seconds 
========================================================================
Received Import Request.
  Time since last request: 0.000063 seconds.
  path: Assets/Packages/GUI Kit Casual Game/ResourcesData/Sprite/RuneFuse/rune_sample_4.png
  artifactKey: Guid(2629fe6e2a5ca4a00b77f80a4fa111d0) Importer(815301076,1909f56bfc062723c751e8b465ee728b)
Start importing Assets/Packages/GUI Kit Casual Game/ResourcesData/Sprite/RuneFuse/rune_sample_4.png using Guid(2629fe6e2a5ca4a00b77f80a4fa111d0) Importer(815301076,1909f56bfc062723c751e8b465ee728b)  -> (artifact id: 'b98f43d4254ad638ce60b6ba9b7c10df') in 0.021084 seconds 
========================================================================
Received Import Request.
  Time since last request: 0.000089 seconds.
  path: Assets/Packages/GUI Kit Casual Game/ResourcesData/Sprite/Ranking/ranking_list_default.png
  artifactKey: Guid(1c2eec4f264c34c92b06e3c5ad8dc5ed) Importer(815301076,1909f56bfc062723c751e8b465ee728b)
Start importing Assets/Packages/GUI Kit Casual Game/ResourcesData/Sprite/Ranking/ranking_list_default.png using Guid(1c2eec4f264c34c92b06e3c5ad8dc5ed) Importer(815301076,1909f56bfc062723c751e8b465ee728b)  -> (artifact id: '6f63d599f0a2d616d4b611a41a27232c') in 0.021561 seconds 
========================================================================
Received Import Request.
  Time since last request: 0.000037 seconds.
  path: Assets/Packages/GUI Kit Casual Game/ResourcesData/Sprite/Common/reward_menu_bg_focus.png
  artifactKey: Guid(c0947046604294781a54818d5efaa1ea) Importer(815301076,1909f56bfc062723c751e8b465ee728b)
Start importing Assets/Packages/GUI Kit Casual Game/ResourcesData/Sprite/Common/reward_menu_bg_focus.png using Guid(c0947046604294781a54818d5efaa1ea) Importer(815301076,1909f56bfc062723c751e8b465ee728b)  -> (artifact id: '5e839f9942c0ae7717e2944a9a26c7a7') in 0.022469 seconds 
========================================================================
Received Import Request.
  Time since last request: 0.000049 seconds.
  path: Assets/Packages/GUI Kit Casual Game/ResourcesData/Preview/PlayType1.png
  artifactKey: Guid(db0ba89de772644c4a362ef2b87b3915) Importer(815301076,1909f56bfc062723c751e8b465ee728b)
Start importing Assets/Packages/GUI Kit Casual Game/ResourcesData/Preview/PlayType1.png using Guid(db0ba89de772644c4a362ef2b87b3915) Importer(815301076,1909f56bfc062723c751e8b465ee728b)  -> (artifact id: '67f96f65345fcbf0a373f4ec0451d8c5') in 0.246178 seconds 
========================================================================
Received Import Request.
  Time since last request: 0.000043 seconds.
  path: Assets/Packages/GUI Kit Casual Game/ResourcesData/Sprite/Common/reward_icon_energy.png
  artifactKey: Guid(22bb5f5f739154e0581b8f1b535d6774) Importer(815301076,1909f56bfc062723c751e8b465ee728b)
Start importing Assets/Packages/GUI Kit Casual Game/ResourcesData/Sprite/Common/reward_icon_energy.png using Guid(22bb5f5f739154e0581b8f1b535d6774) Importer(815301076,1909f56bfc062723c751e8b465ee728b)  -> (artifact id: '8f5ec0037d9db89771a5c4fa4eb67443') in 0.018002 seconds 
========================================================================
Received Import Request.
  Time since last request: 1.943213 seconds.
  path: Assets/Packages/GUI Kit Casual Game/ResourcesData/Sprite/RuneFuse/rune_sample_10.png
  artifactKey: Guid(6673df9812a5f47feabccf8559692b0c) Importer(815301076,1909f56bfc062723c751e8b465ee728b)
Start importing Assets/Packages/GUI Kit Casual Game/ResourcesData/Sprite/RuneFuse/rune_sample_10.png using Guid(6673df9812a5f47feabccf8559692b0c) Importer(815301076,1909f56bfc062723c751e8b465ee728b)  -> (artifact id: 'deb12205151371974e91aa9a74088480') in 0.034727 seconds 
========================================================================
Received Import Request.
  Time since last request: 0.000024 seconds.
  path: Assets/Packages/GUI Kit Casual Game/ResourcesData/Sprite/RuneFuse/rune_sample_24.png
  artifactKey: Guid(c33cb7bd1019746d7817be5f78f5ec76) Importer(815301076,1909f56bfc062723c751e8b465ee728b)
Start importing Assets/Packages/GUI Kit Casual Game/ResourcesData/Sprite/RuneFuse/rune_sample_24.png using Guid(c33cb7bd1019746d7817be5f78f5ec76) Importer(815301076,1909f56bfc062723c751e8b465ee728b)  -> (artifact id: 'bfdaea9ad1c232012c631e1b5075897e') in 0.020714 seconds 
========================================================================
Received Import Request.
  Time since last request: 0.000041 seconds.
  path: Assets/Packages/GUI Kit Casual Game/ResourcesData/Sprite/RuneFuse/rune_sample_21.png
  artifactKey: Guid(ccce3c4995a184098871954601242143) Importer(815301076,1909f56bfc062723c751e8b465ee728b)
Start importing Assets/Packages/GUI Kit Casual Game/ResourcesData/Sprite/RuneFuse/rune_sample_21.png using Guid(ccce3c4995a184098871954601242143) Importer(815301076,1909f56bfc062723c751e8b465ee728b)  -> (artifact id: 'a834bc36feafd365d1aacbea939720d4') in 0.028186 seconds 
========================================================================
Received Import Request.
  Time since last request: 0.000038 seconds.
  path: Assets/Packages/GUI Kit Casual Game/ResourcesData/Preview/Setting.png
  artifactKey: Guid(e4378da9b481c4f36b23c7e36bbf2537) Importer(815301076,1909f56bfc062723c751e8b465ee728b)
Start importing Assets/Packages/GUI Kit Casual Game/ResourcesData/Preview/Setting.png using Guid(e4378da9b481c4f36b23c7e36bbf2537) Importer(815301076,1909f56bfc062723c751e8b465ee728b)  -> (artifact id: 'a67a782cc7fc90938a60b3e2496cead2') in 0.122491 seconds 
========================================================================
Received Import Request.
  Time since last request: 0.000084 seconds.
  path: Assets/Packages/GUI Kit Casual Game/ResourcesData/Sprite/RuneFuse/rune_sample_22.png
  artifactKey: Guid(bbd7b7f6dead14321839feeaba447958) Importer(815301076,1909f56bfc062723c751e8b465ee728b)
Start importing Assets/Packages/GUI Kit Casual Game/ResourcesData/Sprite/RuneFuse/rune_sample_22.png using Guid(bbd7b7f6dead14321839feeaba447958) Importer(815301076,1909f56bfc062723c751e8b465ee728b)  -> (artifact id: 'ba28dbdd430fca6409ff9f5b0ac4e228') in 0.020602 seconds 
========================================================================
Received Import Request.
  Time since last request: 0.000048 seconds.
  path: Assets/Packages/GUI Kit Casual Game/ResourcesData/Sprite/RuneFuse/rune_sample_16.png
  artifactKey: Guid(34afb4f1aeb554a35b3bff429de77455) Importer(815301076,1909f56bfc062723c751e8b465ee728b)
Start importing Assets/Packages/GUI Kit Casual Game/ResourcesData/Sprite/RuneFuse/rune_sample_16.png using Guid(34afb4f1aeb554a35b3bff429de77455) Importer(815301076,1909f56bfc062723c751e8b465ee728b)  -> (artifact id: '575cdea53aef3d27284cae829e86bfaf') in 0.025202 seconds 
Editor requested this worker to shutdown with reason: Scaling down because of idle timeout
AssetImportWorker is now disconnected from the server
Process exiting
Exiting without the bug reporter. Application will terminate with return code 0