Using pre-set license
Built from '2021.3/staging' branch; Version is '2021.3.11f1 (0a5ca18544bf) revision 679073'; Using compiler version '192829333'; Build Type 'Release'
OS: 'Windows 11  (10.0.22000) 64bit CoreSingleLanguage' Language: 'ru' Physical Memory: 15741 MB
BatchMode: 1, IsHumanControllingUs: 0, StartBugReporterOnCrash: 0, Is64bit: 1, IsPro: 1

COMMAND LINE ARGUMENTS:
D:\Unity\2021.3.11f1\Editor\Unity.exe
-adb2
-batchMode
-noUpm
-name
AssetImportWorker10
-projectPath
D:/UnityGames/WizardsAdventure/WizardsAdventure
-logFile
Logs/AssetImportWorker10.log
-srvPort
59558
Successfully changed project path to: D:/UnityGames/WizardsAdventure/WizardsAdventure
D:/UnityGames/WizardsAdventure/WizardsAdventure
[UnityMemory] Configuration Parameters - Can be set up in boot.config
    "memorysetup-bucket-allocator-granularity=16"
    "memorysetup-bucket-allocator-bucket-count=8"
    "memorysetup-bucket-allocator-block-size=33554432"
    "memorysetup-bucket-allocator-block-count=8"
    "memorysetup-main-allocator-block-size=16777216"
    "memorysetup-thread-allocator-block-size=16777216"
    "memorysetup-gfx-main-allocator-block-size=16777216"
    "memorysetup-gfx-thread-allocator-block-size=16777216"
    "memorysetup-cache-allocator-block-size=4194304"
    "memorysetup-typetree-allocator-block-size=2097152"
    "memorysetup-profiler-bucket-allocator-granularity=16"
    "memorysetup-profiler-bucket-allocator-bucket-count=8"
    "memorysetup-profiler-bucket-allocator-block-size=33554432"
    "memorysetup-profiler-bucket-allocator-block-count=8"
    "memorysetup-profiler-allocator-block-size=16777216"
    "memorysetup-profiler-editor-allocator-block-size=1048576"
    "memorysetup-temp-allocator-size-main=16777216"
    "memorysetup-job-temp-allocator-block-size=2097152"
    "memorysetup-job-temp-allocator-block-size-background=1048576"
    "memorysetup-job-temp-allocator-reduction-small-platforms=262144"
    "memorysetup-temp-allocator-size-background-worker=32768"
    "memorysetup-temp-allocator-size-job-worker=262144"
    "memorysetup-temp-allocator-size-preload-manager=33554432"
    "memorysetup-temp-allocator-size-nav-mesh-worker=65536"
    "memorysetup-temp-allocator-size-audio-worker=65536"
    "memorysetup-temp-allocator-size-cloud-worker=32768"
    "memorysetup-temp-allocator-size-gi-baking-worker=262144"
    "memorysetup-temp-allocator-size-gfx=262144"
Refreshing native plugins compatible for Editor in 141.87 ms, found 3 plugins.
Preloading 0 native plugins for Editor in 0.00 ms.
Initialize engine version: 2021.3.11f1 (0a5ca18544bf)
[Subsystems] Discovering subsystems at path D:/Unity/2021.3.11f1/Editor/Data/Resources/UnitySubsystems
[Subsystems] Discovering subsystems at path D:/UnityGames/WizardsAdventure/WizardsAdventure/Assets
GfxDevice: creating device client; threaded=0; jobified=0
Direct3D:
    Version:  Direct3D 11.0 [level 11.1]
    Renderer: AMD Radeon(TM) Graphics (ID=0x1636)
    Vendor:   ATI
    VRAM:     7870 MB
    Driver:   27.20.11032.1001
Initialize mono
Mono path[0] = 'D:/Unity/2021.3.11f1/Editor/Data/Managed'
Mono path[1] = 'D:/Unity/2021.3.11f1/Editor/Data/MonoBleedingEdge/lib/mono/unityjit-win32'
Mono config path = 'D:/Unity/2021.3.11f1/Editor/Data/MonoBleedingEdge/etc'
Using monoOptions --debugger-agent=transport=dt_socket,embedding=1,server=y,suspend=n,address=127.0.0.1:56272
Begin MonoManager ReloadAssembly
Registering precompiled unity dll's ...
Register platform support module: D:/Unity/2021.3.11f1/Editor/Data/PlaybackEngines/WindowsStandaloneSupport/UnityEditor.WindowsStandalone.Extensions.dll
Registered in 0.002213 seconds.
Native extension for WindowsStandalone target not found
Refreshing native plugins compatible for Editor in 157.81 ms, found 3 plugins.
Preloading 0 native plugins for Editor in 0.00 ms.
Mono: successfully reloaded assembly
- Completed reload, in  0.712 seconds
Domain Reload Profiling:
	ReloadAssembly (713ms)
		BeginReloadAssembly (83ms)
			ExecutionOrderSort (0ms)
			DisableScriptedObjects (0ms)
			BackupInstance (0ms)
			ReleaseScriptingObjects (0ms)
			CreateAndSetChildDomain (1ms)
		EndReloadAssembly (514ms)
			LoadAssemblies (82ms)
			RebuildTransferFunctionScriptingTraits (0ms)
			SetupTypeCache (105ms)
			ReleaseScriptCaches (0ms)
			RebuildScriptCaches (29ms)
			SetupLoadedEditorAssemblies (332ms)
				LogAssemblyErrors (0ms)
				InitializePlatformSupportModulesInManaged (6ms)
				SetLoadedEditorAssemblies (0ms)
				RefreshPlugins (158ms)
				BeforeProcessingInitializeOnLoad (1ms)
				ProcessInitializeOnLoadAttributes (120ms)
				ProcessInitializeOnLoadMethodAttributes (47ms)
				AfterProcessingInitializeOnLoad (0ms)
				EditorAssembliesLoaded (0ms)
			ExecutionOrderSort2 (0ms)
			AwakeInstancesAfterBackupRestoration (0ms)
Platform modules already initialized, skipping
Registering precompiled user dll's ...
Registered in 0.003982 seconds.
Begin MonoManager ReloadAssembly
Symbol file data-0000020DD0708BE0 doesn't match image D:\UnityGames\WizardsAdventure\WizardsAdventure\Library\ScriptAssemblies\Unity.VisualScripting.Flow.Editor.dll
Symbol file LoadedFromMemory is not a mono symbol file
Symbol file data-0000020DD07141F0 doesn't match image D:\UnityGames\WizardsAdventure\WizardsAdventure\Library\ScriptAssemblies\Unity.VSCode.Editor.dll
Symbol file LoadedFromMemory is not a mono symbol file
Symbol file data-0000020DD2C69820 doesn't match image D:\UnityGames\WizardsAdventure\WizardsAdventure\Library\ScriptAssemblies\Unity.TextMeshPro.Editor.dll
Symbol file LoadedFromMemory is not a mono symbol file
Symbol file data-0000020DD0FF45E0 doesn't match image D:\UnityGames\WizardsAdventure\WizardsAdventure\Library\ScriptAssemblies\Unity.Services.Core.Telemetry.dll
Symbol file LoadedFromMemory is not a mono symbol file
Symbol file data-0000020DD07141F0 doesn't match image D:\UnityGames\WizardsAdventure\WizardsAdventure\Library\ScriptAssemblies\Unity.Performance.Profile-Analyzer.Editor.dll
Symbol file LoadedFromMemory is not a mono symbol file
Symbol file data-0000020DD2C70230 doesn't match image D:\UnityGames\WizardsAdventure\WizardsAdventure\Library\ScriptAssemblies\Unity.TestTools.CodeCoverage.Editor.OpenCover.Model.dll
Symbol file LoadedFromMemory is not a mono symbol file
Symbol file data-0000020DD2C70230 doesn't match image D:\UnityGames\WizardsAdventure\WizardsAdventure\Library\ScriptAssemblies\Unity.VisualStudio.Editor.dll
Symbol file LoadedFromMemory is not a mono symbol file
Symbol file data-0000020DD2C70230 doesn't match image D:\UnityGames\WizardsAdventure\WizardsAdventure\Library\ScriptAssemblies\UnityEngine.TestRunner.dll
Symbol file LoadedFromMemory is not a mono symbol file
Symbol file data-0000020DD2C70230 doesn't match image D:\UnityGames\WizardsAdventure\WizardsAdventure\Library\ScriptAssemblies\Unity.Timeline.dll
Symbol file LoadedFromMemory is not a mono symbol file
Symbol file data-0000020DD1010010 doesn't match image D:\UnityGames\WizardsAdventure\WizardsAdventure\Library\ScriptAssemblies\Unity.VisualScripting.Core.Editor.dll
Symbol file LoadedFromMemory is not a mono symbol file
Symbol file data-0000020DD0CC2620 doesn't match image D:\UnityGames\WizardsAdventure\WizardsAdventure\Library\ScriptAssemblies\Unity.TextMeshPro.dll
Symbol file LoadedFromMemory is not a mono symbol file
Symbol file data-0000020DD2C70230 doesn't match image D:\UnityGames\WizardsAdventure\WizardsAdventure\Library\ScriptAssemblies\Unity.VisualScripting.State.Editor.dll
Symbol file LoadedFromMemory is not a mono symbol file
Symbol file data-0000020DD0527D60 doesn't match image D:\UnityGames\WizardsAdventure\WizardsAdventure\Library\ScriptAssemblies\UnityEditor.TestRunner.dll
Symbol file LoadedFromMemory is not a mono symbol file
Symbol file data-0000020DD2E1D6A0 doesn't match image D:\UnityGames\WizardsAdventure\WizardsAdventure\Library\ScriptAssemblies\Unity.Services.Core.Networking.dll
Symbol file LoadedFromMemory is not a mono symbol file
Symbol file data-0000020DD2E1D6A0 doesn't match image D:\UnityGames\WizardsAdventure\WizardsAdventure\Library\ScriptAssemblies\Unity.VisualScripting.SettingsProvider.Editor.dll
Symbol file LoadedFromMemory is not a mono symbol file
Symbol file data-0000020DD2C70230 doesn't match image D:\UnityGames\WizardsAdventure\WizardsAdventure\Library\ScriptAssemblies\Unity.2D.Sprite.Editor.dll
Symbol file LoadedFromMemory is not a mono symbol file
Symbol file data-0000020DD0CF9A40 doesn't match image D:\UnityGames\WizardsAdventure\WizardsAdventure\Library\ScriptAssemblies\Unity.TestTools.CodeCoverage.Editor.OpenCover.Mono.Reflection.dll
Symbol file LoadedFromMemory is not a mono symbol file
Symbol file data-0000020DD0552770 doesn't match image D:\UnityGames\WizardsAdventure\WizardsAdventure\Library\ScriptAssemblies\Unity.VisualScripting.Flow.dll
Symbol file LoadedFromMemory is not a mono symbol file
Symbol file data-0000020DD2C78240 doesn't match image D:\UnityGames\WizardsAdventure\WizardsAdventure\Library\ScriptAssemblies\UnityEditor.UI.dll
Symbol file LoadedFromMemory is not a mono symbol file
Symbol file data-0000020DD0552770 doesn't match image D:\UnityGames\WizardsAdventure\WizardsAdventure\Library\ScriptAssemblies\Unity.PlasticSCM.Editor.dll
Symbol file LoadedFromMemory is not a mono symbol file
Symbol file data-0000020DD2C78240 doesn't match image D:\UnityGames\WizardsAdventure\WizardsAdventure\Library\ScriptAssemblies\Unity.Rider.Editor.dll
Symbol file LoadedFromMemory is not a mono symbol file
Symbol file data-0000020DD01D4EC0 doesn't match image D:\UnityGames\WizardsAdventure\WizardsAdventure\Library\ScriptAssemblies\Unity.Services.Core.Internal.dll
Symbol file LoadedFromMemory is not a mono symbol file
Symbol file data-0000020DD0565380 doesn't match image D:\UnityGames\WizardsAdventure\WizardsAdventure\Library\ScriptAssemblies\UnityEngine.UI.dll
Symbol file LoadedFromMemory is not a mono symbol file
Symbol file data-0000020DD2E1D6A0 doesn't match image D:\UnityGames\WizardsAdventure\WizardsAdventure\Library\ScriptAssemblies\Unity.Services.Core.Configuration.dll
Symbol file LoadedFromMemory is not a mono symbol file
Symbol file data-0000020DD2E1D6A0 doesn't match image D:\UnityGames\WizardsAdventure\WizardsAdventure\Library\ScriptAssemblies\Unity.Services.Core.dll
Symbol file LoadedFromMemory is not a mono symbol file
Symbol file data-0000020DD0A2BF10 doesn't match image D:\UnityGames\WizardsAdventure\WizardsAdventure\Library\ScriptAssemblies\Unity.VisualScripting.Core.dll
Symbol file LoadedFromMemory is not a mono symbol file
Symbol file data-0000020DD2E1D6A0 doesn't match image D:\UnityGames\WizardsAdventure\WizardsAdventure\Library\ScriptAssemblies\Unity.EditorCoroutines.Editor.dll
Symbol file LoadedFromMemory is not a mono symbol file
Symbol file data-0000020DCF6F7640 doesn't match image D:\UnityGames\WizardsAdventure\WizardsAdventure\Library\ScriptAssemblies\Unity.Services.Core.Editor.dll
Symbol file LoadedFromMemory is not a mono symbol file
Symbol file data-0000020DD2E1D6A0 doesn't match image D:\UnityGames\WizardsAdventure\WizardsAdventure\Library\ScriptAssemblies\Unity.Services.Core.Configuration.Editor.dll
Symbol file LoadedFromMemory is not a mono symbol file
Symbol file data-0000020DD26CE030 doesn't match image D:\UnityGames\WizardsAdventure\WizardsAdventure\Library\ScriptAssemblies\Unity.Services.Core.Analytics.dll
Symbol file LoadedFromMemory is not a mono symbol file
Symbol file data-0000020DD0BA7C30 doesn't match image D:\UnityGames\WizardsAdventure\WizardsAdventure\Library\ScriptAssemblies\Unity.Services.Core.Registration.dll
Symbol file LoadedFromMemory is not a mono symbol file
Symbol file data-0000020DD0BA7C30 doesn't match image D:\UnityGames\WizardsAdventure\WizardsAdventure\Library\ScriptAssemblies\Unity.VisualScripting.Shared.Editor.dll
Symbol file LoadedFromMemory is not a mono symbol file
Symbol file data-0000020DD2EC6050 doesn't match image D:\UnityGames\WizardsAdventure\WizardsAdventure\Library\ScriptAssemblies\Unity.Services.Core.Environments.dll
Symbol file LoadedFromMemory is not a mono symbol file
Symbol file data-0000020DD056E790 doesn't match image D:\UnityGames\WizardsAdventure\WizardsAdventure\Library\ScriptAssemblies\Unity.Settings.Editor.dll
Symbol file LoadedFromMemory is not a mono symbol file
Symbol file data-0000020DD0BA7C30 doesn't match image D:\UnityGames\WizardsAdventure\WizardsAdventure\Library\ScriptAssemblies\Unity.Services.Core.Scheduler.dll
Symbol file LoadedFromMemory is not a mono symbol file
Symbol file data-0000020DD2EC6050 doesn't match image D:\UnityGames\WizardsAdventure\WizardsAdventure\Library\ScriptAssemblies\Unity.Services.Core.Environments.Internal.dll
Symbol file LoadedFromMemory is not a mono symbol file
Symbol file data-0000020DD0A2BF10 doesn't match image D:\UnityGames\WizardsAdventure\WizardsAdventure\Library\ScriptAssemblies\Unity.Timeline.Editor.dll
Symbol file LoadedFromMemory is not a mono symbol file
Symbol file data-0000020DD0C85430 doesn't match image D:\UnityGames\WizardsAdventure\WizardsAdventure\Library\ScriptAssemblies\Unity.CollabProxy.Editor.dll
Symbol file LoadedFromMemory is not a mono symbol file
Symbol file data-0000020DD0BA7C30 doesn't match image D:\UnityGames\WizardsAdventure\WizardsAdventure\Library\ScriptAssemblies\Unity.Services.Core.Threading.dll
Symbol file LoadedFromMemory is not a mono symbol file
Symbol file data-0000020DD2C0C4C0 doesn't match image D:\UnityGames\WizardsAdventure\WizardsAdventure\Library\ScriptAssemblies\Unity.TestTools.CodeCoverage.Editor.dll
Symbol file LoadedFromMemory is not a mono symbol file
Symbol file data-0000020DD2C104D0 doesn't match image D:\UnityGames\WizardsAdventure\WizardsAdventure\Library\ScriptAssemblies\Unity.VisualScripting.State.dll
Symbol file LoadedFromMemory is not a mono symbol file
Symbol file data-0000020DD05767A0 doesn't match image D:\UnityGames\WizardsAdventure\WizardsAdventure\Library\ScriptAssemblies\Unity.Services.Core.Device.dll
Symbol file LoadedFromMemory is not a mono symbol file
Symbol file LoadedFromMemory doesn't match image D:\UnityGames\WizardsAdventure\WizardsAdventure\Library\PackageCache\com.unity.visualscripting@1.7.8\Editor\VisualScripting.Core\Dependencies\YamlDotNet\Unity.VisualScripting.YamlDotNet.dll
Symbol file LoadedFromMemory doesn't match image D:\UnityGames\WizardsAdventure\WizardsAdventure\Library\PackageCache\com.unity.visualscripting@1.7.8\Editor\VisualScripting.Core\Dependencies\DotNetZip\Unity.VisualScripting.IonicZip.dll
Native extension for WindowsStandalone target not found
Refreshing native plugins compatible for Editor in 1.24 ms, found 3 plugins.
Preloading 0 native plugins for Editor in 0.00 ms.
Mono: successfully reloaded assembly
- Completed reload, in  1.224 seconds
Domain Reload Profiling:
	ReloadAssembly (1225ms)
		BeginReloadAssembly (102ms)
			ExecutionOrderSort (0ms)
			DisableScriptedObjects (5ms)
			BackupInstance (0ms)
			ReleaseScriptingObjects (0ms)
			CreateAndSetChildDomain (22ms)
		EndReloadAssembly (1010ms)
			LoadAssemblies (76ms)
			RebuildTransferFunctionScriptingTraits (0ms)
			SetupTypeCache (272ms)
			ReleaseScriptCaches (1ms)
			RebuildScriptCaches (59ms)
			SetupLoadedEditorAssemblies (559ms)
				LogAssemblyErrors (0ms)
				InitializePlatformSupportModulesInManaged (4ms)
				SetLoadedEditorAssemblies (0ms)
				RefreshPlugins (1ms)
				BeforeProcessingInitializeOnLoad (82ms)
				ProcessInitializeOnLoadAttributes (361ms)
				ProcessInitializeOnLoadMethodAttributes (108ms)
				AfterProcessingInitializeOnLoad (2ms)
				EditorAssembliesLoaded (0ms)
			ExecutionOrderSort2 (0ms)
			AwakeInstancesAfterBackupRestoration (8ms)
Platform modules already initialized, skipping
========================================================================
Worker process is ready to serve import requests
Launched and connected shader compiler UnityShaderCompiler.exe after 0.05 seconds
Refreshing native plugins compatible for Editor in 1.23 ms, found 3 plugins.
Preloading 0 native plugins for Editor in 0.00 ms.
Unloading 4263 Unused Serialized files (Serialized files now loaded: 0)
Unloading 28 unused Assets / (66.6 MB). Loaded Objects now: 4770.
Memory consumption went from 376.1 MB to 309.5 MB.
Total: 6.917600 ms (FindLiveObjects: 0.371500 ms CreateObjectMapping: 0.143300 ms MarkObjects: 3.123200 ms  DeleteObjects: 3.278500 ms)

AssetImportParameters requested are different than current active one (requested -> active):
  custom:video-decoder-ogg-theora: a1e56fd34408186e4bbccfd4996cb3dc -> 
  custom:container-muxer-webm: aa71ff27fc2769a1b78a27578f13a17b -> 
  custom:container-demuxer-webm: 4f35f7cbe854078d1ac9338744f61a02 -> 
  custom:video-encoder-webm-vp8: eb34c28f22e8b96e1ab97ce403110664 -> 
  custom:video-codec-MediaFoundation-h265: 746d11721c4dcdbdad8f713fa42b33f4 -> 
  custom:audio-encoder-webm-vorbis: bf7c407c2cedff20999df2af8eb42d56 -> 
  custom:framework-win-MediaFoundation: 216162199b28c13a410421893ffa2e32 -> 
  custom:container-demuxer-ogg: 62fdf1f143b41e24485cea50d1cbac27 -> 
  custom:video-decoder-webm-vp8: 9c59270c3fd7afecdb556c50c9e8de78 -> 
  custom:audio-decoder-ogg-vorbis: bf7c407c2cedff20999df2af8eb42d56 -> 
========================================================================
Received Import Request.
  Time since last request: 177472.203639 seconds.
  path: Assets/Packages/AdvancedPeopleSystem2/Models/CivilFemale/female@idle.fbx
  artifactKey: Guid(0d424135145ed7b4ea182492206084c6) Importer(815301076,1909f56bfc062723c751e8b465ee728b)
Start importing Assets/Packages/AdvancedPeopleSystem2/Models/CivilFemale/female@idle.fbx using Guid(0d424135145ed7b4ea182492206084c6) Importer(815301076,1909f56bfc062723c751e8b465ee728b)  -> (artifact id: 'c4925fe9334dfec534b8f34a95d9008c') in 0.403575 seconds 
========================================================================
Received Import Request.
  Time since last request: 0.000047 seconds.
  path: Assets/Source/Animations/Wizard/Dwarf Idle.fbx
  artifactKey: Guid(0ca0893e3bd9009479fed17dfd8e6f36) Importer(815301076,1909f56bfc062723c751e8b465ee728b)
Start importing Assets/Source/Animations/Wizard/Dwarf Idle.fbx using Guid(0ca0893e3bd9009479fed17dfd8e6f36) Importer(815301076,1909f56bfc062723c751e8b465ee728b)  -> (artifact id: '85e712b5a4700de0110cfae7d5a279fd') in 0.013007 seconds 
========================================================================
Received Import Request.
  Time since last request: 0.000060 seconds.
  path: Assets/Packages/AdvancedPeopleSystem2/Models/CivilMale/male@idle.fbx
  artifactKey: Guid(7a1a4f4a8d8034d478139b1de62cf682) Importer(815301076,1909f56bfc062723c751e8b465ee728b)
Start importing Assets/Packages/AdvancedPeopleSystem2/Models/CivilMale/male@idle.fbx using Guid(7a1a4f4a8d8034d478139b1de62cf682) Importer(815301076,1909f56bfc062723c751e8b465ee728b)  -> (artifact id: 'b43f2ba9783a2cc003813d7edf55b61d') in 0.141096 seconds 
========================================================================
Received Import Request.
  Time since last request: 0.000034 seconds.
  path: Assets/Source/Animations/Wizard/Standing Melee Attack Horizontal.fbx
  artifactKey: Guid(3523b28fa0b8b144896fee417cb689f3) Importer(815301076,1909f56bfc062723c751e8b465ee728b)
Start importing Assets/Source/Animations/Wizard/Standing Melee Attack Horizontal.fbx using Guid(3523b28fa0b8b144896fee417cb689f3) Importer(815301076,1909f56bfc062723c751e8b465ee728b)  -> (artifact id: '094d7b3b84d6ff58a0568ef4a2e48d4d') in 0.012560 seconds 
========================================================================
Received Import Request.
  Time since last request: 0.000027 seconds.
  path: Assets/Source/Animations/Wizard/Flying Back Death.fbx
  artifactKey: Guid(78eaa3479e5078246ad996e91b0e204b) Importer(815301076,1909f56bfc062723c751e8b465ee728b)
Start importing Assets/Source/Animations/Wizard/Flying Back Death.fbx using Guid(78eaa3479e5078246ad996e91b0e204b) Importer(815301076,1909f56bfc062723c751e8b465ee728b)  -> (artifact id: '0c2615c04c622d02be181ab1690d0782') in 0.012153 seconds 
========================================================================
Received Import Request.
  Time since last request: 59.061354 seconds.
  path: Assets/Packages/Epic Toon FX/Prefabs/Misc/MusicalNoteExplosion.prefab
  artifactKey: Guid(ed6b8128683f4094f92b7a556760b26b) Importer(815301076,1909f56bfc062723c751e8b465ee728b)
Start importing Assets/Packages/Epic Toon FX/Prefabs/Misc/MusicalNoteExplosion.prefab using Guid(ed6b8128683f4094f92b7a556760b26b) Importer(815301076,1909f56bfc062723c751e8b465ee728b)  -> (artifact id: '828d6e12174a3447982588fbf62737aa') in 0.027699 seconds 
========================================================================
Received Import Request.
  Time since last request: 0.000039 seconds.
  path: Assets/Packages/Epic Toon FX/Prefabs/Misc/Plexus.prefab
  artifactKey: Guid(beb57d582b696b645928b556533430b2) Importer(815301076,1909f56bfc062723c751e8b465ee728b)
Start importing Assets/Packages/Epic Toon FX/Prefabs/Misc/Plexus.prefab using Guid(beb57d582b696b645928b556533430b2) Importer(815301076,1909f56bfc062723c751e8b465ee728b)  -> (artifact id: '766c45620c5811e02ffcd312a5c7994c') in 0.015551 seconds 
========================================================================
Received Import Request.
  Time since last request: 0.000058 seconds.
  path: Assets/Packages/Epic Toon FX/Prefabs/Misc/TypingMessageLight.prefab
  artifactKey: Guid(d99c8456d28dde44fa44a87e0bfbef3b) Importer(815301076,1909f56bfc062723c751e8b465ee728b)
Start importing Assets/Packages/Epic Toon FX/Prefabs/Misc/TypingMessageLight.prefab using Guid(d99c8456d28dde44fa44a87e0bfbef3b) Importer(815301076,1909f56bfc062723c751e8b465ee728b)  -> (artifact id: 'e8857529ad12e1dd9c6bbbe3095cde02') in 0.019744 seconds 
========================================================================
Received Import Request.
  Time since last request: 13.179292 seconds.
  path: Assets/Packages/Epic Toon FX/Prefabs/Interactive/Money/Coins/GoldCoinFountain.prefab
  artifactKey: Guid(5a3799b600abe864c951d14b93a92752) Importer(815301076,1909f56bfc062723c751e8b465ee728b)
Start importing Assets/Packages/Epic Toon FX/Prefabs/Interactive/Money/Coins/GoldCoinFountain.prefab using Guid(5a3799b600abe864c951d14b93a92752) Importer(815301076,1909f56bfc062723c751e8b465ee728b)  -> (artifact id: 'e18b61a46998cc39354442dcd569ef0b') in 0.012703 seconds 
========================================================================
Received Import Request.
  Time since last request: 0.000027 seconds.
  path: Assets/Packages/Epic Toon FX/Prefabs/Interactive/Money/Coins/SilverCoinBlast.prefab
  artifactKey: Guid(4d66c00407d4c964bac5acc674375fdb) Importer(815301076,1909f56bfc062723c751e8b465ee728b)
Start importing Assets/Packages/Epic Toon FX/Prefabs/Interactive/Money/Coins/SilverCoinBlast.prefab using Guid(4d66c00407d4c964bac5acc674375fdb) Importer(815301076,1909f56bfc062723c751e8b465ee728b)  -> (artifact id: 'a9b3055434101e7bfdef5608b7e8313c') in 0.021404 seconds 
========================================================================
Received Import Request.
  Time since last request: 0.000037 seconds.
  path: Assets/Packages/Epic Toon FX/Prefabs/Interactive/Money/Coins/SilverCoinShower.prefab
  artifactKey: Guid(e4968c01b672c784d85abe3c0bdaa626) Importer(815301076,1909f56bfc062723c751e8b465ee728b)
Start importing Assets/Packages/Epic Toon FX/Prefabs/Interactive/Money/Coins/SilverCoinShower.prefab using Guid(e4968c01b672c784d85abe3c0bdaa626) Importer(815301076,1909f56bfc062723c751e8b465ee728b)  -> (artifact id: 'd157cf86affc027b24a0d23651bddf74') in 0.013385 seconds 
========================================================================
Received Import Request.
  Time since last request: 43.877808 seconds.
  path: Assets/Packages/Epic Toon FX/Prefabs/Interactive/Money/Coins/GoldCoinDirectional.prefab
  artifactKey: Guid(a79f8048fa75d6c449d730e96bb836fa) Importer(815301076,1909f56bfc062723c751e8b465ee728b)
Start importing Assets/Packages/Epic Toon FX/Prefabs/Interactive/Money/Coins/GoldCoinDirectional.prefab using Guid(a79f8048fa75d6c449d730e96bb836fa) Importer(815301076,1909f56bfc062723c751e8b465ee728b)  -> (artifact id: '3296abd0838a10c615d75a777b22865b') in 0.020033 seconds 
========================================================================
Received Import Request.
  Time since last request: 0.000033 seconds.
  path: Assets/Packages/Epic Toon FX/Prefabs/Interactive/Money/Coins/SilverCoinDirectional.prefab
  artifactKey: Guid(01b0c74abca6bec46a256d1cfca7dafb) Importer(815301076,1909f56bfc062723c751e8b465ee728b)
Start importing Assets/Packages/Epic Toon FX/Prefabs/Interactive/Money/Coins/SilverCoinDirectional.prefab using Guid(01b0c74abca6bec46a256d1cfca7dafb) Importer(815301076,1909f56bfc062723c751e8b465ee728b)  -> (artifact id: '2291549d81a3185672460823055f208a') in 0.017136 seconds 
========================================================================
Received Import Request.
  Time since last request: 0.000042 seconds.
  path: Assets/Packages/Epic Toon FX/Prefabs/Interactive/Money/Coins/GoldCoinFountain.prefab
  artifactKey: Guid(5a3799b600abe864c951d14b93a92752) Importer(815301076,1909f56bfc062723c751e8b465ee728b)
Start importing Assets/Packages/Epic Toon FX/Prefabs/Interactive/Money/Coins/GoldCoinFountain.prefab using Guid(5a3799b600abe864c951d14b93a92752) Importer(815301076,1909f56bfc062723c751e8b465ee728b)  -> (artifact id: '7ec561a65c0340b4453be32ebc8d4198') in 0.012351 seconds 
Editor requested this worker to shutdown with reason: Scaling down because of idle timeout
AssetImportWorker is now disconnected from the server
Process exiting
Exiting without the bug reporter. Application will terminate with return code 0